[ 2018-09-13T01:14:45+00:00 ] 127.0.0.1 127.0.0.1 GET /
[ log ] www.k.com/ [运行时间：0.054003s][吞吐率：18.52req/s] [内存消耗：213.28kb] [文件加载：11]
array (
  0 => 'D:\\wamp\\www\\y2\\index.php',
  1 => 'D:\\wamp\\www\\y2\\core\\Autoload.php',
  2 => 'D:\\wamp\\www\\y2\\core\\Common.php',
  3 => 'D:\\wamp\\www\\y2\\core\\Kite.php',
  4 => 'D:\\wamp\\www\\y2\\core\\Route.php',
  5 => 'D:\\wamp\\www\\y2\\Config.php',
  6 => 'D:\\wamp\\www\\y2\\project\\home\\index.php',
  7 => 'D:\\wamp\\www\\y2\\core\\Template.php',
  8 => 'D:\\wamp\\www\\y2\\core\\Db.php',
  9 => 'D:\\wamp\\www\\y2\\core\\Log.php',
  10 => 'D:\\wamp\\www\\y2\\runtime\\cache\\6a992d5529f459a44fee58c733255e86.php',
)
[ sql ] [ EXPLAIN : array (
  'id' => 1,
  'select_type' => 'SIMPLE',
  'table' => 'k_article',
  'partitions' => NULL,
  'type' => 'system',
  'possible_keys' => NULL,
  'key' => NULL,
  'key_len' => NULL,
  'ref' => NULL,
  'rows' => 1,
  'filtered' => 100,
  'extra' => NULL,
) ]

---------------------------------------------------------------
[ 2018-09-13T01:14:46+00:00 ] 127.0.0.1 127.0.0.1 GET /twitter.html
[ log ] www.k.com/twitter.html [运行时间：0.004000s][吞吐率：250.00req/s] [内存消耗：118.41kb] [文件加载：10]
array (
  0 => 'D:\\wamp\\www\\y2\\index.php',
  1 => 'D:\\wamp\\www\\y2\\core\\Autoload.php',
  2 => 'D:\\wamp\\www\\y2\\core\\Common.php',
  3 => 'D:\\wamp\\www\\y2\\core\\Kite.php',
  4 => 'D:\\wamp\\www\\y2\\core\\Route.php',
  5 => 'D:\\wamp\\www\\y2\\Config.php',
  6 => 'D:\\wamp\\www\\y2\\project\\home\\error.php',
  7 => 'D:\\wamp\\www\\y2\\core\\Template.php',
  8 => 'D:\\wamp\\www\\y2\\runtime\\cache\\cb5e100e5a9a3e7f6d1fd97512215282.php',
  9 => 'D:\\wamp\\www\\y2\\core\\Log.php',
)

---------------------------------------------------------------
[ 2018-09-13T01:15:37+00:00 ] 127.0.0.1 127.0.0.1 GET /facts.html
[ log ] www.k.com/facts.html [运行时间：0.004000s][吞吐率：250.00req/s] [内存消耗：118.39kb] [文件加载：10]
array (
  0 => 'D:\\wamp\\www\\y2\\index.php',
  1 => 'D:\\wamp\\www\\y2\\core\\Autoload.php',
  2 => 'D:\\wamp\\www\\y2\\core\\Common.php',
  3 => 'D:\\wamp\\www\\y2\\core\\Kite.php',
  4 => 'D:\\wamp\\www\\y2\\core\\Route.php',
  5 => 'D:\\wamp\\www\\y2\\Config.php',
  6 => 'D:\\wamp\\www\\y2\\project\\home\\error.php',
  7 => 'D:\\wamp\\www\\y2\\core\\Template.php',
  8 => 'D:\\wamp\\www\\y2\\runtime\\cache\\cb5e100e5a9a3e7f6d1fd97512215282.php',
  9 => 'D:\\wamp\\www\\y2\\core\\Log.php',
)

---------------------------------------------------------------
[ 2018-09-13T07:16:14+00:00 ] 127.0.0.1 127.0.0.1 GET /
[ log ] www.k.com/ [运行时间：0.149009s][吞吐率：6.71req/s] [内存消耗：213.30kb] [文件加载：11]
array (
  0 => 'D:\\wamp\\www\\y2\\index.php',
  1 => 'D:\\wamp\\www\\y2\\core\\Autoload.php',
  2 => 'D:\\wamp\\www\\y2\\core\\Common.php',
  3 => 'D:\\wamp\\www\\y2\\core\\Kite.php',
  4 => 'D:\\wamp\\www\\y2\\core\\Route.php',
  5 => 'D:\\wamp\\www\\y2\\Config.php',
  6 => 'D:\\wamp\\www\\y2\\project\\home\\index.php',
  7 => 'D:\\wamp\\www\\y2\\core\\Template.php',
  8 => 'D:\\wamp\\www\\y2\\core\\Db.php',
  9 => 'D:\\wamp\\www\\y2\\core\\Log.php',
  10 => 'D:\\wamp\\www\\y2\\runtime\\cache\\6a992d5529f459a44fee58c733255e86.php',
)
[ sql ] [ EXPLAIN : array (
  'id' => 1,
  'select_type' => 'SIMPLE',
  'table' => 'k_article',
  'partitions' => NULL,
  'type' => 'system',
  'possible_keys' => NULL,
  'key' => NULL,
  'key_len' => NULL,
  'ref' => NULL,
  'rows' => 1,
  'filtered' => 100,
  'extra' => NULL,
) ]

---------------------------------------------------------------
[ 2018-09-13T07:16:14+00:00 ] 127.0.0.1 127.0.0.1 GET /twitter.html
[ log ] www.k.com/twitter.html [运行时间：0.006000s][吞吐率：166.67req/s] [内存消耗：118.41kb] [文件加载：10]
array (
  0 => 'D:\\wamp\\www\\y2\\index.php',
  1 => 'D:\\wamp\\www\\y2\\core\\Autoload.php',
  2 => 'D:\\wamp\\www\\y2\\core\\Common.php',
  3 => 'D:\\wamp\\www\\y2\\core\\Kite.php',
  4 => 'D:\\wamp\\www\\y2\\core\\Route.php',
  5 => 'D:\\wamp\\www\\y2\\Config.php',
  6 => 'D:\\wamp\\www\\y2\\project\\home\\error.php',
  7 => 'D:\\wamp\\www\\y2\\core\\Template.php',
  8 => 'D:\\wamp\\www\\y2\\runtime\\cache\\cb5e100e5a9a3e7f6d1fd97512215282.php',
  9 => 'D:\\wamp\\www\\y2\\core\\Log.php',
)

---------------------------------------------------------------
[ 2018-09-13T07:16:18+00:00 ] 127.0.0.1 127.0.0.1 GET /admin
[ log ] www.k.com/admin [运行时间：0.183010s][吞吐率：5.46req/s] [内存消耗：189.80kb] [文件加载：12]
array (
  0 => 'D:\\wamp\\www\\y2\\index.php',
  1 => 'D:\\wamp\\www\\y2\\core\\Autoload.php',
  2 => 'D:\\wamp\\www\\y2\\core\\Common.php',
  3 => 'D:\\wamp\\www\\y2\\core\\Kite.php',
  4 => 'D:\\wamp\\www\\y2\\core\\Route.php',
  5 => 'D:\\wamp\\www\\y2\\Config.php',
  6 => 'D:\\wamp\\www\\y2\\project\\admin\\index.php',
  7 => 'D:\\wamp\\www\\y2\\project\\admin\\common.php',
  8 => 'D:\\wamp\\www\\y2\\core\\Template.php',
  9 => 'D:\\wamp\\www\\y2\\core\\Db.php',
  10 => 'D:\\wamp\\www\\y2\\core\\Log.php',
  11 => 'D:\\wamp\\www\\y2\\runtime\\cache\\6a992d5529f459a44fee58c733255e86.php',
)
[ sql ] [ EXPLAIN : array (
  'id' => 1,
  'select_type' => 'SIMPLE',
  'table' => 'k_account',
  'partitions' => NULL,
  'type' => 'system',
  'possible_keys' => NULL,
  'key' => NULL,
  'key_len' => NULL,
  'ref' => NULL,
  'rows' => 1,
  'filtered' => 100,
  'extra' => NULL,
) ]

---------------------------------------------------------------
[ 2018-09-13T07:21:05+00:00 ] 127.0.0.1 127.0.0.1 POST /x/website/api.php
[ log ] www.k.com/x/website/api.php [运行时间：0.005001s][吞吐率：199.97req/s] [内存消耗：115.67kb] [文件加载：10]
array (
  0 => 'D:\\wamp\\www\\y2\\index.php',
  1 => 'D:\\wamp\\www\\y2\\core\\Autoload.php',
  2 => 'D:\\wamp\\www\\y2\\core\\Common.php',
  3 => 'D:\\wamp\\www\\y2\\core\\Kite.php',
  4 => 'D:\\wamp\\www\\y2\\core\\Route.php',
  5 => 'D:\\wamp\\www\\y2\\Config.php',
  6 => 'D:\\wamp\\www\\y2\\project\\home\\error.php',
  7 => 'D:\\wamp\\www\\y2\\core\\Template.php',
  8 => 'D:\\wamp\\www\\y2\\runtime\\cache\\cb5e100e5a9a3e7f6d1fd97512215282.php',
  9 => 'D:\\wamp\\www\\y2\\core\\Log.php',
)

---------------------------------------------------------------
[ 2018-09-13T07:21:10+00:00 ] 127.0.0.1 127.0.0.1 GET /admin
[ log ] www.k.com/admin [运行时间：0.012001s][吞吐率：83.33req/s] [内存消耗：189.79kb] [文件加载：12]
array (
  0 => 'D:\\wamp\\www\\y2\\index.php',
  1 => 'D:\\wamp\\www\\y2\\core\\Autoload.php',
  2 => 'D:\\wamp\\www\\y2\\core\\Common.php',
  3 => 'D:\\wamp\\www\\y2\\core\\Kite.php',
  4 => 'D:\\wamp\\www\\y2\\core\\Route.php',
  5 => 'D:\\wamp\\www\\y2\\Config.php',
  6 => 'D:\\wamp\\www\\y2\\project\\admin\\index.php',
  7 => 'D:\\wamp\\www\\y2\\project\\admin\\common.php',
  8 => 'D:\\wamp\\www\\y2\\core\\Template.php',
  9 => 'D:\\wamp\\www\\y2\\core\\Db.php',
  10 => 'D:\\wamp\\www\\y2\\core\\Log.php',
  11 => 'D:\\wamp\\www\\y2\\runtime\\cache\\6a992d5529f459a44fee58c733255e86.php',
)
[ sql ] [ EXPLAIN : array (
  'id' => 1,
  'select_type' => 'SIMPLE',
  'table' => 'k_account',
  'partitions' => NULL,
  'type' => 'system',
  'possible_keys' => NULL,
  'key' => NULL,
  'key_len' => NULL,
  'ref' => NULL,
  'rows' => 1,
  'filtered' => 100,
  'extra' => NULL,
) ]

---------------------------------------------------------------
[ 2018-09-13T07:21:31+00:00 ] 127.0.0.1 127.0.0.1 POST /x/website/api.php
[ log ] www.k.com/x/website/api.php [运行时间：0.004000s][吞吐率：250.00req/s] [内存消耗：115.67kb] [文件加载：10]
array (
  0 => 'D:\\wamp\\www\\y2\\index.php',
  1 => 'D:\\wamp\\www\\y2\\core\\Autoload.php',
  2 => 'D:\\wamp\\www\\y2\\core\\Common.php',
  3 => 'D:\\wamp\\www\\y2\\core\\Kite.php',
  4 => 'D:\\wamp\\www\\y2\\core\\Route.php',
  5 => 'D:\\wamp\\www\\y2\\Config.php',
  6 => 'D:\\wamp\\www\\y2\\project\\home\\error.php',
  7 => 'D:\\wamp\\www\\y2\\core\\Template.php',
  8 => 'D:\\wamp\\www\\y2\\runtime\\cache\\cb5e100e5a9a3e7f6d1fd97512215282.php',
  9 => 'D:\\wamp\\www\\y2\\core\\Log.php',
)

---------------------------------------------------------------
[ 2018-09-13T07:23:45+00:00 ] 127.0.0.1 127.0.0.1 GET /admin
[ log ] www.k.com/admin [运行时间：0.025001s][吞吐率：40.00req/s] [内存消耗：189.79kb] [文件加载：12]
array (
  0 => 'D:\\wamp\\www\\y2\\index.php',
  1 => 'D:\\wamp\\www\\y2\\core\\Autoload.php',
  2 => 'D:\\wamp\\www\\y2\\core\\Common.php',
  3 => 'D:\\wamp\\www\\y2\\core\\Kite.php',
  4 => 'D:\\wamp\\www\\y2\\core\\Route.php',
  5 => 'D:\\wamp\\www\\y2\\Config.php',
  6 => 'D:\\wamp\\www\\y2\\project\\admin\\index.php',
  7 => 'D:\\wamp\\www\\y2\\project\\admin\\common.php',
  8 => 'D:\\wamp\\www\\y2\\core\\Template.php',
  9 => 'D:\\wamp\\www\\y2\\core\\Db.php',
  10 => 'D:\\wamp\\www\\y2\\core\\Log.php',
  11 => 'D:\\wamp\\www\\y2\\runtime\\cache\\6a992d5529f459a44fee58c733255e86.php',
)
[ sql ] [ EXPLAIN : array (
  'id' => 1,
  'select_type' => 'SIMPLE',
  'table' => 'k_account',
  'partitions' => NULL,
  'type' => 'system',
  'possible_keys' => NULL,
  'key' => NULL,
  'key_len' => NULL,
  'ref' => NULL,
  'rows' => 1,
  'filtered' => 100,
  'extra' => NULL,
) ]

---------------------------------------------------------------
[ 2018-09-13T07:23:54+00:00 ] 127.0.0.1 127.0.0.1 POST /x/website/api.php
[ log ] www.k.com/x/website/api.php [运行时间：0.003000s][吞吐率：333.33req/s] [内存消耗：115.69kb] [文件加载：10]
array (
  0 => 'D:\\wamp\\www\\y2\\index.php',
  1 => 'D:\\wamp\\www\\y2\\core\\Autoload.php',
  2 => 'D:\\wamp\\www\\y2\\core\\Common.php',
  3 => 'D:\\wamp\\www\\y2\\core\\Kite.php',
  4 => 'D:\\wamp\\www\\y2\\core\\Route.php',
  5 => 'D:\\wamp\\www\\y2\\Config.php',
  6 => 'D:\\wamp\\www\\y2\\project\\home\\error.php',
  7 => 'D:\\wamp\\www\\y2\\core\\Template.php',
  8 => 'D:\\wamp\\www\\y2\\runtime\\cache\\cb5e100e5a9a3e7f6d1fd97512215282.php',
  9 => 'D:\\wamp\\www\\y2\\core\\Log.php',
)

---------------------------------------------------------------
