[ 2018-09-15T01:27:28+00:00 ] 127.0.0.1 127.0.0.1 GET /
[ log ] www.k.com/ [运行时间：0.008000s][吞吐率：125.00req/s] [内存消耗：122.34kb] [文件加载：10]
array (
  0 => 'D:\\wamp\\www\\websit2\\index.php',
  1 => 'D:\\wamp\\www\\websit2\\core\\Autoload.php',
  2 => 'D:\\wamp\\www\\websit2\\core\\Common.php',
  3 => 'D:\\wamp\\www\\websit2\\core\\Kite.php',
  4 => 'D:\\wamp\\www\\websit2\\core\\Route.php',
  5 => 'D:\\wamp\\www\\websit2\\Config.php',
  6 => 'D:\\wamp\\www\\websit2\\project\\home\\index.php',
  7 => 'D:\\wamp\\www\\websit2\\core\\Template.php',
  8 => 'D:\\wamp\\www\\websit2\\runtime\\cache\\6a992d5529f459a44fee58c733255e86.php',
  9 => 'D:\\wamp\\www\\websit2\\core\\Log.php',
)

---------------------------------------------------------------
[ 2018-09-15T01:27:32+00:00 ] 127.0.0.1 127.0.0.1 GET /
[ log ] www.k.com/ [运行时间：0.002000s][吞吐率：499.98req/s] [内存消耗：122.35kb] [文件加载：10]
array (
  0 => 'D:\\wamp\\www\\websit2\\index.php',
  1 => 'D:\\wamp\\www\\websit2\\core\\Autoload.php',
  2 => 'D:\\wamp\\www\\websit2\\core\\Common.php',
  3 => 'D:\\wamp\\www\\websit2\\core\\Kite.php',
  4 => 'D:\\wamp\\www\\websit2\\core\\Route.php',
  5 => 'D:\\wamp\\www\\websit2\\Config.php',
  6 => 'D:\\wamp\\www\\websit2\\project\\home\\index.php',
  7 => 'D:\\wamp\\www\\websit2\\core\\Template.php',
  8 => 'D:\\wamp\\www\\websit2\\runtime\\cache\\6a992d5529f459a44fee58c733255e86.php',
  9 => 'D:\\wamp\\www\\websit2\\core\\Log.php',
)

---------------------------------------------------------------
[ 2018-09-15T01:27:33+00:00 ] 127.0.0.1 127.0.0.1 GET /
[ log ] www.k.com/ [运行时间：0.005001s][吞吐率：199.97req/s] [内存消耗：122.35kb] [文件加载：10]
array (
  0 => 'D:\\wamp\\www\\websit2\\index.php',
  1 => 'D:\\wamp\\www\\websit2\\core\\Autoload.php',
  2 => 'D:\\wamp\\www\\websit2\\core\\Common.php',
  3 => 'D:\\wamp\\www\\websit2\\core\\Kite.php',
  4 => 'D:\\wamp\\www\\websit2\\core\\Route.php',
  5 => 'D:\\wamp\\www\\websit2\\Config.php',
  6 => 'D:\\wamp\\www\\websit2\\project\\home\\index.php',
  7 => 'D:\\wamp\\www\\websit2\\core\\Template.php',
  8 => 'D:\\wamp\\www\\websit2\\runtime\\cache\\6a992d5529f459a44fee58c733255e86.php',
  9 => 'D:\\wamp\\www\\websit2\\core\\Log.php',
)

---------------------------------------------------------------
[ 2018-09-15T01:27:40+00:00 ] 127.0.0.1 127.0.0.1 GET /
[ log ] www.k.com/ [运行时间：0.004000s][吞吐率：250.00req/s] [内存消耗：122.35kb] [文件加载：10]
array (
  0 => 'D:\\wamp\\www\\websit2\\index.php',
  1 => 'D:\\wamp\\www\\websit2\\core\\Autoload.php',
  2 => 'D:\\wamp\\www\\websit2\\core\\Common.php',
  3 => 'D:\\wamp\\www\\websit2\\core\\Kite.php',
  4 => 'D:\\wamp\\www\\websit2\\core\\Route.php',
  5 => 'D:\\wamp\\www\\websit2\\Config.php',
  6 => 'D:\\wamp\\www\\websit2\\project\\home\\index.php',
  7 => 'D:\\wamp\\www\\websit2\\core\\Template.php',
  8 => 'D:\\wamp\\www\\websit2\\runtime\\cache\\6a992d5529f459a44fee58c733255e86.php',
  9 => 'D:\\wamp\\www\\websit2\\core\\Log.php',
)

---------------------------------------------------------------
[ 2018-09-15T01:27:41+00:00 ] 127.0.0.1 127.0.0.1 GET /
[ log ] www.k.com/ [运行时间：0.009000s][吞吐率：111.11req/s] [内存消耗：122.35kb] [文件加载：10]
array (
  0 => 'D:\\wamp\\www\\websit2\\index.php',
  1 => 'D:\\wamp\\www\\websit2\\core\\Autoload.php',
  2 => 'D:\\wamp\\www\\websit2\\core\\Common.php',
  3 => 'D:\\wamp\\www\\websit2\\core\\Kite.php',
  4 => 'D:\\wamp\\www\\websit2\\core\\Route.php',
  5 => 'D:\\wamp\\www\\websit2\\Config.php',
  6 => 'D:\\wamp\\www\\websit2\\project\\home\\index.php',
  7 => 'D:\\wamp\\www\\websit2\\core\\Template.php',
  8 => 'D:\\wamp\\www\\websit2\\runtime\\cache\\6a992d5529f459a44fee58c733255e86.php',
  9 => 'D:\\wamp\\www\\websit2\\core\\Log.php',
)

---------------------------------------------------------------
[ 2018-09-15T01:27:41+00:00 ] 127.0.0.1 127.0.0.1 GET /
[ log ] www.k.com/ [运行时间：0.003000s][吞吐率：333.33req/s] [内存消耗：122.35kb] [文件加载：10]
array (
  0 => 'D:\\wamp\\www\\websit2\\index.php',
  1 => 'D:\\wamp\\www\\websit2\\core\\Autoload.php',
  2 => 'D:\\wamp\\www\\websit2\\core\\Common.php',
  3 => 'D:\\wamp\\www\\websit2\\core\\Kite.php',
  4 => 'D:\\wamp\\www\\websit2\\core\\Route.php',
  5 => 'D:\\wamp\\www\\websit2\\Config.php',
  6 => 'D:\\wamp\\www\\websit2\\project\\home\\index.php',
  7 => 'D:\\wamp\\www\\websit2\\core\\Template.php',
  8 => 'D:\\wamp\\www\\websit2\\runtime\\cache\\6a992d5529f459a44fee58c733255e86.php',
  9 => 'D:\\wamp\\www\\websit2\\core\\Log.php',
)

---------------------------------------------------------------
[ 2018-09-15T01:27:41+00:00 ] 127.0.0.1 127.0.0.1 GET /
[ log ] www.k.com/ [运行时间：0.004000s][吞吐率：250.00req/s] [内存消耗：122.35kb] [文件加载：10]
array (
  0 => 'D:\\wamp\\www\\websit2\\index.php',
  1 => 'D:\\wamp\\www\\websit2\\core\\Autoload.php',
  2 => 'D:\\wamp\\www\\websit2\\core\\Common.php',
  3 => 'D:\\wamp\\www\\websit2\\core\\Kite.php',
  4 => 'D:\\wamp\\www\\websit2\\core\\Route.php',
  5 => 'D:\\wamp\\www\\websit2\\Config.php',
  6 => 'D:\\wamp\\www\\websit2\\project\\home\\index.php',
  7 => 'D:\\wamp\\www\\websit2\\core\\Template.php',
  8 => 'D:\\wamp\\www\\websit2\\runtime\\cache\\6a992d5529f459a44fee58c733255e86.php',
  9 => 'D:\\wamp\\www\\websit2\\core\\Log.php',
)

---------------------------------------------------------------
[ 2018-09-15T01:27:42+00:00 ] 127.0.0.1 127.0.0.1 GET /
[ log ] www.k.com/ [运行时间：0.006000s][吞吐率：166.67req/s] [内存消耗：122.35kb] [文件加载：10]
array (
  0 => 'D:\\wamp\\www\\websit2\\index.php',
  1 => 'D:\\wamp\\www\\websit2\\core\\Autoload.php',
  2 => 'D:\\wamp\\www\\websit2\\core\\Common.php',
  3 => 'D:\\wamp\\www\\websit2\\core\\Kite.php',
  4 => 'D:\\wamp\\www\\websit2\\core\\Route.php',
  5 => 'D:\\wamp\\www\\websit2\\Config.php',
  6 => 'D:\\wamp\\www\\websit2\\project\\home\\index.php',
  7 => 'D:\\wamp\\www\\websit2\\core\\Template.php',
  8 => 'D:\\wamp\\www\\websit2\\runtime\\cache\\6a992d5529f459a44fee58c733255e86.php',
  9 => 'D:\\wamp\\www\\websit2\\core\\Log.php',
)

---------------------------------------------------------------
[ 2018-09-15T01:27:42+00:00 ] 127.0.0.1 127.0.0.1 GET /
[ log ] www.k.com/ [运行时间：0.010001s][吞吐率：99.99req/s] [内存消耗：122.35kb] [文件加载：10]
array (
  0 => 'D:\\wamp\\www\\websit2\\index.php',
  1 => 'D:\\wamp\\www\\websit2\\core\\Autoload.php',
  2 => 'D:\\wamp\\www\\websit2\\core\\Common.php',
  3 => 'D:\\wamp\\www\\websit2\\core\\Kite.php',
  4 => 'D:\\wamp\\www\\websit2\\core\\Route.php',
  5 => 'D:\\wamp\\www\\websit2\\Config.php',
  6 => 'D:\\wamp\\www\\websit2\\project\\home\\index.php',
  7 => 'D:\\wamp\\www\\websit2\\core\\Template.php',
  8 => 'D:\\wamp\\www\\websit2\\runtime\\cache\\6a992d5529f459a44fee58c733255e86.php',
  9 => 'D:\\wamp\\www\\websit2\\core\\Log.php',
)

---------------------------------------------------------------
[ 2018-09-15T01:27:42+00:00 ] 127.0.0.1 127.0.0.1 GET /
[ log ] www.k.com/ [运行时间：0.003000s][吞吐率：333.33req/s] [内存消耗：122.35kb] [文件加载：10]
array (
  0 => 'D:\\wamp\\www\\websit2\\index.php',
  1 => 'D:\\wamp\\www\\websit2\\core\\Autoload.php',
  2 => 'D:\\wamp\\www\\websit2\\core\\Common.php',
  3 => 'D:\\wamp\\www\\websit2\\core\\Kite.php',
  4 => 'D:\\wamp\\www\\websit2\\core\\Route.php',
  5 => 'D:\\wamp\\www\\websit2\\Config.php',
  6 => 'D:\\wamp\\www\\websit2\\project\\home\\index.php',
  7 => 'D:\\wamp\\www\\websit2\\core\\Template.php',
  8 => 'D:\\wamp\\www\\websit2\\runtime\\cache\\6a992d5529f459a44fee58c733255e86.php',
  9 => 'D:\\wamp\\www\\websit2\\core\\Log.php',
)

---------------------------------------------------------------
[ 2018-09-15T01:27:45+00:00 ] 127.0.0.1 127.0.0.1 GET /
[ log ] www.k.com/ [运行时间：0.007001s][吞吐率：142.84req/s] [内存消耗：122.35kb] [文件加载：10]
array (
  0 => 'D:\\wamp\\www\\websit2\\index.php',
  1 => 'D:\\wamp\\www\\websit2\\core\\Autoload.php',
  2 => 'D:\\wamp\\www\\websit2\\core\\Common.php',
  3 => 'D:\\wamp\\www\\websit2\\core\\Kite.php',
  4 => 'D:\\wamp\\www\\websit2\\core\\Route.php',
  5 => 'D:\\wamp\\www\\websit2\\Config.php',
  6 => 'D:\\wamp\\www\\websit2\\project\\home\\index.php',
  7 => 'D:\\wamp\\www\\websit2\\core\\Template.php',
  8 => 'D:\\wamp\\www\\websit2\\runtime\\cache\\6a992d5529f459a44fee58c733255e86.php',
  9 => 'D:\\wamp\\www\\websit2\\core\\Log.php',
)

---------------------------------------------------------------
[ 2018-09-15T01:27:46+00:00 ] 127.0.0.1 127.0.0.1 GET /
[ log ] www.k.com/ [运行时间：0.003000s][吞吐率：333.36req/s] [内存消耗：122.35kb] [文件加载：10]
array (
  0 => 'D:\\wamp\\www\\websit2\\index.php',
  1 => 'D:\\wamp\\www\\websit2\\core\\Autoload.php',
  2 => 'D:\\wamp\\www\\websit2\\core\\Common.php',
  3 => 'D:\\wamp\\www\\websit2\\core\\Kite.php',
  4 => 'D:\\wamp\\www\\websit2\\core\\Route.php',
  5 => 'D:\\wamp\\www\\websit2\\Config.php',
  6 => 'D:\\wamp\\www\\websit2\\project\\home\\index.php',
  7 => 'D:\\wamp\\www\\websit2\\core\\Template.php',
  8 => 'D:\\wamp\\www\\websit2\\runtime\\cache\\6a992d5529f459a44fee58c733255e86.php',
  9 => 'D:\\wamp\\www\\websit2\\core\\Log.php',
)

---------------------------------------------------------------
[ 2018-09-15T01:27:46+00:00 ] 127.0.0.1 127.0.0.1 GET /
[ log ] www.k.com/ [运行时间：0.004001s][吞吐率：249.94req/s] [内存消耗：122.35kb] [文件加载：10]
array (
  0 => 'D:\\wamp\\www\\websit2\\index.php',
  1 => 'D:\\wamp\\www\\websit2\\core\\Autoload.php',
  2 => 'D:\\wamp\\www\\websit2\\core\\Common.php',
  3 => 'D:\\wamp\\www\\websit2\\core\\Kite.php',
  4 => 'D:\\wamp\\www\\websit2\\core\\Route.php',
  5 => 'D:\\wamp\\www\\websit2\\Config.php',
  6 => 'D:\\wamp\\www\\websit2\\project\\home\\index.php',
  7 => 'D:\\wamp\\www\\websit2\\core\\Template.php',
  8 => 'D:\\wamp\\www\\websit2\\runtime\\cache\\6a992d5529f459a44fee58c733255e86.php',
  9 => 'D:\\wamp\\www\\websit2\\core\\Log.php',
)

---------------------------------------------------------------
[ 2018-09-15T01:27:47+00:00 ] 127.0.0.1 127.0.0.1 GET /
[ log ] www.k.com/ [运行时间：0.003001s][吞吐率：333.23req/s] [内存消耗：122.35kb] [文件加载：10]
array (
  0 => 'D:\\wamp\\www\\websit2\\index.php',
  1 => 'D:\\wamp\\www\\websit2\\core\\Autoload.php',
  2 => 'D:\\wamp\\www\\websit2\\core\\Common.php',
  3 => 'D:\\wamp\\www\\websit2\\core\\Kite.php',
  4 => 'D:\\wamp\\www\\websit2\\core\\Route.php',
  5 => 'D:\\wamp\\www\\websit2\\Config.php',
  6 => 'D:\\wamp\\www\\websit2\\project\\home\\index.php',
  7 => 'D:\\wamp\\www\\websit2\\core\\Template.php',
  8 => 'D:\\wamp\\www\\websit2\\runtime\\cache\\6a992d5529f459a44fee58c733255e86.php',
  9 => 'D:\\wamp\\www\\websit2\\core\\Log.php',
)

---------------------------------------------------------------
[ 2018-09-15T01:27:47+00:00 ] 127.0.0.1 127.0.0.1 GET /
[ log ] www.k.com/ [运行时间：0.002000s][吞吐率：499.98req/s] [内存消耗：122.35kb] [文件加载：10]
array (
  0 => 'D:\\wamp\\www\\websit2\\index.php',
  1 => 'D:\\wamp\\www\\websit2\\core\\Autoload.php',
  2 => 'D:\\wamp\\www\\websit2\\core\\Common.php',
  3 => 'D:\\wamp\\www\\websit2\\core\\Kite.php',
  4 => 'D:\\wamp\\www\\websit2\\core\\Route.php',
  5 => 'D:\\wamp\\www\\websit2\\Config.php',
  6 => 'D:\\wamp\\www\\websit2\\project\\home\\index.php',
  7 => 'D:\\wamp\\www\\websit2\\core\\Template.php',
  8 => 'D:\\wamp\\www\\websit2\\runtime\\cache\\6a992d5529f459a44fee58c733255e86.php',
  9 => 'D:\\wamp\\www\\websit2\\core\\Log.php',
)

---------------------------------------------------------------
[ 2018-09-15T01:27:47+00:00 ] 127.0.0.1 127.0.0.1 GET /
[ log ] www.k.com/ [运行时间：0.003000s][吞吐率：333.33req/s] [内存消耗：122.35kb] [文件加载：10]
array (
  0 => 'D:\\wamp\\www\\websit2\\index.php',
  1 => 'D:\\wamp\\www\\websit2\\core\\Autoload.php',
  2 => 'D:\\wamp\\www\\websit2\\core\\Common.php',
  3 => 'D:\\wamp\\www\\websit2\\core\\Kite.php',
  4 => 'D:\\wamp\\www\\websit2\\core\\Route.php',
  5 => 'D:\\wamp\\www\\websit2\\Config.php',
  6 => 'D:\\wamp\\www\\websit2\\project\\home\\index.php',
  7 => 'D:\\wamp\\www\\websit2\\core\\Template.php',
  8 => 'D:\\wamp\\www\\websit2\\runtime\\cache\\6a992d5529f459a44fee58c733255e86.php',
  9 => 'D:\\wamp\\www\\websit2\\core\\Log.php',
)

---------------------------------------------------------------
[ 2018-09-15T01:27:47+00:00 ] 127.0.0.1 127.0.0.1 GET /
[ log ] www.k.com/ [运行时间：0.007000s][吞吐率：142.86req/s] [内存消耗：122.35kb] [文件加载：10]
array (
  0 => 'D:\\wamp\\www\\websit2\\index.php',
  1 => 'D:\\wamp\\www\\websit2\\core\\Autoload.php',
  2 => 'D:\\wamp\\www\\websit2\\core\\Common.php',
  3 => 'D:\\wamp\\www\\websit2\\core\\Kite.php',
  4 => 'D:\\wamp\\www\\websit2\\core\\Route.php',
  5 => 'D:\\wamp\\www\\websit2\\Config.php',
  6 => 'D:\\wamp\\www\\websit2\\project\\home\\index.php',
  7 => 'D:\\wamp\\www\\websit2\\core\\Template.php',
  8 => 'D:\\wamp\\www\\websit2\\runtime\\cache\\6a992d5529f459a44fee58c733255e86.php',
  9 => 'D:\\wamp\\www\\websit2\\core\\Log.php',
)

---------------------------------------------------------------
[ 2018-09-15T01:28:13+00:00 ] 127.0.0.1 127.0.0.1 GET /
[ log ] www.k.com/ [运行时间：0.008000s][吞吐率：125.00req/s] [内存消耗：122.35kb] [文件加载：10]
array (
  0 => 'D:\\wamp\\www\\websit2\\index.php',
  1 => 'D:\\wamp\\www\\websit2\\core\\Autoload.php',
  2 => 'D:\\wamp\\www\\websit2\\core\\Common.php',
  3 => 'D:\\wamp\\www\\websit2\\core\\Kite.php',
  4 => 'D:\\wamp\\www\\websit2\\core\\Route.php',
  5 => 'D:\\wamp\\www\\websit2\\Config.php',
  6 => 'D:\\wamp\\www\\websit2\\project\\home\\index.php',
  7 => 'D:\\wamp\\www\\websit2\\core\\Template.php',
  8 => 'D:\\wamp\\www\\websit2\\runtime\\cache\\6a992d5529f459a44fee58c733255e86.php',
  9 => 'D:\\wamp\\www\\websit2\\core\\Log.php',
)

---------------------------------------------------------------
[ 2018-09-15T01:28:13+00:00 ] 127.0.0.1 127.0.0.1 GET /
[ log ] www.k.com/ [运行时间：0.004000s][吞吐率：250.00req/s] [内存消耗：122.35kb] [文件加载：10]
array (
  0 => 'D:\\wamp\\www\\websit2\\index.php',
  1 => 'D:\\wamp\\www\\websit2\\core\\Autoload.php',
  2 => 'D:\\wamp\\www\\websit2\\core\\Common.php',
  3 => 'D:\\wamp\\www\\websit2\\core\\Kite.php',
  4 => 'D:\\wamp\\www\\websit2\\core\\Route.php',
  5 => 'D:\\wamp\\www\\websit2\\Config.php',
  6 => 'D:\\wamp\\www\\websit2\\project\\home\\index.php',
  7 => 'D:\\wamp\\www\\websit2\\core\\Template.php',
  8 => 'D:\\wamp\\www\\websit2\\runtime\\cache\\6a992d5529f459a44fee58c733255e86.php',
  9 => 'D:\\wamp\\www\\websit2\\core\\Log.php',
)

---------------------------------------------------------------
[ 2018-09-15T01:28:42+00:00 ] 127.0.0.1 127.0.0.1 GET /
[ log ] www.k.com/ [运行时间：0.005000s][吞吐率：200.00req/s] [内存消耗：122.35kb] [文件加载：10]
array (
  0 => 'D:\\wamp\\www\\websit2\\index.php',
  1 => 'D:\\wamp\\www\\websit2\\core\\Autoload.php',
  2 => 'D:\\wamp\\www\\websit2\\core\\Common.php',
  3 => 'D:\\wamp\\www\\websit2\\core\\Kite.php',
  4 => 'D:\\wamp\\www\\websit2\\core\\Route.php',
  5 => 'D:\\wamp\\www\\websit2\\Config.php',
  6 => 'D:\\wamp\\www\\websit2\\project\\home\\index.php',
  7 => 'D:\\wamp\\www\\websit2\\core\\Template.php',
  8 => 'D:\\wamp\\www\\websit2\\runtime\\cache\\6a992d5529f459a44fee58c733255e86.php',
  9 => 'D:\\wamp\\www\\websit2\\core\\Log.php',
)

---------------------------------------------------------------
[ 2018-09-15T01:28:42+00:00 ] 127.0.0.1 127.0.0.1 GET /
[ log ] www.k.com/ [运行时间：0.005000s][吞吐率：200.00req/s] [内存消耗：122.35kb] [文件加载：10]
array (
  0 => 'D:\\wamp\\www\\websit2\\index.php',
  1 => 'D:\\wamp\\www\\websit2\\core\\Autoload.php',
  2 => 'D:\\wamp\\www\\websit2\\core\\Common.php',
  3 => 'D:\\wamp\\www\\websit2\\core\\Kite.php',
  4 => 'D:\\wamp\\www\\websit2\\core\\Route.php',
  5 => 'D:\\wamp\\www\\websit2\\Config.php',
  6 => 'D:\\wamp\\www\\websit2\\project\\home\\index.php',
  7 => 'D:\\wamp\\www\\websit2\\core\\Template.php',
  8 => 'D:\\wamp\\www\\websit2\\runtime\\cache\\6a992d5529f459a44fee58c733255e86.php',
  9 => 'D:\\wamp\\www\\websit2\\core\\Log.php',
)

---------------------------------------------------------------
[ 2018-09-15T01:28:43+00:00 ] 127.0.0.1 127.0.0.1 GET /
[ log ] www.k.com/ [运行时间：0.005000s][吞吐率：200.00req/s] [内存消耗：122.35kb] [文件加载：10]
array (
  0 => 'D:\\wamp\\www\\websit2\\index.php',
  1 => 'D:\\wamp\\www\\websit2\\core\\Autoload.php',
  2 => 'D:\\wamp\\www\\websit2\\core\\Common.php',
  3 => 'D:\\wamp\\www\\websit2\\core\\Kite.php',
  4 => 'D:\\wamp\\www\\websit2\\core\\Route.php',
  5 => 'D:\\wamp\\www\\websit2\\Config.php',
  6 => 'D:\\wamp\\www\\websit2\\project\\home\\index.php',
  7 => 'D:\\wamp\\www\\websit2\\core\\Template.php',
  8 => 'D:\\wamp\\www\\websit2\\runtime\\cache\\6a992d5529f459a44fee58c733255e86.php',
  9 => 'D:\\wamp\\www\\websit2\\core\\Log.php',
)

---------------------------------------------------------------
[ 2018-09-15T01:28:43+00:00 ] 127.0.0.1 127.0.0.1 GET /
[ log ] www.k.com/ [运行时间：0.010000s][吞吐率：100.00req/s] [内存消耗：122.35kb] [文件加载：10]
array (
  0 => 'D:\\wamp\\www\\websit2\\index.php',
  1 => 'D:\\wamp\\www\\websit2\\core\\Autoload.php',
  2 => 'D:\\wamp\\www\\websit2\\core\\Common.php',
  3 => 'D:\\wamp\\www\\websit2\\core\\Kite.php',
  4 => 'D:\\wamp\\www\\websit2\\core\\Route.php',
  5 => 'D:\\wamp\\www\\websit2\\Config.php',
  6 => 'D:\\wamp\\www\\websit2\\project\\home\\index.php',
  7 => 'D:\\wamp\\www\\websit2\\core\\Template.php',
  8 => 'D:\\wamp\\www\\websit2\\runtime\\cache\\6a992d5529f459a44fee58c733255e86.php',
  9 => 'D:\\wamp\\www\\websit2\\core\\Log.php',
)

---------------------------------------------------------------
[ 2018-09-15T01:28:44+00:00 ] 127.0.0.1 127.0.0.1 GET /
[ log ] www.k.com/ [运行时间：0.005000s][吞吐率：200.00req/s] [内存消耗：122.35kb] [文件加载：10]
array (
  0 => 'D:\\wamp\\www\\websit2\\index.php',
  1 => 'D:\\wamp\\www\\websit2\\core\\Autoload.php',
  2 => 'D:\\wamp\\www\\websit2\\core\\Common.php',
  3 => 'D:\\wamp\\www\\websit2\\core\\Kite.php',
  4 => 'D:\\wamp\\www\\websit2\\core\\Route.php',
  5 => 'D:\\wamp\\www\\websit2\\Config.php',
  6 => 'D:\\wamp\\www\\websit2\\project\\home\\index.php',
  7 => 'D:\\wamp\\www\\websit2\\core\\Template.php',
  8 => 'D:\\wamp\\www\\websit2\\runtime\\cache\\6a992d5529f459a44fee58c733255e86.php',
  9 => 'D:\\wamp\\www\\websit2\\core\\Log.php',
)

---------------------------------------------------------------
[ 2018-09-15T01:28:44+00:00 ] 127.0.0.1 127.0.0.1 GET /
[ log ] www.k.com/ [运行时间：0.004000s][吞吐率：250.00req/s] [内存消耗：122.35kb] [文件加载：10]
array (
  0 => 'D:\\wamp\\www\\websit2\\index.php',
  1 => 'D:\\wamp\\www\\websit2\\core\\Autoload.php',
  2 => 'D:\\wamp\\www\\websit2\\core\\Common.php',
  3 => 'D:\\wamp\\www\\websit2\\core\\Kite.php',
  4 => 'D:\\wamp\\www\\websit2\\core\\Route.php',
  5 => 'D:\\wamp\\www\\websit2\\Config.php',
  6 => 'D:\\wamp\\www\\websit2\\project\\home\\index.php',
  7 => 'D:\\wamp\\www\\websit2\\core\\Template.php',
  8 => 'D:\\wamp\\www\\websit2\\runtime\\cache\\6a992d5529f459a44fee58c733255e86.php',
  9 => 'D:\\wamp\\www\\websit2\\core\\Log.php',
)

---------------------------------------------------------------
[ 2018-09-15T01:28:44+00:00 ] 127.0.0.1 127.0.0.1 GET /
[ log ] www.k.com/ [运行时间：0.007001s][吞吐率：142.83req/s] [内存消耗：122.35kb] [文件加载：10]
array (
  0 => 'D:\\wamp\\www\\websit2\\index.php',
  1 => 'D:\\wamp\\www\\websit2\\core\\Autoload.php',
  2 => 'D:\\wamp\\www\\websit2\\core\\Common.php',
  3 => 'D:\\wamp\\www\\websit2\\core\\Kite.php',
  4 => 'D:\\wamp\\www\\websit2\\core\\Route.php',
  5 => 'D:\\wamp\\www\\websit2\\Config.php',
  6 => 'D:\\wamp\\www\\websit2\\project\\home\\index.php',
  7 => 'D:\\wamp\\www\\websit2\\core\\Template.php',
  8 => 'D:\\wamp\\www\\websit2\\runtime\\cache\\6a992d5529f459a44fee58c733255e86.php',
  9 => 'D:\\wamp\\www\\websit2\\core\\Log.php',
)

---------------------------------------------------------------
[ 2018-09-15T01:50:10+00:00 ] 127.0.0.1 127.0.0.1 GET /
[ log ] www.k.com/ [运行时间：0.004000s][吞吐率：249.99req/s] [内存消耗：122.14kb] [文件加载：10]
array (
  0 => 'D:\\wamp\\www\\websit2\\index.php',
  1 => 'D:\\wamp\\www\\websit2\\core\\Autoload.php',
  2 => 'D:\\wamp\\www\\websit2\\core\\Common.php',
  3 => 'D:\\wamp\\www\\websit2\\core\\Kite.php',
  4 => 'D:\\wamp\\www\\websit2\\core\\Route.php',
  5 => 'D:\\wamp\\www\\websit2\\Config.php',
  6 => 'D:\\wamp\\www\\websit2\\project\\home\\index.php',
  7 => 'D:\\wamp\\www\\websit2\\core\\Template.php',
  8 => 'D:\\wamp\\www\\websit2\\runtime\\cache\\6a992d5529f459a44fee58c733255e86.php',
  9 => 'D:\\wamp\\www\\websit2\\core\\Log.php',
)

---------------------------------------------------------------
[ 2018-09-15T01:50:25+00:00 ] 127.0.0.1 127.0.0.1 GET /
[ log ] www.k.com/ [运行时间：0.008000s][吞吐率：125.00req/s] [内存消耗：122.35kb] [文件加载：10]
array (
  0 => 'D:\\wamp\\www\\websit2\\index.php',
  1 => 'D:\\wamp\\www\\websit2\\core\\Autoload.php',
  2 => 'D:\\wamp\\www\\websit2\\core\\Common.php',
  3 => 'D:\\wamp\\www\\websit2\\core\\Kite.php',
  4 => 'D:\\wamp\\www\\websit2\\core\\Route.php',
  5 => 'D:\\wamp\\www\\websit2\\Config.php',
  6 => 'D:\\wamp\\www\\websit2\\project\\home\\index.php',
  7 => 'D:\\wamp\\www\\websit2\\core\\Template.php',
  8 => 'D:\\wamp\\www\\websit2\\runtime\\cache\\6a992d5529f459a44fee58c733255e86.php',
  9 => 'D:\\wamp\\www\\websit2\\core\\Log.php',
)

---------------------------------------------------------------
[ 2018-09-15T01:50:35+00:00 ] 127.0.0.1 127.0.0.1 GET /
[ log ] www.k.com/ [运行时间：0.008000s][吞吐率：125.00req/s] [内存消耗：122.22kb] [文件加载：10]
array (
  0 => 'D:\\wamp\\www\\websit2\\index.php',
  1 => 'D:\\wamp\\www\\websit2\\core\\Autoload.php',
  2 => 'D:\\wamp\\www\\websit2\\core\\Common.php',
  3 => 'D:\\wamp\\www\\websit2\\core\\Kite.php',
  4 => 'D:\\wamp\\www\\websit2\\core\\Route.php',
  5 => 'D:\\wamp\\www\\websit2\\Config.php',
  6 => 'D:\\wamp\\www\\websit2\\project\\home\\index.php',
  7 => 'D:\\wamp\\www\\websit2\\core\\Template.php',
  8 => 'D:\\wamp\\www\\websit2\\runtime\\cache\\6a992d5529f459a44fee58c733255e86.php',
  9 => 'D:\\wamp\\www\\websit2\\core\\Log.php',
)

---------------------------------------------------------------
[ 2018-09-15T01:50:58+00:00 ] 127.0.0.1 127.0.0.1 GET /
[ log ] www.k.com/ [运行时间：0.018001s][吞吐率：55.55req/s] [内存消耗：122.22kb] [文件加载：10]
array (
  0 => 'D:\\wamp\\www\\websit2\\index.php',
  1 => 'D:\\wamp\\www\\websit2\\core\\Autoload.php',
  2 => 'D:\\wamp\\www\\websit2\\core\\Common.php',
  3 => 'D:\\wamp\\www\\websit2\\core\\Kite.php',
  4 => 'D:\\wamp\\www\\websit2\\core\\Route.php',
  5 => 'D:\\wamp\\www\\websit2\\Config.php',
  6 => 'D:\\wamp\\www\\websit2\\project\\home\\index.php',
  7 => 'D:\\wamp\\www\\websit2\\core\\Template.php',
  8 => 'D:\\wamp\\www\\websit2\\runtime\\cache\\6a992d5529f459a44fee58c733255e86.php',
  9 => 'D:\\wamp\\www\\websit2\\core\\Log.php',
)

---------------------------------------------------------------
[ 2018-09-15T01:54:08+00:00 ] 127.0.0.1 127.0.0.1 GET /
[ log ] www.k.com/ [运行时间：0.009000s][吞吐率：111.11req/s] [内存消耗：122.22kb] [文件加载：10]
array (
  0 => 'D:\\wamp\\www\\websit2\\index.php',
  1 => 'D:\\wamp\\www\\websit2\\core\\Autoload.php',
  2 => 'D:\\wamp\\www\\websit2\\core\\Common.php',
  3 => 'D:\\wamp\\www\\websit2\\core\\Kite.php',
  4 => 'D:\\wamp\\www\\websit2\\core\\Route.php',
  5 => 'D:\\wamp\\www\\websit2\\Config.php',
  6 => 'D:\\wamp\\www\\websit2\\project\\home\\index.php',
  7 => 'D:\\wamp\\www\\websit2\\core\\Template.php',
  8 => 'D:\\wamp\\www\\websit2\\runtime\\cache\\6a992d5529f459a44fee58c733255e86.php',
  9 => 'D:\\wamp\\www\\websit2\\core\\Log.php',
)

---------------------------------------------------------------
[ 2018-09-15T01:54:32+00:00 ] 127.0.0.1 127.0.0.1 GET /
[ log ] www.k.com/ [运行时间：0.004001s][吞吐率：249.93req/s] [内存消耗：122.22kb] [文件加载：10]
array (
  0 => 'D:\\wamp\\www\\websit2\\index.php',
  1 => 'D:\\wamp\\www\\websit2\\core\\Autoload.php',
  2 => 'D:\\wamp\\www\\websit2\\core\\Common.php',
  3 => 'D:\\wamp\\www\\websit2\\core\\Kite.php',
  4 => 'D:\\wamp\\www\\websit2\\core\\Route.php',
  5 => 'D:\\wamp\\www\\websit2\\Config.php',
  6 => 'D:\\wamp\\www\\websit2\\project\\home\\index.php',
  7 => 'D:\\wamp\\www\\websit2\\core\\Template.php',
  8 => 'D:\\wamp\\www\\websit2\\runtime\\cache\\6a992d5529f459a44fee58c733255e86.php',
  9 => 'D:\\wamp\\www\\websit2\\core\\Log.php',
)

---------------------------------------------------------------
[ 2018-09-15T01:55:05+00:00 ] 127.0.0.1 127.0.0.1 GET /
[ log ] www.k.com/ [运行时间：0.009001s][吞吐率：111.10req/s] [内存消耗：122.22kb] [文件加载：10]
array (
  0 => 'D:\\wamp\\www\\websit2\\index.php',
  1 => 'D:\\wamp\\www\\websit2\\core\\Autoload.php',
  2 => 'D:\\wamp\\www\\websit2\\core\\Common.php',
  3 => 'D:\\wamp\\www\\websit2\\core\\Kite.php',
  4 => 'D:\\wamp\\www\\websit2\\core\\Route.php',
  5 => 'D:\\wamp\\www\\websit2\\Config.php',
  6 => 'D:\\wamp\\www\\websit2\\project\\home\\index.php',
  7 => 'D:\\wamp\\www\\websit2\\core\\Template.php',
  8 => 'D:\\wamp\\www\\websit2\\runtime\\cache\\6a992d5529f459a44fee58c733255e86.php',
  9 => 'D:\\wamp\\www\\websit2\\core\\Log.php',
)

---------------------------------------------------------------
[ 2018-09-15T02:05:22+00:00 ] 127.0.0.1 127.0.0.1 GET /
[ log ] www.k.com/ [运行时间：0.009001s][吞吐率：111.10req/s] [内存消耗：122.22kb] [文件加载：10]
array (
  0 => 'D:\\wamp\\www\\websit2\\index.php',
  1 => 'D:\\wamp\\www\\websit2\\core\\Autoload.php',
  2 => 'D:\\wamp\\www\\websit2\\core\\Common.php',
  3 => 'D:\\wamp\\www\\websit2\\core\\Kite.php',
  4 => 'D:\\wamp\\www\\websit2\\core\\Route.php',
  5 => 'D:\\wamp\\www\\websit2\\Config.php',
  6 => 'D:\\wamp\\www\\websit2\\project\\home\\index.php',
  7 => 'D:\\wamp\\www\\websit2\\core\\Template.php',
  8 => 'D:\\wamp\\www\\websit2\\runtime\\cache\\6a992d5529f459a44fee58c733255e86.php',
  9 => 'D:\\wamp\\www\\websit2\\core\\Log.php',
)

---------------------------------------------------------------
[ 2018-09-15T02:06:02+00:00 ] 127.0.0.1 127.0.0.1 GET /
[ log ] www.k.com/ [运行时间：0.007000s][吞吐率：142.86req/s] [内存消耗：122.22kb] [文件加载：10]
array (
  0 => 'D:\\wamp\\www\\websit2\\index.php',
  1 => 'D:\\wamp\\www\\websit2\\core\\Autoload.php',
  2 => 'D:\\wamp\\www\\websit2\\core\\Common.php',
  3 => 'D:\\wamp\\www\\websit2\\core\\Kite.php',
  4 => 'D:\\wamp\\www\\websit2\\core\\Route.php',
  5 => 'D:\\wamp\\www\\websit2\\Config.php',
  6 => 'D:\\wamp\\www\\websit2\\project\\home\\index.php',
  7 => 'D:\\wamp\\www\\websit2\\core\\Template.php',
  8 => 'D:\\wamp\\www\\websit2\\runtime\\cache\\6a992d5529f459a44fee58c733255e86.php',
  9 => 'D:\\wamp\\www\\websit2\\core\\Log.php',
)

---------------------------------------------------------------
[ 2018-09-15T02:06:14+00:00 ] 127.0.0.1 127.0.0.1 GET /
[ log ] www.k.com/ [运行时间：0.004000s][吞吐率：249.99req/s] [内存消耗：122.22kb] [文件加载：10]
array (
  0 => 'D:\\wamp\\www\\websit2\\index.php',
  1 => 'D:\\wamp\\www\\websit2\\core\\Autoload.php',
  2 => 'D:\\wamp\\www\\websit2\\core\\Common.php',
  3 => 'D:\\wamp\\www\\websit2\\core\\Kite.php',
  4 => 'D:\\wamp\\www\\websit2\\core\\Route.php',
  5 => 'D:\\wamp\\www\\websit2\\Config.php',
  6 => 'D:\\wamp\\www\\websit2\\project\\home\\index.php',
  7 => 'D:\\wamp\\www\\websit2\\core\\Template.php',
  8 => 'D:\\wamp\\www\\websit2\\runtime\\cache\\6a992d5529f459a44fee58c733255e86.php',
  9 => 'D:\\wamp\\www\\websit2\\core\\Log.php',
)

---------------------------------------------------------------
[ 2018-09-15T02:06:42+00:00 ] 127.0.0.1 127.0.0.1 GET /
[ log ] www.k.com/ [运行时间：0.010001s][吞吐率：99.99req/s] [内存消耗：122.22kb] [文件加载：10]
array (
  0 => 'D:\\wamp\\www\\websit2\\index.php',
  1 => 'D:\\wamp\\www\\websit2\\core\\Autoload.php',
  2 => 'D:\\wamp\\www\\websit2\\core\\Common.php',
  3 => 'D:\\wamp\\www\\websit2\\core\\Kite.php',
  4 => 'D:\\wamp\\www\\websit2\\core\\Route.php',
  5 => 'D:\\wamp\\www\\websit2\\Config.php',
  6 => 'D:\\wamp\\www\\websit2\\project\\home\\index.php',
  7 => 'D:\\wamp\\www\\websit2\\core\\Template.php',
  8 => 'D:\\wamp\\www\\websit2\\runtime\\cache\\6a992d5529f459a44fee58c733255e86.php',
  9 => 'D:\\wamp\\www\\websit2\\core\\Log.php',
)

---------------------------------------------------------------
[ 2018-09-15T02:27:43+00:00 ] 127.0.0.1 127.0.0.1 GET /
[ log ] www.k.com/ [运行时间：0.010001s][吞吐率：99.99req/s] [内存消耗：122.22kb] [文件加载：10]
array (
  0 => 'D:\\wamp\\www\\websit2\\index.php',
  1 => 'D:\\wamp\\www\\websit2\\core\\Autoload.php',
  2 => 'D:\\wamp\\www\\websit2\\core\\Common.php',
  3 => 'D:\\wamp\\www\\websit2\\core\\Kite.php',
  4 => 'D:\\wamp\\www\\websit2\\core\\Route.php',
  5 => 'D:\\wamp\\www\\websit2\\Config.php',
  6 => 'D:\\wamp\\www\\websit2\\project\\home\\index.php',
  7 => 'D:\\wamp\\www\\websit2\\core\\Template.php',
  8 => 'D:\\wamp\\www\\websit2\\runtime\\cache\\6a992d5529f459a44fee58c733255e86.php',
  9 => 'D:\\wamp\\www\\websit2\\core\\Log.php',
)

---------------------------------------------------------------
[ 2018-09-15T02:27:49+00:00 ] 127.0.0.1 127.0.0.1 GET /ringleaders-choose-garment.php?garmentId=garm0112tanktop
[ log ] www.k.com/ringleaders-choose-garment.php?garmentId=garm0112tanktop [运行时间：0.006000s][吞吐率：166.67req/s] [内存消耗：115.90kb] [文件加载：10]
array (
  0 => 'D:\\wamp\\www\\websit2\\index.php',
  1 => 'D:\\wamp\\www\\websit2\\core\\Autoload.php',
  2 => 'D:\\wamp\\www\\websit2\\core\\Common.php',
  3 => 'D:\\wamp\\www\\websit2\\core\\Kite.php',
  4 => 'D:\\wamp\\www\\websit2\\core\\Route.php',
  5 => 'D:\\wamp\\www\\websit2\\Config.php',
  6 => 'D:\\wamp\\www\\websit2\\project\\home\\error.php',
  7 => 'D:\\wamp\\www\\websit2\\core\\Template.php',
  8 => 'D:\\wamp\\www\\websit2\\runtime\\cache\\cb5e100e5a9a3e7f6d1fd97512215282.php',
  9 => 'D:\\wamp\\www\\websit2\\core\\Log.php',
)

---------------------------------------------------------------
[ 2018-09-15T02:51:37+00:00 ] 127.0.0.1 127.0.0.1 GET /
[ log ] www.k.com/ [运行时间：0.006000s][吞吐率：166.67req/s] [内存消耗：122.22kb] [文件加载：10]
array (
  0 => 'D:\\wamp\\www\\websit2\\index.php',
  1 => 'D:\\wamp\\www\\websit2\\core\\Autoload.php',
  2 => 'D:\\wamp\\www\\websit2\\core\\Common.php',
  3 => 'D:\\wamp\\www\\websit2\\core\\Kite.php',
  4 => 'D:\\wamp\\www\\websit2\\core\\Route.php',
  5 => 'D:\\wamp\\www\\websit2\\Config.php',
  6 => 'D:\\wamp\\www\\websit2\\project\\home\\index.php',
  7 => 'D:\\wamp\\www\\websit2\\core\\Template.php',
  8 => 'D:\\wamp\\www\\websit2\\runtime\\cache\\6a992d5529f459a44fee58c733255e86.php',
  9 => 'D:\\wamp\\www\\websit2\\core\\Log.php',
)

---------------------------------------------------------------
[ 2018-09-15T03:24:03+00:00 ] 127.0.0.1 127.0.0.1 GET /
[ log ] www.k.com/ [运行时间：0.009000s][吞吐率：111.11req/s] [内存消耗：122.22kb] [文件加载：10]
array (
  0 => 'D:\\wamp\\www\\websit2\\index.php',
  1 => 'D:\\wamp\\www\\websit2\\core\\Autoload.php',
  2 => 'D:\\wamp\\www\\websit2\\core\\Common.php',
  3 => 'D:\\wamp\\www\\websit2\\core\\Kite.php',
  4 => 'D:\\wamp\\www\\websit2\\core\\Route.php',
  5 => 'D:\\wamp\\www\\websit2\\Config.php',
  6 => 'D:\\wamp\\www\\websit2\\project\\home\\index.php',
  7 => 'D:\\wamp\\www\\websit2\\core\\Template.php',
  8 => 'D:\\wamp\\www\\websit2\\runtime\\cache\\6a992d5529f459a44fee58c733255e86.php',
  9 => 'D:\\wamp\\www\\websit2\\core\\Log.php',
)

---------------------------------------------------------------
[ 2018-09-15T03:24:58+00:00 ] 127.0.0.1 127.0.0.1 GET /
[ log ] www.k.com/ [运行时间：0.005000s][吞吐率：200.00req/s] [内存消耗：122.56kb] [文件加载：10]
array (
  0 => 'D:\\wamp\\www\\websit2\\index.php',
  1 => 'D:\\wamp\\www\\websit2\\core\\Autoload.php',
  2 => 'D:\\wamp\\www\\websit2\\core\\Common.php',
  3 => 'D:\\wamp\\www\\websit2\\core\\Kite.php',
  4 => 'D:\\wamp\\www\\websit2\\core\\Route.php',
  5 => 'D:\\wamp\\www\\websit2\\Config.php',
  6 => 'D:\\wamp\\www\\websit2\\project\\home\\index.php',
  7 => 'D:\\wamp\\www\\websit2\\core\\Template.php',
  8 => 'D:\\wamp\\www\\websit2\\runtime\\cache\\6a992d5529f459a44fee58c733255e86.php',
  9 => 'D:\\wamp\\www\\websit2\\core\\Log.php',
)

---------------------------------------------------------------
[ 2018-09-15T03:30:55+00:00 ] 127.0.0.1 127.0.0.1 GET /
[ log ] www.k.com/ [运行时间：0.006000s][吞吐率：166.67req/s] [内存消耗：122.56kb] [文件加载：10]
array (
  0 => 'D:\\wamp\\www\\websit2\\index.php',
  1 => 'D:\\wamp\\www\\websit2\\core\\Autoload.php',
  2 => 'D:\\wamp\\www\\websit2\\core\\Common.php',
  3 => 'D:\\wamp\\www\\websit2\\core\\Kite.php',
  4 => 'D:\\wamp\\www\\websit2\\core\\Route.php',
  5 => 'D:\\wamp\\www\\websit2\\Config.php',
  6 => 'D:\\wamp\\www\\websit2\\project\\home\\index.php',
  7 => 'D:\\wamp\\www\\websit2\\core\\Template.php',
  8 => 'D:\\wamp\\www\\websit2\\runtime\\cache\\6a992d5529f459a44fee58c733255e86.php',
  9 => 'D:\\wamp\\www\\websit2\\core\\Log.php',
)

---------------------------------------------------------------
[ 2018-09-15T03:43:39+00:00 ] 127.0.0.1 127.0.0.1 GET /
[ log ] www.k.com/ [运行时间：0.005000s][吞吐率：200.00req/s] [内存消耗：122.56kb] [文件加载：10]
array (
  0 => 'D:\\wamp\\www\\websit2\\index.php',
  1 => 'D:\\wamp\\www\\websit2\\core\\Autoload.php',
  2 => 'D:\\wamp\\www\\websit2\\core\\Common.php',
  3 => 'D:\\wamp\\www\\websit2\\core\\Kite.php',
  4 => 'D:\\wamp\\www\\websit2\\core\\Route.php',
  5 => 'D:\\wamp\\www\\websit2\\Config.php',
  6 => 'D:\\wamp\\www\\websit2\\project\\home\\index.php',
  7 => 'D:\\wamp\\www\\websit2\\core\\Template.php',
  8 => 'D:\\wamp\\www\\websit2\\runtime\\cache\\6a992d5529f459a44fee58c733255e86.php',
  9 => 'D:\\wamp\\www\\websit2\\core\\Log.php',
)

---------------------------------------------------------------
[ 2018-09-15T03:44:00+00:00 ] 127.0.0.1 127.0.0.1 GET /
[ log ] www.k.com/ [运行时间：0.006001s][吞吐率：166.64req/s] [内存消耗：122.56kb] [文件加载：10]
array (
  0 => 'D:\\wamp\\www\\websit2\\index.php',
  1 => 'D:\\wamp\\www\\websit2\\core\\Autoload.php',
  2 => 'D:\\wamp\\www\\websit2\\core\\Common.php',
  3 => 'D:\\wamp\\www\\websit2\\core\\Kite.php',
  4 => 'D:\\wamp\\www\\websit2\\core\\Route.php',
  5 => 'D:\\wamp\\www\\websit2\\Config.php',
  6 => 'D:\\wamp\\www\\websit2\\project\\home\\index.php',
  7 => 'D:\\wamp\\www\\websit2\\core\\Template.php',
  8 => 'D:\\wamp\\www\\websit2\\runtime\\cache\\6a992d5529f459a44fee58c733255e86.php',
  9 => 'D:\\wamp\\www\\websit2\\core\\Log.php',
)

---------------------------------------------------------------
[ 2018-09-15T03:44:38+00:00 ] 127.0.0.1 127.0.0.1 GET /
[ log ] www.k.com/ [运行时间：0.010001s][吞吐率：99.99req/s] [内存消耗：122.58kb] [文件加载：10]
array (
  0 => 'D:\\wamp\\www\\websit2\\index.php',
  1 => 'D:\\wamp\\www\\websit2\\core\\Autoload.php',
  2 => 'D:\\wamp\\www\\websit2\\core\\Common.php',
  3 => 'D:\\wamp\\www\\websit2\\core\\Kite.php',
  4 => 'D:\\wamp\\www\\websit2\\core\\Route.php',
  5 => 'D:\\wamp\\www\\websit2\\Config.php',
  6 => 'D:\\wamp\\www\\websit2\\project\\home\\index.php',
  7 => 'D:\\wamp\\www\\websit2\\core\\Template.php',
  8 => 'D:\\wamp\\www\\websit2\\runtime\\cache\\6a992d5529f459a44fee58c733255e86.php',
  9 => 'D:\\wamp\\www\\websit2\\core\\Log.php',
)

---------------------------------------------------------------
[ 2018-09-15T03:45:17+00:00 ] 127.0.0.1 127.0.0.1 GET /
[ log ] www.k.com/ [运行时间：0.004000s][吞吐率：250.00req/s] [内存消耗：122.56kb] [文件加载：10]
array (
  0 => 'D:\\wamp\\www\\websit2\\index.php',
  1 => 'D:\\wamp\\www\\websit2\\core\\Autoload.php',
  2 => 'D:\\wamp\\www\\websit2\\core\\Common.php',
  3 => 'D:\\wamp\\www\\websit2\\core\\Kite.php',
  4 => 'D:\\wamp\\www\\websit2\\core\\Route.php',
  5 => 'D:\\wamp\\www\\websit2\\Config.php',
  6 => 'D:\\wamp\\www\\websit2\\project\\home\\index.php',
  7 => 'D:\\wamp\\www\\websit2\\core\\Template.php',
  8 => 'D:\\wamp\\www\\websit2\\runtime\\cache\\6a992d5529f459a44fee58c733255e86.php',
  9 => 'D:\\wamp\\www\\websit2\\core\\Log.php',
)

---------------------------------------------------------------
[ 2018-09-15T03:45:28+00:00 ] 127.0.0.1 127.0.0.1 GET /
[ log ] www.k.com/ [运行时间：0.009001s][吞吐率：111.10req/s] [内存消耗：122.56kb] [文件加载：10]
array (
  0 => 'D:\\wamp\\www\\websit2\\index.php',
  1 => 'D:\\wamp\\www\\websit2\\core\\Autoload.php',
  2 => 'D:\\wamp\\www\\websit2\\core\\Common.php',
  3 => 'D:\\wamp\\www\\websit2\\core\\Kite.php',
  4 => 'D:\\wamp\\www\\websit2\\core\\Route.php',
  5 => 'D:\\wamp\\www\\websit2\\Config.php',
  6 => 'D:\\wamp\\www\\websit2\\project\\home\\index.php',
  7 => 'D:\\wamp\\www\\websit2\\core\\Template.php',
  8 => 'D:\\wamp\\www\\websit2\\runtime\\cache\\6a992d5529f459a44fee58c733255e86.php',
  9 => 'D:\\wamp\\www\\websit2\\core\\Log.php',
)

---------------------------------------------------------------
[ 2018-09-15T03:50:36+00:00 ] 127.0.0.1 127.0.0.1 GET /ringleaders-choose-garment.php?garmentId=garm01120StretchyBaby
[ log ] www.k.com/ringleaders-choose-garment.php?garmentId=garm01120StretchyBaby [运行时间：0.006000s][吞吐率：166.67req/s] [内存消耗：115.91kb] [文件加载：10]
array (
  0 => 'D:\\wamp\\www\\websit2\\index.php',
  1 => 'D:\\wamp\\www\\websit2\\core\\Autoload.php',
  2 => 'D:\\wamp\\www\\websit2\\core\\Common.php',
  3 => 'D:\\wamp\\www\\websit2\\core\\Kite.php',
  4 => 'D:\\wamp\\www\\websit2\\core\\Route.php',
  5 => 'D:\\wamp\\www\\websit2\\Config.php',
  6 => 'D:\\wamp\\www\\websit2\\project\\home\\error.php',
  7 => 'D:\\wamp\\www\\websit2\\core\\Template.php',
  8 => 'D:\\wamp\\www\\websit2\\runtime\\cache\\cb5e100e5a9a3e7f6d1fd97512215282.php',
  9 => 'D:\\wamp\\www\\websit2\\core\\Log.php',
)

---------------------------------------------------------------
[ 2018-09-15T03:53:06+00:00 ] 127.0.0.1 127.0.0.1 GET /
[ log ] www.k.com/ [运行时间：0.012001s][吞吐率：83.33req/s] [内存消耗：121.65kb] [文件加载：10]
array (
  0 => 'D:\\wamp\\www\\websit2\\index.php',
  1 => 'D:\\wamp\\www\\websit2\\core\\Autoload.php',
  2 => 'D:\\wamp\\www\\websit2\\core\\Common.php',
  3 => 'D:\\wamp\\www\\websit2\\core\\Kite.php',
  4 => 'D:\\wamp\\www\\websit2\\core\\Route.php',
  5 => 'D:\\wamp\\www\\websit2\\Config.php',
  6 => 'D:\\wamp\\www\\websit2\\project\\home\\index.php',
  7 => 'D:\\wamp\\www\\websit2\\core\\Template.php',
  8 => 'D:\\wamp\\www\\websit2\\runtime\\cache\\6a992d5529f459a44fee58c733255e86.php',
  9 => 'D:\\wamp\\www\\websit2\\core\\Log.php',
)

---------------------------------------------------------------
[ 2018-09-15T03:54:01+00:00 ] 127.0.0.1 127.0.0.1 GET /
[ log ] www.k.com/ [运行时间：0.010000s][吞吐率：100.00req/s] [内存消耗：122.56kb] [文件加载：10]
array (
  0 => 'D:\\wamp\\www\\websit2\\index.php',
  1 => 'D:\\wamp\\www\\websit2\\core\\Autoload.php',
  2 => 'D:\\wamp\\www\\websit2\\core\\Common.php',
  3 => 'D:\\wamp\\www\\websit2\\core\\Kite.php',
  4 => 'D:\\wamp\\www\\websit2\\core\\Route.php',
  5 => 'D:\\wamp\\www\\websit2\\Config.php',
  6 => 'D:\\wamp\\www\\websit2\\project\\home\\index.php',
  7 => 'D:\\wamp\\www\\websit2\\core\\Template.php',
  8 => 'D:\\wamp\\www\\websit2\\runtime\\cache\\6a992d5529f459a44fee58c733255e86.php',
  9 => 'D:\\wamp\\www\\websit2\\core\\Log.php',
)

---------------------------------------------------------------
[ 2018-09-15T03:57:29+00:00 ] 127.0.0.1 127.0.0.1 GET /
[ log ] www.k.com/ [运行时间：0.008001s][吞吐率：124.98req/s] [内存消耗：122.56kb] [文件加载：10]
array (
  0 => 'D:\\wamp\\www\\websit2\\index.php',
  1 => 'D:\\wamp\\www\\websit2\\core\\Autoload.php',
  2 => 'D:\\wamp\\www\\websit2\\core\\Common.php',
  3 => 'D:\\wamp\\www\\websit2\\core\\Kite.php',
  4 => 'D:\\wamp\\www\\websit2\\core\\Route.php',
  5 => 'D:\\wamp\\www\\websit2\\Config.php',
  6 => 'D:\\wamp\\www\\websit2\\project\\home\\index.php',
  7 => 'D:\\wamp\\www\\websit2\\core\\Template.php',
  8 => 'D:\\wamp\\www\\websit2\\runtime\\cache\\6a992d5529f459a44fee58c733255e86.php',
  9 => 'D:\\wamp\\www\\websit2\\core\\Log.php',
)

---------------------------------------------------------------
[ 2018-09-15T06:12:58+00:00 ] 127.0.0.1 127.0.0.1 GET /
[ log ] www.k.com/ [运行时间：0.007000s][吞吐率：142.85req/s] [内存消耗：122.48kb] [文件加载：10]
array (
  0 => 'D:\\wamp\\www\\websit2\\index.php',
  1 => 'D:\\wamp\\www\\websit2\\core\\Autoload.php',
  2 => 'D:\\wamp\\www\\websit2\\core\\Common.php',
  3 => 'D:\\wamp\\www\\websit2\\core\\Kite.php',
  4 => 'D:\\wamp\\www\\websit2\\core\\Route.php',
  5 => 'D:\\wamp\\www\\websit2\\Config.php',
  6 => 'D:\\wamp\\www\\websit2\\project\\home\\index.php',
  7 => 'D:\\wamp\\www\\websit2\\core\\Template.php',
  8 => 'D:\\wamp\\www\\websit2\\runtime\\cache\\6a992d5529f459a44fee58c733255e86.php',
  9 => 'D:\\wamp\\www\\websit2\\core\\Log.php',
)

---------------------------------------------------------------
[ 2018-09-15T06:17:08+00:00 ] 127.0.0.1 127.0.0.1 GET /
[ log ] www.k.com/ [运行时间：0.007000s][吞吐率：142.86req/s] [内存消耗：122.48kb] [文件加载：10]
array (
  0 => 'D:\\wamp\\www\\websit2\\index.php',
  1 => 'D:\\wamp\\www\\websit2\\core\\Autoload.php',
  2 => 'D:\\wamp\\www\\websit2\\core\\Common.php',
  3 => 'D:\\wamp\\www\\websit2\\core\\Kite.php',
  4 => 'D:\\wamp\\www\\websit2\\core\\Route.php',
  5 => 'D:\\wamp\\www\\websit2\\Config.php',
  6 => 'D:\\wamp\\www\\websit2\\project\\home\\index.php',
  7 => 'D:\\wamp\\www\\websit2\\core\\Template.php',
  8 => 'D:\\wamp\\www\\websit2\\runtime\\cache\\6a992d5529f459a44fee58c733255e86.php',
  9 => 'D:\\wamp\\www\\websit2\\core\\Log.php',
)

---------------------------------------------------------------
[ 2018-09-15T06:18:33+00:00 ] 127.0.0.1 127.0.0.1 GET /
[ log ] www.k.com/ [运行时间：0.005000s][吞吐率：200.00req/s] [内存消耗：122.45kb] [文件加载：10]
array (
  0 => 'D:\\wamp\\www\\websit2\\index.php',
  1 => 'D:\\wamp\\www\\websit2\\core\\Autoload.php',
  2 => 'D:\\wamp\\www\\websit2\\core\\Common.php',
  3 => 'D:\\wamp\\www\\websit2\\core\\Kite.php',
  4 => 'D:\\wamp\\www\\websit2\\core\\Route.php',
  5 => 'D:\\wamp\\www\\websit2\\Config.php',
  6 => 'D:\\wamp\\www\\websit2\\project\\home\\index.php',
  7 => 'D:\\wamp\\www\\websit2\\core\\Template.php',
  8 => 'D:\\wamp\\www\\websit2\\runtime\\cache\\6a992d5529f459a44fee58c733255e86.php',
  9 => 'D:\\wamp\\www\\websit2\\core\\Log.php',
)

---------------------------------------------------------------
[ 2018-09-15T06:19:34+00:00 ] 127.0.0.1 127.0.0.1 GET /
[ log ] www.k.com/ [运行时间：0.003000s][吞吐率：333.33req/s] [内存消耗：122.44kb] [文件加载：10]
array (
  0 => 'D:\\wamp\\www\\websit2\\index.php',
  1 => 'D:\\wamp\\www\\websit2\\core\\Autoload.php',
  2 => 'D:\\wamp\\www\\websit2\\core\\Common.php',
  3 => 'D:\\wamp\\www\\websit2\\core\\Kite.php',
  4 => 'D:\\wamp\\www\\websit2\\core\\Route.php',
  5 => 'D:\\wamp\\www\\websit2\\Config.php',
  6 => 'D:\\wamp\\www\\websit2\\project\\home\\index.php',
  7 => 'D:\\wamp\\www\\websit2\\core\\Template.php',
  8 => 'D:\\wamp\\www\\websit2\\runtime\\cache\\6a992d5529f459a44fee58c733255e86.php',
  9 => 'D:\\wamp\\www\\websit2\\core\\Log.php',
)

---------------------------------------------------------------
[ 2018-09-15T06:20:14+00:00 ] 127.0.0.1 127.0.0.1 GET /
[ log ] www.k.com/ [运行时间：0.006000s][吞吐率：166.67req/s] [内存消耗：122.44kb] [文件加载：10]
array (
  0 => 'D:\\wamp\\www\\websit2\\index.php',
  1 => 'D:\\wamp\\www\\websit2\\core\\Autoload.php',
  2 => 'D:\\wamp\\www\\websit2\\core\\Common.php',
  3 => 'D:\\wamp\\www\\websit2\\core\\Kite.php',
  4 => 'D:\\wamp\\www\\websit2\\core\\Route.php',
  5 => 'D:\\wamp\\www\\websit2\\Config.php',
  6 => 'D:\\wamp\\www\\websit2\\project\\home\\index.php',
  7 => 'D:\\wamp\\www\\websit2\\core\\Template.php',
  8 => 'D:\\wamp\\www\\websit2\\runtime\\cache\\6a992d5529f459a44fee58c733255e86.php',
  9 => 'D:\\wamp\\www\\websit2\\core\\Log.php',
)

---------------------------------------------------------------
[ 2018-09-15T06:20:30+00:00 ] 127.0.0.1 127.0.0.1 GET /
[ log ] www.k.com/ [运行时间：0.004000s][吞吐率：250.00req/s] [内存消耗：121.97kb] [文件加载：10]
array (
  0 => 'D:\\wamp\\www\\websit2\\index.php',
  1 => 'D:\\wamp\\www\\websit2\\core\\Autoload.php',
  2 => 'D:\\wamp\\www\\websit2\\core\\Common.php',
  3 => 'D:\\wamp\\www\\websit2\\core\\Kite.php',
  4 => 'D:\\wamp\\www\\websit2\\core\\Route.php',
  5 => 'D:\\wamp\\www\\websit2\\Config.php',
  6 => 'D:\\wamp\\www\\websit2\\project\\home\\index.php',
  7 => 'D:\\wamp\\www\\websit2\\core\\Template.php',
  8 => 'D:\\wamp\\www\\websit2\\runtime\\cache\\6a992d5529f459a44fee58c733255e86.php',
  9 => 'D:\\wamp\\www\\websit2\\core\\Log.php',
)

---------------------------------------------------------------
[ 2018-09-15T06:21:32+00:00 ] 127.0.0.1 127.0.0.1 GET /
[ log ] www.k.com/ [运行时间：0.006000s][吞吐率：166.67req/s] [内存消耗：121.98kb] [文件加载：10]
array (
  0 => 'D:\\wamp\\www\\websit2\\index.php',
  1 => 'D:\\wamp\\www\\websit2\\core\\Autoload.php',
  2 => 'D:\\wamp\\www\\websit2\\core\\Common.php',
  3 => 'D:\\wamp\\www\\websit2\\core\\Kite.php',
  4 => 'D:\\wamp\\www\\websit2\\core\\Route.php',
  5 => 'D:\\wamp\\www\\websit2\\Config.php',
  6 => 'D:\\wamp\\www\\websit2\\project\\home\\index.php',
  7 => 'D:\\wamp\\www\\websit2\\core\\Template.php',
  8 => 'D:\\wamp\\www\\websit2\\runtime\\cache\\6a992d5529f459a44fee58c733255e86.php',
  9 => 'D:\\wamp\\www\\websit2\\core\\Log.php',
)

---------------------------------------------------------------
[ 2018-09-15T06:23:05+00:00 ] 127.0.0.1 127.0.0.1 GET /
[ log ] www.k.com/ [运行时间：0.005000s][吞吐率：200.00req/s] [内存消耗：121.68kb] [文件加载：10]
array (
  0 => 'D:\\wamp\\www\\websit2\\index.php',
  1 => 'D:\\wamp\\www\\websit2\\core\\Autoload.php',
  2 => 'D:\\wamp\\www\\websit2\\core\\Common.php',
  3 => 'D:\\wamp\\www\\websit2\\core\\Kite.php',
  4 => 'D:\\wamp\\www\\websit2\\core\\Route.php',
  5 => 'D:\\wamp\\www\\websit2\\Config.php',
  6 => 'D:\\wamp\\www\\websit2\\project\\home\\index.php',
  7 => 'D:\\wamp\\www\\websit2\\core\\Template.php',
  8 => 'D:\\wamp\\www\\websit2\\runtime\\cache\\6a992d5529f459a44fee58c733255e86.php',
  9 => 'D:\\wamp\\www\\websit2\\core\\Log.php',
)

---------------------------------------------------------------
[ 2018-09-15T06:27:16+00:00 ] 127.0.0.1 127.0.0.1 GET /
[ log ] www.k.com/ [运行时间：0.005000s][吞吐率：200.00req/s] [内存消耗：121.68kb] [文件加载：10]
array (
  0 => 'D:\\wamp\\www\\websit2\\index.php',
  1 => 'D:\\wamp\\www\\websit2\\core\\Autoload.php',
  2 => 'D:\\wamp\\www\\websit2\\core\\Common.php',
  3 => 'D:\\wamp\\www\\websit2\\core\\Kite.php',
  4 => 'D:\\wamp\\www\\websit2\\core\\Route.php',
  5 => 'D:\\wamp\\www\\websit2\\Config.php',
  6 => 'D:\\wamp\\www\\websit2\\project\\home\\index.php',
  7 => 'D:\\wamp\\www\\websit2\\core\\Template.php',
  8 => 'D:\\wamp\\www\\websit2\\runtime\\cache\\6a992d5529f459a44fee58c733255e86.php',
  9 => 'D:\\wamp\\www\\websit2\\core\\Log.php',
)

---------------------------------------------------------------
[ 2018-09-15T06:28:11+00:00 ] 127.0.0.1 127.0.0.1 GET /
[ log ] www.k.com/ [运行时间：0.008001s][吞吐率：124.99req/s] [内存消耗：121.69kb] [文件加载：10]
array (
  0 => 'D:\\wamp\\www\\websit2\\index.php',
  1 => 'D:\\wamp\\www\\websit2\\core\\Autoload.php',
  2 => 'D:\\wamp\\www\\websit2\\core\\Common.php',
  3 => 'D:\\wamp\\www\\websit2\\core\\Kite.php',
  4 => 'D:\\wamp\\www\\websit2\\core\\Route.php',
  5 => 'D:\\wamp\\www\\websit2\\Config.php',
  6 => 'D:\\wamp\\www\\websit2\\project\\home\\index.php',
  7 => 'D:\\wamp\\www\\websit2\\core\\Template.php',
  8 => 'D:\\wamp\\www\\websit2\\runtime\\cache\\6a992d5529f459a44fee58c733255e86.php',
  9 => 'D:\\wamp\\www\\websit2\\core\\Log.php',
)

---------------------------------------------------------------
[ 2018-09-15T06:45:46+00:00 ] 127.0.0.1 127.0.0.1 GET /
[ log ] www.k.com/ [运行时间：0.008001s][吞吐率：124.99req/s] [内存消耗：121.69kb] [文件加载：10]
array (
  0 => 'D:\\wamp\\www\\websit2\\index.php',
  1 => 'D:\\wamp\\www\\websit2\\core\\Autoload.php',
  2 => 'D:\\wamp\\www\\websit2\\core\\Common.php',
  3 => 'D:\\wamp\\www\\websit2\\core\\Kite.php',
  4 => 'D:\\wamp\\www\\websit2\\core\\Route.php',
  5 => 'D:\\wamp\\www\\websit2\\Config.php',
  6 => 'D:\\wamp\\www\\websit2\\project\\home\\index.php',
  7 => 'D:\\wamp\\www\\websit2\\core\\Template.php',
  8 => 'D:\\wamp\\www\\websit2\\runtime\\cache\\6a992d5529f459a44fee58c733255e86.php',
  9 => 'D:\\wamp\\www\\websit2\\core\\Log.php',
)

---------------------------------------------------------------
[ 2018-09-15T06:46:36+00:00 ] 127.0.0.1 127.0.0.1 GET /
[ log ] www.k.com/ [运行时间：0.006000s][吞吐率：166.67req/s] [内存消耗：121.70kb] [文件加载：10]
array (
  0 => 'D:\\wamp\\www\\websit2\\index.php',
  1 => 'D:\\wamp\\www\\websit2\\core\\Autoload.php',
  2 => 'D:\\wamp\\www\\websit2\\core\\Common.php',
  3 => 'D:\\wamp\\www\\websit2\\core\\Kite.php',
  4 => 'D:\\wamp\\www\\websit2\\core\\Route.php',
  5 => 'D:\\wamp\\www\\websit2\\Config.php',
  6 => 'D:\\wamp\\www\\websit2\\project\\home\\index.php',
  7 => 'D:\\wamp\\www\\websit2\\core\\Template.php',
  8 => 'D:\\wamp\\www\\websit2\\runtime\\cache\\6a992d5529f459a44fee58c733255e86.php',
  9 => 'D:\\wamp\\www\\websit2\\core\\Log.php',
)

---------------------------------------------------------------
[ 2018-09-15T07:09:49+00:00 ] 127.0.0.1 127.0.0.1 GET /
[ log ] www.k.com/ [运行时间：0.006000s][吞吐率：166.67req/s] [内存消耗：121.34kb] [文件加载：10]
array (
  0 => 'D:\\wamp\\www\\websit2\\index.php',
  1 => 'D:\\wamp\\www\\websit2\\core\\Autoload.php',
  2 => 'D:\\wamp\\www\\websit2\\core\\Common.php',
  3 => 'D:\\wamp\\www\\websit2\\core\\Kite.php',
  4 => 'D:\\wamp\\www\\websit2\\core\\Route.php',
  5 => 'D:\\wamp\\www\\websit2\\Config.php',
  6 => 'D:\\wamp\\www\\websit2\\project\\home\\index.php',
  7 => 'D:\\wamp\\www\\websit2\\core\\Template.php',
  8 => 'D:\\wamp\\www\\websit2\\runtime\\cache\\6a992d5529f459a44fee58c733255e86.php',
  9 => 'D:\\wamp\\www\\websit2\\core\\Log.php',
)

---------------------------------------------------------------
[ 2018-09-15T07:14:08+00:00 ] 127.0.0.1 127.0.0.1 GET /
[ log ] www.k.com/ [运行时间：0.009001s][吞吐率：111.10req/s] [内存消耗：121.34kb] [文件加载：10]
array (
  0 => 'D:\\wamp\\www\\websit2\\index.php',
  1 => 'D:\\wamp\\www\\websit2\\core\\Autoload.php',
  2 => 'D:\\wamp\\www\\websit2\\core\\Common.php',
  3 => 'D:\\wamp\\www\\websit2\\core\\Kite.php',
  4 => 'D:\\wamp\\www\\websit2\\core\\Route.php',
  5 => 'D:\\wamp\\www\\websit2\\Config.php',
  6 => 'D:\\wamp\\www\\websit2\\project\\home\\index.php',
  7 => 'D:\\wamp\\www\\websit2\\core\\Template.php',
  8 => 'D:\\wamp\\www\\websit2\\runtime\\cache\\6a992d5529f459a44fee58c733255e86.php',
  9 => 'D:\\wamp\\www\\websit2\\core\\Log.php',
)

---------------------------------------------------------------
[ 2018-09-15T07:14:13+00:00 ] 127.0.0.1 127.0.0.1 GET /
[ log ] www.k.com/ [运行时间：0.004000s][吞吐率：249.99req/s] [内存消耗：121.34kb] [文件加载：10]
array (
  0 => 'D:\\wamp\\www\\websit2\\index.php',
  1 => 'D:\\wamp\\www\\websit2\\core\\Autoload.php',
  2 => 'D:\\wamp\\www\\websit2\\core\\Common.php',
  3 => 'D:\\wamp\\www\\websit2\\core\\Kite.php',
  4 => 'D:\\wamp\\www\\websit2\\core\\Route.php',
  5 => 'D:\\wamp\\www\\websit2\\Config.php',
  6 => 'D:\\wamp\\www\\websit2\\project\\home\\index.php',
  7 => 'D:\\wamp\\www\\websit2\\core\\Template.php',
  8 => 'D:\\wamp\\www\\websit2\\runtime\\cache\\6a992d5529f459a44fee58c733255e86.php',
  9 => 'D:\\wamp\\www\\websit2\\core\\Log.php',
)

---------------------------------------------------------------
[ 2018-09-15T07:22:08+00:00 ] 127.0.0.1 127.0.0.1 GET /
[ log ] www.k.com/ [运行时间：0.009000s][吞吐率：111.11req/s] [内存消耗：121.34kb] [文件加载：10]
array (
  0 => 'D:\\wamp\\www\\websit2\\index.php',
  1 => 'D:\\wamp\\www\\websit2\\core\\Autoload.php',
  2 => 'D:\\wamp\\www\\websit2\\core\\Common.php',
  3 => 'D:\\wamp\\www\\websit2\\core\\Kite.php',
  4 => 'D:\\wamp\\www\\websit2\\core\\Route.php',
  5 => 'D:\\wamp\\www\\websit2\\Config.php',
  6 => 'D:\\wamp\\www\\websit2\\project\\home\\index.php',
  7 => 'D:\\wamp\\www\\websit2\\core\\Template.php',
  8 => 'D:\\wamp\\www\\websit2\\runtime\\cache\\6a992d5529f459a44fee58c733255e86.php',
  9 => 'D:\\wamp\\www\\websit2\\core\\Log.php',
)

---------------------------------------------------------------
[ 2018-09-15T07:23:53+00:00 ] 127.0.0.1 127.0.0.1 GET /
[ log ] www.k.com/ [运行时间：0.006000s][吞吐率：166.67req/s] [内存消耗：121.34kb] [文件加载：10]
array (
  0 => 'D:\\wamp\\www\\websit2\\index.php',
  1 => 'D:\\wamp\\www\\websit2\\core\\Autoload.php',
  2 => 'D:\\wamp\\www\\websit2\\core\\Common.php',
  3 => 'D:\\wamp\\www\\websit2\\core\\Kite.php',
  4 => 'D:\\wamp\\www\\websit2\\core\\Route.php',
  5 => 'D:\\wamp\\www\\websit2\\Config.php',
  6 => 'D:\\wamp\\www\\websit2\\project\\home\\index.php',
  7 => 'D:\\wamp\\www\\websit2\\core\\Template.php',
  8 => 'D:\\wamp\\www\\websit2\\runtime\\cache\\6a992d5529f459a44fee58c733255e86.php',
  9 => 'D:\\wamp\\www\\websit2\\core\\Log.php',
)

---------------------------------------------------------------
[ 2018-09-15T07:24:13+00:00 ] 127.0.0.1 127.0.0.1 GET /
[ log ] www.k.com/ [运行时间：0.007000s][吞吐率：142.85req/s] [内存消耗：121.73kb] [文件加载：10]
array (
  0 => 'D:\\wamp\\www\\websit2\\index.php',
  1 => 'D:\\wamp\\www\\websit2\\core\\Autoload.php',
  2 => 'D:\\wamp\\www\\websit2\\core\\Common.php',
  3 => 'D:\\wamp\\www\\websit2\\core\\Kite.php',
  4 => 'D:\\wamp\\www\\websit2\\core\\Route.php',
  5 => 'D:\\wamp\\www\\websit2\\Config.php',
  6 => 'D:\\wamp\\www\\websit2\\project\\home\\index.php',
  7 => 'D:\\wamp\\www\\websit2\\core\\Template.php',
  8 => 'D:\\wamp\\www\\websit2\\runtime\\cache\\6a992d5529f459a44fee58c733255e86.php',
  9 => 'D:\\wamp\\www\\websit2\\core\\Log.php',
)

---------------------------------------------------------------
[ 2018-09-15T07:24:30+00:00 ] 127.0.0.1 127.0.0.1 GET /
[ log ] www.k.com/ [运行时间：0.006000s][吞吐率：166.67req/s] [内存消耗：123.32kb] [文件加载：10]
array (
  0 => 'D:\\wamp\\www\\websit2\\index.php',
  1 => 'D:\\wamp\\www\\websit2\\core\\Autoload.php',
  2 => 'D:\\wamp\\www\\websit2\\core\\Common.php',
  3 => 'D:\\wamp\\www\\websit2\\core\\Kite.php',
  4 => 'D:\\wamp\\www\\websit2\\core\\Route.php',
  5 => 'D:\\wamp\\www\\websit2\\Config.php',
  6 => 'D:\\wamp\\www\\websit2\\project\\home\\index.php',
  7 => 'D:\\wamp\\www\\websit2\\core\\Template.php',
  8 => 'D:\\wamp\\www\\websit2\\runtime\\cache\\6a992d5529f459a44fee58c733255e86.php',
  9 => 'D:\\wamp\\www\\websit2\\core\\Log.php',
)

---------------------------------------------------------------
[ 2018-09-15T07:24:45+00:00 ] 127.0.0.1 127.0.0.1 GET /
[ log ] www.k.com/ [运行时间：0.004000s][吞吐率：249.99req/s] [内存消耗：123.31kb] [文件加载：10]
array (
  0 => 'D:\\wamp\\www\\websit2\\index.php',
  1 => 'D:\\wamp\\www\\websit2\\core\\Autoload.php',
  2 => 'D:\\wamp\\www\\websit2\\core\\Common.php',
  3 => 'D:\\wamp\\www\\websit2\\core\\Kite.php',
  4 => 'D:\\wamp\\www\\websit2\\core\\Route.php',
  5 => 'D:\\wamp\\www\\websit2\\Config.php',
  6 => 'D:\\wamp\\www\\websit2\\project\\home\\index.php',
  7 => 'D:\\wamp\\www\\websit2\\core\\Template.php',
  8 => 'D:\\wamp\\www\\websit2\\runtime\\cache\\6a992d5529f459a44fee58c733255e86.php',
  9 => 'D:\\wamp\\www\\websit2\\core\\Log.php',
)

---------------------------------------------------------------
[ 2018-09-15T07:25:03+00:00 ] 127.0.0.1 127.0.0.1 GET /
[ log ] www.k.com/ [运行时间：0.005000s][吞吐率：200.00req/s] [内存消耗：123.35kb] [文件加载：10]
array (
  0 => 'D:\\wamp\\www\\websit2\\index.php',
  1 => 'D:\\wamp\\www\\websit2\\core\\Autoload.php',
  2 => 'D:\\wamp\\www\\websit2\\core\\Common.php',
  3 => 'D:\\wamp\\www\\websit2\\core\\Kite.php',
  4 => 'D:\\wamp\\www\\websit2\\core\\Route.php',
  5 => 'D:\\wamp\\www\\websit2\\Config.php',
  6 => 'D:\\wamp\\www\\websit2\\project\\home\\index.php',
  7 => 'D:\\wamp\\www\\websit2\\core\\Template.php',
  8 => 'D:\\wamp\\www\\websit2\\runtime\\cache\\6a992d5529f459a44fee58c733255e86.php',
  9 => 'D:\\wamp\\www\\websit2\\core\\Log.php',
)

---------------------------------------------------------------
[ 2018-09-15T07:32:17+00:00 ] 127.0.0.1 127.0.0.1 GET /
[ log ] www.k.com/ [运行时间：0.005000s][吞吐率：200.00req/s] [内存消耗：122.95kb] [文件加载：10]
array (
  0 => 'D:\\wamp\\www\\websit2\\index.php',
  1 => 'D:\\wamp\\www\\websit2\\core\\Autoload.php',
  2 => 'D:\\wamp\\www\\websit2\\core\\Common.php',
  3 => 'D:\\wamp\\www\\websit2\\core\\Kite.php',
  4 => 'D:\\wamp\\www\\websit2\\core\\Route.php',
  5 => 'D:\\wamp\\www\\websit2\\Config.php',
  6 => 'D:\\wamp\\www\\websit2\\project\\home\\index.php',
  7 => 'D:\\wamp\\www\\websit2\\core\\Template.php',
  8 => 'D:\\wamp\\www\\websit2\\runtime\\cache\\6a992d5529f459a44fee58c733255e86.php',
  9 => 'D:\\wamp\\www\\websit2\\core\\Log.php',
)

---------------------------------------------------------------
[ 2018-09-15T07:33:18+00:00 ] 127.0.0.1 127.0.0.1 GET /
[ log ] www.k.com/ [运行时间：0.005000s][吞吐率：200.00req/s] [内存消耗：122.46kb] [文件加载：10]
array (
  0 => 'D:\\wamp\\www\\websit2\\index.php',
  1 => 'D:\\wamp\\www\\websit2\\core\\Autoload.php',
  2 => 'D:\\wamp\\www\\websit2\\core\\Common.php',
  3 => 'D:\\wamp\\www\\websit2\\core\\Kite.php',
  4 => 'D:\\wamp\\www\\websit2\\core\\Route.php',
  5 => 'D:\\wamp\\www\\websit2\\Config.php',
  6 => 'D:\\wamp\\www\\websit2\\project\\home\\index.php',
  7 => 'D:\\wamp\\www\\websit2\\core\\Template.php',
  8 => 'D:\\wamp\\www\\websit2\\runtime\\cache\\6a992d5529f459a44fee58c733255e86.php',
  9 => 'D:\\wamp\\www\\websit2\\core\\Log.php',
)

---------------------------------------------------------------
[ 2018-09-15T07:35:28+00:00 ] 127.0.0.1 127.0.0.1 GET /
[ log ] www.k.com/ [运行时间：0.005001s][吞吐率：199.97req/s] [内存消耗：122.46kb] [文件加载：10]
array (
  0 => 'D:\\wamp\\www\\websit2\\index.php',
  1 => 'D:\\wamp\\www\\websit2\\core\\Autoload.php',
  2 => 'D:\\wamp\\www\\websit2\\core\\Common.php',
  3 => 'D:\\wamp\\www\\websit2\\core\\Kite.php',
  4 => 'D:\\wamp\\www\\websit2\\core\\Route.php',
  5 => 'D:\\wamp\\www\\websit2\\Config.php',
  6 => 'D:\\wamp\\www\\websit2\\project\\home\\index.php',
  7 => 'D:\\wamp\\www\\websit2\\core\\Template.php',
  8 => 'D:\\wamp\\www\\websit2\\runtime\\cache\\6a992d5529f459a44fee58c733255e86.php',
  9 => 'D:\\wamp\\www\\websit2\\core\\Log.php',
)

---------------------------------------------------------------
[ 2018-09-15T07:36:05+00:00 ] 127.0.0.1 127.0.0.1 GET /
[ log ] www.k.com/ [运行时间：0.005001s][吞吐率：199.96req/s] [内存消耗：122.46kb] [文件加载：10]
array (
  0 => 'D:\\wamp\\www\\websit2\\index.php',
  1 => 'D:\\wamp\\www\\websit2\\core\\Autoload.php',
  2 => 'D:\\wamp\\www\\websit2\\core\\Common.php',
  3 => 'D:\\wamp\\www\\websit2\\core\\Kite.php',
  4 => 'D:\\wamp\\www\\websit2\\core\\Route.php',
  5 => 'D:\\wamp\\www\\websit2\\Config.php',
  6 => 'D:\\wamp\\www\\websit2\\project\\home\\index.php',
  7 => 'D:\\wamp\\www\\websit2\\core\\Template.php',
  8 => 'D:\\wamp\\www\\websit2\\runtime\\cache\\6a992d5529f459a44fee58c733255e86.php',
  9 => 'D:\\wamp\\www\\websit2\\core\\Log.php',
)

---------------------------------------------------------------
[ 2018-09-15T07:36:12+00:00 ] 127.0.0.1 127.0.0.1 GET /
[ log ] www.k.com/ [运行时间：0.005000s][吞吐率：200.00req/s] [内存消耗：122.46kb] [文件加载：10]
array (
  0 => 'D:\\wamp\\www\\websit2\\index.php',
  1 => 'D:\\wamp\\www\\websit2\\core\\Autoload.php',
  2 => 'D:\\wamp\\www\\websit2\\core\\Common.php',
  3 => 'D:\\wamp\\www\\websit2\\core\\Kite.php',
  4 => 'D:\\wamp\\www\\websit2\\core\\Route.php',
  5 => 'D:\\wamp\\www\\websit2\\Config.php',
  6 => 'D:\\wamp\\www\\websit2\\project\\home\\index.php',
  7 => 'D:\\wamp\\www\\websit2\\core\\Template.php',
  8 => 'D:\\wamp\\www\\websit2\\runtime\\cache\\6a992d5529f459a44fee58c733255e86.php',
  9 => 'D:\\wamp\\www\\websit2\\core\\Log.php',
)

---------------------------------------------------------------
[ 2018-09-15T07:38:51+00:00 ] 127.0.0.1 127.0.0.1 GET /
[ log ] www.k.com/ [运行时间：0.005000s][吞吐率：200.00req/s] [内存消耗：122.46kb] [文件加载：10]
array (
  0 => 'D:\\wamp\\www\\websit2\\index.php',
  1 => 'D:\\wamp\\www\\websit2\\core\\Autoload.php',
  2 => 'D:\\wamp\\www\\websit2\\core\\Common.php',
  3 => 'D:\\wamp\\www\\websit2\\core\\Kite.php',
  4 => 'D:\\wamp\\www\\websit2\\core\\Route.php',
  5 => 'D:\\wamp\\www\\websit2\\Config.php',
  6 => 'D:\\wamp\\www\\websit2\\project\\home\\index.php',
  7 => 'D:\\wamp\\www\\websit2\\core\\Template.php',
  8 => 'D:\\wamp\\www\\websit2\\runtime\\cache\\6a992d5529f459a44fee58c733255e86.php',
  9 => 'D:\\wamp\\www\\websit2\\core\\Log.php',
)

---------------------------------------------------------------
[ 2018-09-15T07:42:28+00:00 ] 127.0.0.1 127.0.0.1 GET /
[ log ] www.k.com/ [运行时间：0.007001s][吞吐率：142.84req/s] [内存消耗：122.36kb] [文件加载：10]
array (
  0 => 'D:\\wamp\\www\\websit2\\index.php',
  1 => 'D:\\wamp\\www\\websit2\\core\\Autoload.php',
  2 => 'D:\\wamp\\www\\websit2\\core\\Common.php',
  3 => 'D:\\wamp\\www\\websit2\\core\\Kite.php',
  4 => 'D:\\wamp\\www\\websit2\\core\\Route.php',
  5 => 'D:\\wamp\\www\\websit2\\Config.php',
  6 => 'D:\\wamp\\www\\websit2\\project\\home\\index.php',
  7 => 'D:\\wamp\\www\\websit2\\core\\Template.php',
  8 => 'D:\\wamp\\www\\websit2\\runtime\\cache\\6a992d5529f459a44fee58c733255e86.php',
  9 => 'D:\\wamp\\www\\websit2\\core\\Log.php',
)

---------------------------------------------------------------
[ 2018-09-15T07:55:39+00:00 ] 127.0.0.1 127.0.0.1 GET /
[ log ] www.k.com/ [运行时间：0.006000s][吞吐率：166.67req/s] [内存消耗：122.36kb] [文件加载：10]
array (
  0 => 'D:\\wamp\\www\\websit2\\index.php',
  1 => 'D:\\wamp\\www\\websit2\\core\\Autoload.php',
  2 => 'D:\\wamp\\www\\websit2\\core\\Common.php',
  3 => 'D:\\wamp\\www\\websit2\\core\\Kite.php',
  4 => 'D:\\wamp\\www\\websit2\\core\\Route.php',
  5 => 'D:\\wamp\\www\\websit2\\Config.php',
  6 => 'D:\\wamp\\www\\websit2\\project\\home\\index.php',
  7 => 'D:\\wamp\\www\\websit2\\core\\Template.php',
  8 => 'D:\\wamp\\www\\websit2\\runtime\\cache\\6a992d5529f459a44fee58c733255e86.php',
  9 => 'D:\\wamp\\www\\websit2\\core\\Log.php',
)

---------------------------------------------------------------
[ 2018-09-15T07:57:55+00:00 ] 127.0.0.1 127.0.0.1 GET /
[ log ] www.k.com/ [运行时间：0.004000s][吞吐率：250.00req/s] [内存消耗：122.36kb] [文件加载：10]
array (
  0 => 'D:\\wamp\\www\\websit2\\index.php',
  1 => 'D:\\wamp\\www\\websit2\\core\\Autoload.php',
  2 => 'D:\\wamp\\www\\websit2\\core\\Common.php',
  3 => 'D:\\wamp\\www\\websit2\\core\\Kite.php',
  4 => 'D:\\wamp\\www\\websit2\\core\\Route.php',
  5 => 'D:\\wamp\\www\\websit2\\Config.php',
  6 => 'D:\\wamp\\www\\websit2\\project\\home\\index.php',
  7 => 'D:\\wamp\\www\\websit2\\core\\Template.php',
  8 => 'D:\\wamp\\www\\websit2\\runtime\\cache\\6a992d5529f459a44fee58c733255e86.php',
  9 => 'D:\\wamp\\www\\websit2\\core\\Log.php',
)

---------------------------------------------------------------
[ 2018-09-15T08:12:04+00:00 ] 127.0.0.1 127.0.0.1 GET /
[ log ] www.k.com/ [运行时间：0.007000s][吞吐率：142.86req/s] [内存消耗：122.36kb] [文件加载：10]
array (
  0 => 'D:\\wamp\\www\\websit2\\index.php',
  1 => 'D:\\wamp\\www\\websit2\\core\\Autoload.php',
  2 => 'D:\\wamp\\www\\websit2\\core\\Common.php',
  3 => 'D:\\wamp\\www\\websit2\\core\\Kite.php',
  4 => 'D:\\wamp\\www\\websit2\\core\\Route.php',
  5 => 'D:\\wamp\\www\\websit2\\Config.php',
  6 => 'D:\\wamp\\www\\websit2\\project\\home\\index.php',
  7 => 'D:\\wamp\\www\\websit2\\core\\Template.php',
  8 => 'D:\\wamp\\www\\websit2\\runtime\\cache\\6a992d5529f459a44fee58c733255e86.php',
  9 => 'D:\\wamp\\www\\websit2\\core\\Log.php',
)

---------------------------------------------------------------
[ 2018-09-15T08:12:06+00:00 ] 127.0.0.1 127.0.0.1 GET /
[ log ] www.k.com/ [运行时间：0.004000s][吞吐率：249.99req/s] [内存消耗：122.36kb] [文件加载：10]
array (
  0 => 'D:\\wamp\\www\\websit2\\index.php',
  1 => 'D:\\wamp\\www\\websit2\\core\\Autoload.php',
  2 => 'D:\\wamp\\www\\websit2\\core\\Common.php',
  3 => 'D:\\wamp\\www\\websit2\\core\\Kite.php',
  4 => 'D:\\wamp\\www\\websit2\\core\\Route.php',
  5 => 'D:\\wamp\\www\\websit2\\Config.php',
  6 => 'D:\\wamp\\www\\websit2\\project\\home\\index.php',
  7 => 'D:\\wamp\\www\\websit2\\core\\Template.php',
  8 => 'D:\\wamp\\www\\websit2\\runtime\\cache\\6a992d5529f459a44fee58c733255e86.php',
  9 => 'D:\\wamp\\www\\websit2\\core\\Log.php',
)

---------------------------------------------------------------
[ 2018-09-15T08:12:56+00:00 ] 127.0.0.1 127.0.0.1 GET /
[ log ] www.k.com/ [运行时间：0.006000s][吞吐率：166.67req/s] [内存消耗：122.36kb] [文件加载：10]
array (
  0 => 'D:\\wamp\\www\\websit2\\index.php',
  1 => 'D:\\wamp\\www\\websit2\\core\\Autoload.php',
  2 => 'D:\\wamp\\www\\websit2\\core\\Common.php',
  3 => 'D:\\wamp\\www\\websit2\\core\\Kite.php',
  4 => 'D:\\wamp\\www\\websit2\\core\\Route.php',
  5 => 'D:\\wamp\\www\\websit2\\Config.php',
  6 => 'D:\\wamp\\www\\websit2\\project\\home\\index.php',
  7 => 'D:\\wamp\\www\\websit2\\core\\Template.php',
  8 => 'D:\\wamp\\www\\websit2\\runtime\\cache\\6a992d5529f459a44fee58c733255e86.php',
  9 => 'D:\\wamp\\www\\websit2\\core\\Log.php',
)

---------------------------------------------------------------
[ 2018-09-15T08:15:57+00:00 ] 127.0.0.1 127.0.0.1 GET /
[ log ] www.k.com/ [运行时间：0.005000s][吞吐率：200.00req/s] [内存消耗：122.16kb] [文件加载：10]
array (
  0 => 'D:\\wamp\\www\\websit2\\index.php',
  1 => 'D:\\wamp\\www\\websit2\\core\\Autoload.php',
  2 => 'D:\\wamp\\www\\websit2\\core\\Common.php',
  3 => 'D:\\wamp\\www\\websit2\\core\\Kite.php',
  4 => 'D:\\wamp\\www\\websit2\\core\\Route.php',
  5 => 'D:\\wamp\\www\\websit2\\Config.php',
  6 => 'D:\\wamp\\www\\websit2\\project\\home\\index.php',
  7 => 'D:\\wamp\\www\\websit2\\core\\Template.php',
  8 => 'D:\\wamp\\www\\websit2\\runtime\\cache\\6a992d5529f459a44fee58c733255e86.php',
  9 => 'D:\\wamp\\www\\websit2\\core\\Log.php',
)

---------------------------------------------------------------
[ 2018-09-15T08:16:20+00:00 ] 127.0.0.1 127.0.0.1 GET /
[ log ] www.k.com/ [运行时间：0.005000s][吞吐率：200.00req/s] [内存消耗：122.38kb] [文件加载：10]
array (
  0 => 'D:\\wamp\\www\\websit2\\index.php',
  1 => 'D:\\wamp\\www\\websit2\\core\\Autoload.php',
  2 => 'D:\\wamp\\www\\websit2\\core\\Common.php',
  3 => 'D:\\wamp\\www\\websit2\\core\\Kite.php',
  4 => 'D:\\wamp\\www\\websit2\\core\\Route.php',
  5 => 'D:\\wamp\\www\\websit2\\Config.php',
  6 => 'D:\\wamp\\www\\websit2\\project\\home\\index.php',
  7 => 'D:\\wamp\\www\\websit2\\core\\Template.php',
  8 => 'D:\\wamp\\www\\websit2\\runtime\\cache\\6a992d5529f459a44fee58c733255e86.php',
  9 => 'D:\\wamp\\www\\websit2\\core\\Log.php',
)

---------------------------------------------------------------
[ 2018-09-15T08:16:41+00:00 ] 127.0.0.1 127.0.0.1 GET /
[ log ] www.k.com/ [运行时间：0.004000s][吞吐率：250.00req/s] [内存消耗：122.39kb] [文件加载：10]
array (
  0 => 'D:\\wamp\\www\\websit2\\index.php',
  1 => 'D:\\wamp\\www\\websit2\\core\\Autoload.php',
  2 => 'D:\\wamp\\www\\websit2\\core\\Common.php',
  3 => 'D:\\wamp\\www\\websit2\\core\\Kite.php',
  4 => 'D:\\wamp\\www\\websit2\\core\\Route.php',
  5 => 'D:\\wamp\\www\\websit2\\Config.php',
  6 => 'D:\\wamp\\www\\websit2\\project\\home\\index.php',
  7 => 'D:\\wamp\\www\\websit2\\core\\Template.php',
  8 => 'D:\\wamp\\www\\websit2\\runtime\\cache\\6a992d5529f459a44fee58c733255e86.php',
  9 => 'D:\\wamp\\www\\websit2\\core\\Log.php',
)

---------------------------------------------------------------
[ 2018-09-15T08:16:59+00:00 ] 127.0.0.1 127.0.0.1 GET /
[ log ] www.k.com/ [运行时间：0.006001s][吞吐率：166.64req/s] [内存消耗：122.39kb] [文件加载：10]
array (
  0 => 'D:\\wamp\\www\\websit2\\index.php',
  1 => 'D:\\wamp\\www\\websit2\\core\\Autoload.php',
  2 => 'D:\\wamp\\www\\websit2\\core\\Common.php',
  3 => 'D:\\wamp\\www\\websit2\\core\\Kite.php',
  4 => 'D:\\wamp\\www\\websit2\\core\\Route.php',
  5 => 'D:\\wamp\\www\\websit2\\Config.php',
  6 => 'D:\\wamp\\www\\websit2\\project\\home\\index.php',
  7 => 'D:\\wamp\\www\\websit2\\core\\Template.php',
  8 => 'D:\\wamp\\www\\websit2\\runtime\\cache\\6a992d5529f459a44fee58c733255e86.php',
  9 => 'D:\\wamp\\www\\websit2\\core\\Log.php',
)

---------------------------------------------------------------
[ 2018-09-15T08:17:11+00:00 ] 127.0.0.1 127.0.0.1 GET /
[ log ] www.k.com/ [运行时间：0.005000s][吞吐率：200.00req/s] [内存消耗：122.39kb] [文件加载：10]
array (
  0 => 'D:\\wamp\\www\\websit2\\index.php',
  1 => 'D:\\wamp\\www\\websit2\\core\\Autoload.php',
  2 => 'D:\\wamp\\www\\websit2\\core\\Common.php',
  3 => 'D:\\wamp\\www\\websit2\\core\\Kite.php',
  4 => 'D:\\wamp\\www\\websit2\\core\\Route.php',
  5 => 'D:\\wamp\\www\\websit2\\Config.php',
  6 => 'D:\\wamp\\www\\websit2\\project\\home\\index.php',
  7 => 'D:\\wamp\\www\\websit2\\core\\Template.php',
  8 => 'D:\\wamp\\www\\websit2\\runtime\\cache\\6a992d5529f459a44fee58c733255e86.php',
  9 => 'D:\\wamp\\www\\websit2\\core\\Log.php',
)

---------------------------------------------------------------
