[ 2018-09-19T01:20:50+00:00 ] 127.0.0.1 127.0.0.1 GET /
[ log ] www.k.com/ [运行时间：0.135007s][吞吐率：7.41req/s] [内存消耗：196.04kb] [文件加载：11]
array (
  0 => 'D:\\wamp\\www\\websit2\\index.php',
  1 => 'D:\\wamp\\www\\websit2\\core\\Autoload.php',
  2 => 'D:\\wamp\\www\\websit2\\core\\Common.php',
  3 => 'D:\\wamp\\www\\websit2\\core\\Kite.php',
  4 => 'D:\\wamp\\www\\websit2\\core\\Route.php',
  5 => 'D:\\wamp\\www\\websit2\\Config.php',
  6 => 'D:\\wamp\\www\\websit2\\project\\home\\index.php',
  7 => 'D:\\wamp\\www\\websit2\\core\\Template.php',
  8 => 'D:\\wamp\\www\\websit2\\core\\Db.php',
  9 => 'D:\\wamp\\www\\websit2\\core\\Log.php',
  10 => 'D:\\wamp\\www\\websit2\\runtime\\cache\\6a992d5529f459a44fee58c733255e86.php',
)
[ sql ] [ EXPLAIN : array (
  'id' => 1,
  'select_type' => 'SIMPLE',
  'table' => 'k_netname',
  'partitions' => NULL,
  'type' => 'ALL',
  'possible_keys' => NULL,
  'key' => NULL,
  'key_len' => NULL,
  'ref' => NULL,
  'rows' => 13,
  'filtered' => 100,
  'extra' => NULL,
) ]
[ sql ] [ EXPLAIN : array (
  'id' => 1,
  'select_type' => 'SIMPLE',
  'table' => 'k_headpic',
  'partitions' => NULL,
  'type' => 'ALL',
  'possible_keys' => NULL,
  'key' => NULL,
  'key_len' => NULL,
  'ref' => NULL,
  'rows' => 4,
  'filtered' => 100,
  'extra' => NULL,
) ]
[ sql ] [ EXPLAIN : array (
  'id' => 1,
  'select_type' => 'SIMPLE',
  'table' => NULL,
  'partitions' => NULL,
  'type' => NULL,
  'possible_keys' => NULL,
  'key' => NULL,
  'key_len' => NULL,
  'ref' => NULL,
  'rows' => NULL,
  'filtered' => NULL,
  'extra' => 'no matching row in const table',
) ]
[ sql ] [ EXPLAIN : array (
  'id' => 1,
  'select_type' => 'SIMPLE',
  'table' => 'k_sign',
  'partitions' => NULL,
  'type' => 'ALL',
  'possible_keys' => NULL,
  'key' => NULL,
  'key_len' => NULL,
  'ref' => NULL,
  'rows' => 6,
  'filtered' => 100,
  'extra' => NULL,
) ]

---------------------------------------------------------------
[ 2018-09-19T01:20:54+00:00 ] 127.0.0.1 127.0.0.1 GET /wangming/
[ log ] www.k.com/wangming/ [运行时间：0.024001s][吞吐率：41.67req/s] [内存消耗：187.78kb] [文件加载：11]
array (
  0 => 'D:\\wamp\\www\\websit2\\index.php',
  1 => 'D:\\wamp\\www\\websit2\\core\\Autoload.php',
  2 => 'D:\\wamp\\www\\websit2\\core\\Common.php',
  3 => 'D:\\wamp\\www\\websit2\\core\\Kite.php',
  4 => 'D:\\wamp\\www\\websit2\\core\\Route.php',
  5 => 'D:\\wamp\\www\\websit2\\Config.php',
  6 => 'D:\\wamp\\www\\websit2\\project\\wangming\\index.php',
  7 => 'D:\\wamp\\www\\websit2\\core\\Template.php',
  8 => 'D:\\wamp\\www\\websit2\\core\\Db.php',
  9 => 'D:\\wamp\\www\\websit2\\core\\Log.php',
  10 => 'D:\\wamp\\www\\websit2\\runtime\\cache\\6a992d5529f459a44fee58c733255e86.php',
)
[ sql ] [ EXPLAIN : array (
  'id' => 1,
  'select_type' => 'SIMPLE',
  'table' => 'k_netname',
  'partitions' => NULL,
  'type' => 'ALL',
  'possible_keys' => NULL,
  'key' => NULL,
  'key_len' => NULL,
  'ref' => NULL,
  'rows' => 13,
  'filtered' => 100,
  'extra' => NULL,
) ]

---------------------------------------------------------------
[ 2018-09-19T01:32:37+00:00 ] 127.0.0.1 127.0.0.1 GET /wangming/
[ log ] www.k.com/wangming/ [运行时间：0.014001s][吞吐率：71.42req/s] [内存消耗：188.74kb] [文件加载：11]
array (
  0 => 'D:\\wamp\\www\\websit2\\index.php',
  1 => 'D:\\wamp\\www\\websit2\\core\\Autoload.php',
  2 => 'D:\\wamp\\www\\websit2\\core\\Common.php',
  3 => 'D:\\wamp\\www\\websit2\\core\\Kite.php',
  4 => 'D:\\wamp\\www\\websit2\\core\\Route.php',
  5 => 'D:\\wamp\\www\\websit2\\Config.php',
  6 => 'D:\\wamp\\www\\websit2\\project\\wangming\\index.php',
  7 => 'D:\\wamp\\www\\websit2\\core\\Template.php',
  8 => 'D:\\wamp\\www\\websit2\\core\\Db.php',
  9 => 'D:\\wamp\\www\\websit2\\core\\Log.php',
  10 => 'D:\\wamp\\www\\websit2\\runtime\\cache\\6a992d5529f459a44fee58c733255e86.php',
)
[ sql ] [ EXPLAIN : array (
  'id' => 1,
  'select_type' => 'SIMPLE',
  'table' => 'k_netname',
  'partitions' => NULL,
  'type' => 'ALL',
  'possible_keys' => NULL,
  'key' => NULL,
  'key_len' => NULL,
  'ref' => NULL,
  'rows' => 15,
  'filtered' => 100,
  'extra' => NULL,
) ]

---------------------------------------------------------------
[ 2018-09-19T01:32:38+00:00 ] 127.0.0.1 127.0.0.1 GET /touxiang/
[ log ] www.k.com/touxiang/ [运行时间：0.019001s][吞吐率：52.63req/s] [内存消耗：184.04kb] [文件加载：11]
array (
  0 => 'D:\\wamp\\www\\websit2\\index.php',
  1 => 'D:\\wamp\\www\\websit2\\core\\Autoload.php',
  2 => 'D:\\wamp\\www\\websit2\\core\\Common.php',
  3 => 'D:\\wamp\\www\\websit2\\core\\Kite.php',
  4 => 'D:\\wamp\\www\\websit2\\core\\Route.php',
  5 => 'D:\\wamp\\www\\websit2\\Config.php',
  6 => 'D:\\wamp\\www\\websit2\\project\\touxiang\\index.php',
  7 => 'D:\\wamp\\www\\websit2\\core\\Template.php',
  8 => 'D:\\wamp\\www\\websit2\\core\\Db.php',
  9 => 'D:\\wamp\\www\\websit2\\core\\Log.php',
  10 => 'D:\\wamp\\www\\websit2\\runtime\\cache\\6a992d5529f459a44fee58c733255e86.php',
)
[ sql ] [ EXPLAIN : array (
  'id' => 1,
  'select_type' => 'SIMPLE',
  'table' => 'k_headpic',
  'partitions' => NULL,
  'type' => 'ALL',
  'possible_keys' => NULL,
  'key' => NULL,
  'key_len' => NULL,
  'ref' => NULL,
  'rows' => 4,
  'filtered' => 100,
  'extra' => NULL,
) ]

---------------------------------------------------------------
[ 2018-09-19T01:32:39+00:00 ] 127.0.0.1 127.0.0.1 GET /qianming/
[ log ] www.k.com/qianming/ [运行时间：0.011000s][吞吐率：90.91req/s] [内存消耗：185.63kb] [文件加载：11]
array (
  0 => 'D:\\wamp\\www\\websit2\\index.php',
  1 => 'D:\\wamp\\www\\websit2\\core\\Autoload.php',
  2 => 'D:\\wamp\\www\\websit2\\core\\Common.php',
  3 => 'D:\\wamp\\www\\websit2\\core\\Kite.php',
  4 => 'D:\\wamp\\www\\websit2\\core\\Route.php',
  5 => 'D:\\wamp\\www\\websit2\\Config.php',
  6 => 'D:\\wamp\\www\\websit2\\project\\qianming\\index.php',
  7 => 'D:\\wamp\\www\\websit2\\core\\Template.php',
  8 => 'D:\\wamp\\www\\websit2\\core\\Db.php',
  9 => 'D:\\wamp\\www\\websit2\\core\\Log.php',
  10 => 'D:\\wamp\\www\\websit2\\runtime\\cache\\6a992d5529f459a44fee58c733255e86.php',
)
[ sql ] [ EXPLAIN : array (
  'id' => 1,
  'select_type' => 'SIMPLE',
  'table' => 'k_sign',
  'partitions' => NULL,
  'type' => 'ALL',
  'possible_keys' => NULL,
  'key' => NULL,
  'key_len' => NULL,
  'ref' => NULL,
  'rows' => 7,
  'filtered' => 100,
  'extra' => NULL,
) ]

---------------------------------------------------------------
[ 2018-09-19T01:40:12+00:00 ] 127.0.0.1 127.0.0.1 GET /qianming/
[ log ] www.k.com/qianming/ [运行时间：0.011001s][吞吐率：90.90req/s] [内存消耗：186.22kb] [文件加载：11]
array (
  0 => 'D:\\wamp\\www\\websit2\\index.php',
  1 => 'D:\\wamp\\www\\websit2\\core\\Autoload.php',
  2 => 'D:\\wamp\\www\\websit2\\core\\Common.php',
  3 => 'D:\\wamp\\www\\websit2\\core\\Kite.php',
  4 => 'D:\\wamp\\www\\websit2\\core\\Route.php',
  5 => 'D:\\wamp\\www\\websit2\\Config.php',
  6 => 'D:\\wamp\\www\\websit2\\project\\qianming\\index.php',
  7 => 'D:\\wamp\\www\\websit2\\core\\Template.php',
  8 => 'D:\\wamp\\www\\websit2\\core\\Db.php',
  9 => 'D:\\wamp\\www\\websit2\\core\\Log.php',
  10 => 'D:\\wamp\\www\\websit2\\runtime\\cache\\6a992d5529f459a44fee58c733255e86.php',
)
[ sql ] [ EXPLAIN : array (
  'id' => 1,
  'select_type' => 'SIMPLE',
  'table' => 'k_sign',
  'partitions' => NULL,
  'type' => 'ALL',
  'possible_keys' => NULL,
  'key' => NULL,
  'key_len' => NULL,
  'ref' => NULL,
  'rows' => 8,
  'filtered' => 100,
  'extra' => NULL,
) ]

---------------------------------------------------------------
[ 2018-09-19T01:40:14+00:00 ] 127.0.0.1 127.0.0.1 GET /wangming/
[ log ] www.k.com/wangming/ [运行时间：0.016001s][吞吐率：62.50req/s] [内存消耗：189.21kb] [文件加载：11]
array (
  0 => 'D:\\wamp\\www\\websit2\\index.php',
  1 => 'D:\\wamp\\www\\websit2\\core\\Autoload.php',
  2 => 'D:\\wamp\\www\\websit2\\core\\Common.php',
  3 => 'D:\\wamp\\www\\websit2\\core\\Kite.php',
  4 => 'D:\\wamp\\www\\websit2\\core\\Route.php',
  5 => 'D:\\wamp\\www\\websit2\\Config.php',
  6 => 'D:\\wamp\\www\\websit2\\project\\wangming\\index.php',
  7 => 'D:\\wamp\\www\\websit2\\core\\Template.php',
  8 => 'D:\\wamp\\www\\websit2\\core\\Db.php',
  9 => 'D:\\wamp\\www\\websit2\\core\\Log.php',
  10 => 'D:\\wamp\\www\\websit2\\runtime\\cache\\6a992d5529f459a44fee58c733255e86.php',
)
[ sql ] [ EXPLAIN : array (
  'id' => 1,
  'select_type' => 'SIMPLE',
  'table' => 'k_netname',
  'partitions' => NULL,
  'type' => 'ALL',
  'possible_keys' => NULL,
  'key' => NULL,
  'key_len' => NULL,
  'ref' => NULL,
  'rows' => 16,
  'filtered' => 100,
  'extra' => NULL,
) ]

---------------------------------------------------------------
[ 2018-09-19T01:58:50+00:00 ] 127.0.0.1 127.0.0.1 GET /
[ log ] www.k.com/ [运行时间：0.019001s][吞吐率：52.63req/s] [内存消耗：197.91kb] [文件加载：11]
array (
  0 => 'D:\\wamp\\www\\websit2\\index.php',
  1 => 'D:\\wamp\\www\\websit2\\core\\Autoload.php',
  2 => 'D:\\wamp\\www\\websit2\\core\\Common.php',
  3 => 'D:\\wamp\\www\\websit2\\core\\Kite.php',
  4 => 'D:\\wamp\\www\\websit2\\core\\Route.php',
  5 => 'D:\\wamp\\www\\websit2\\Config.php',
  6 => 'D:\\wamp\\www\\websit2\\project\\home\\index.php',
  7 => 'D:\\wamp\\www\\websit2\\core\\Template.php',
  8 => 'D:\\wamp\\www\\websit2\\core\\Db.php',
  9 => 'D:\\wamp\\www\\websit2\\core\\Log.php',
  10 => 'D:\\wamp\\www\\websit2\\runtime\\cache\\6a992d5529f459a44fee58c733255e86.php',
)
[ sql ] [ EXPLAIN : array (
  'id' => 1,
  'select_type' => 'SIMPLE',
  'table' => 'k_netname',
  'partitions' => NULL,
  'type' => 'ALL',
  'possible_keys' => NULL,
  'key' => NULL,
  'key_len' => NULL,
  'ref' => NULL,
  'rows' => 19,
  'filtered' => 100,
  'extra' => NULL,
) ]
[ sql ] [ EXPLAIN : array (
  'id' => 1,
  'select_type' => 'SIMPLE',
  'table' => 'k_headpic',
  'partitions' => NULL,
  'type' => 'ALL',
  'possible_keys' => NULL,
  'key' => NULL,
  'key_len' => NULL,
  'ref' => NULL,
  'rows' => 4,
  'filtered' => 100,
  'extra' => NULL,
) ]
[ sql ] [ EXPLAIN : array (
  'id' => 1,
  'select_type' => 'SIMPLE',
  'table' => NULL,
  'partitions' => NULL,
  'type' => NULL,
  'possible_keys' => NULL,
  'key' => NULL,
  'key_len' => NULL,
  'ref' => NULL,
  'rows' => NULL,
  'filtered' => NULL,
  'extra' => 'no matching row in const table',
) ]
[ sql ] [ EXPLAIN : array (
  'id' => 1,
  'select_type' => 'SIMPLE',
  'table' => 'k_sign',
  'partitions' => NULL,
  'type' => 'ALL',
  'possible_keys' => NULL,
  'key' => NULL,
  'key_len' => NULL,
  'ref' => NULL,
  'rows' => 9,
  'filtered' => 100,
  'extra' => NULL,
) ]

---------------------------------------------------------------
[ 2018-09-19T01:59:22+00:00 ] 127.0.0.1 127.0.0.1 GET /
[ log ] www.k.com/ [运行时间：0.023001s][吞吐率：43.48req/s] [内存消耗：195.55kb] [文件加载：11]
array (
  0 => 'D:\\wamp\\www\\websit2\\index.php',
  1 => 'D:\\wamp\\www\\websit2\\core\\Autoload.php',
  2 => 'D:\\wamp\\www\\websit2\\core\\Common.php',
  3 => 'D:\\wamp\\www\\websit2\\core\\Kite.php',
  4 => 'D:\\wamp\\www\\websit2\\core\\Route.php',
  5 => 'D:\\wamp\\www\\websit2\\Config.php',
  6 => 'D:\\wamp\\www\\websit2\\project\\home\\index.php',
  7 => 'D:\\wamp\\www\\websit2\\core\\Template.php',
  8 => 'D:\\wamp\\www\\websit2\\core\\Db.php',
  9 => 'D:\\wamp\\www\\websit2\\core\\Log.php',
  10 => 'D:\\wamp\\www\\websit2\\runtime\\cache\\6a992d5529f459a44fee58c733255e86.php',
)
[ sql ] [ EXPLAIN : array (
  'id' => 1,
  'select_type' => 'SIMPLE',
  'table' => 'k_netname',
  'partitions' => NULL,
  'type' => 'ALL',
  'possible_keys' => NULL,
  'key' => NULL,
  'key_len' => NULL,
  'ref' => NULL,
  'rows' => 19,
  'filtered' => 100,
  'extra' => NULL,
) ]
[ sql ] [ EXPLAIN : array (
  'id' => 1,
  'select_type' => 'SIMPLE',
  'table' => 'k_headpic',
  'partitions' => NULL,
  'type' => 'ALL',
  'possible_keys' => NULL,
  'key' => NULL,
  'key_len' => NULL,
  'ref' => NULL,
  'rows' => 4,
  'filtered' => 100,
  'extra' => NULL,
) ]
[ sql ] [ EXPLAIN : array (
  'id' => 1,
  'select_type' => 'SIMPLE',
  'table' => NULL,
  'partitions' => NULL,
  'type' => NULL,
  'possible_keys' => NULL,
  'key' => NULL,
  'key_len' => NULL,
  'ref' => NULL,
  'rows' => NULL,
  'filtered' => NULL,
  'extra' => 'no matching row in const table',
) ]
[ sql ] [ EXPLAIN : array (
  'id' => 1,
  'select_type' => 'SIMPLE',
  'table' => 'k_sign',
  'partitions' => NULL,
  'type' => 'ALL',
  'possible_keys' => NULL,
  'key' => NULL,
  'key_len' => NULL,
  'ref' => NULL,
  'rows' => 9,
  'filtered' => 100,
  'extra' => NULL,
) ]

---------------------------------------------------------------
[ 2018-09-19T01:59:35+00:00 ] 127.0.0.1 127.0.0.1 GET /
[ log ] www.k.com/ [运行时间：0.022001s][吞吐率：45.45req/s] [内存消耗：195.56kb] [文件加载：11]
array (
  0 => 'D:\\wamp\\www\\websit2\\index.php',
  1 => 'D:\\wamp\\www\\websit2\\core\\Autoload.php',
  2 => 'D:\\wamp\\www\\websit2\\core\\Common.php',
  3 => 'D:\\wamp\\www\\websit2\\core\\Kite.php',
  4 => 'D:\\wamp\\www\\websit2\\core\\Route.php',
  5 => 'D:\\wamp\\www\\websit2\\Config.php',
  6 => 'D:\\wamp\\www\\websit2\\project\\home\\index.php',
  7 => 'D:\\wamp\\www\\websit2\\core\\Template.php',
  8 => 'D:\\wamp\\www\\websit2\\core\\Db.php',
  9 => 'D:\\wamp\\www\\websit2\\core\\Log.php',
  10 => 'D:\\wamp\\www\\websit2\\runtime\\cache\\6a992d5529f459a44fee58c733255e86.php',
)
[ sql ] [ EXPLAIN : array (
  'id' => 1,
  'select_type' => 'SIMPLE',
  'table' => 'k_netname',
  'partitions' => NULL,
  'type' => 'ALL',
  'possible_keys' => NULL,
  'key' => NULL,
  'key_len' => NULL,
  'ref' => NULL,
  'rows' => 19,
  'filtered' => 100,
  'extra' => NULL,
) ]
[ sql ] [ EXPLAIN : array (
  'id' => 1,
  'select_type' => 'SIMPLE',
  'table' => 'k_headpic',
  'partitions' => NULL,
  'type' => 'ALL',
  'possible_keys' => NULL,
  'key' => NULL,
  'key_len' => NULL,
  'ref' => NULL,
  'rows' => 4,
  'filtered' => 100,
  'extra' => NULL,
) ]
[ sql ] [ EXPLAIN : array (
  'id' => 1,
  'select_type' => 'SIMPLE',
  'table' => NULL,
  'partitions' => NULL,
  'type' => NULL,
  'possible_keys' => NULL,
  'key' => NULL,
  'key_len' => NULL,
  'ref' => NULL,
  'rows' => NULL,
  'filtered' => NULL,
  'extra' => 'no matching row in const table',
) ]
[ sql ] [ EXPLAIN : array (
  'id' => 1,
  'select_type' => 'SIMPLE',
  'table' => 'k_sign',
  'partitions' => NULL,
  'type' => 'ALL',
  'possible_keys' => NULL,
  'key' => NULL,
  'key_len' => NULL,
  'ref' => NULL,
  'rows' => 9,
  'filtered' => 100,
  'extra' => NULL,
) ]

---------------------------------------------------------------
[ 2018-09-19T01:59:39+00:00 ] 127.0.0.1 127.0.0.1 GET /wangming/
[ log ] www.k.com/wangming/ [运行时间：0.018001s][吞吐率：55.55req/s] [内存消耗：190.64kb] [文件加载：11]
array (
  0 => 'D:\\wamp\\www\\websit2\\index.php',
  1 => 'D:\\wamp\\www\\websit2\\core\\Autoload.php',
  2 => 'D:\\wamp\\www\\websit2\\core\\Common.php',
  3 => 'D:\\wamp\\www\\websit2\\core\\Kite.php',
  4 => 'D:\\wamp\\www\\websit2\\core\\Route.php',
  5 => 'D:\\wamp\\www\\websit2\\Config.php',
  6 => 'D:\\wamp\\www\\websit2\\project\\wangming\\index.php',
  7 => 'D:\\wamp\\www\\websit2\\core\\Template.php',
  8 => 'D:\\wamp\\www\\websit2\\core\\Db.php',
  9 => 'D:\\wamp\\www\\websit2\\core\\Log.php',
  10 => 'D:\\wamp\\www\\websit2\\runtime\\cache\\6a992d5529f459a44fee58c733255e86.php',
)
[ sql ] [ EXPLAIN : array (
  'id' => 1,
  'select_type' => 'SIMPLE',
  'table' => 'k_netname',
  'partitions' => NULL,
  'type' => 'ALL',
  'possible_keys' => NULL,
  'key' => NULL,
  'key_len' => NULL,
  'ref' => NULL,
  'rows' => 19,
  'filtered' => 100,
  'extra' => NULL,
) ]

---------------------------------------------------------------
[ 2018-09-19T01:59:40+00:00 ] 127.0.0.1 127.0.0.1 GET /touxiang/
[ log ] www.k.com/touxiang/ [运行时间：0.010000s][吞吐率：100.00req/s] [内存消耗：184.04kb] [文件加载：11]
array (
  0 => 'D:\\wamp\\www\\websit2\\index.php',
  1 => 'D:\\wamp\\www\\websit2\\core\\Autoload.php',
  2 => 'D:\\wamp\\www\\websit2\\core\\Common.php',
  3 => 'D:\\wamp\\www\\websit2\\core\\Kite.php',
  4 => 'D:\\wamp\\www\\websit2\\core\\Route.php',
  5 => 'D:\\wamp\\www\\websit2\\Config.php',
  6 => 'D:\\wamp\\www\\websit2\\project\\touxiang\\index.php',
  7 => 'D:\\wamp\\www\\websit2\\core\\Template.php',
  8 => 'D:\\wamp\\www\\websit2\\core\\Db.php',
  9 => 'D:\\wamp\\www\\websit2\\core\\Log.php',
  10 => 'D:\\wamp\\www\\websit2\\runtime\\cache\\6a992d5529f459a44fee58c733255e86.php',
)
[ sql ] [ EXPLAIN : array (
  'id' => 1,
  'select_type' => 'SIMPLE',
  'table' => 'k_headpic',
  'partitions' => NULL,
  'type' => 'ALL',
  'possible_keys' => NULL,
  'key' => NULL,
  'key_len' => NULL,
  'ref' => NULL,
  'rows' => 4,
  'filtered' => 100,
  'extra' => NULL,
) ]

---------------------------------------------------------------
[ 2018-09-19T01:59:41+00:00 ] 127.0.0.1 127.0.0.1 GET /qianming/
[ log ] www.k.com/qianming/ [运行时间：0.019001s][吞吐率：52.63req/s] [内存消耗：186.80kb] [文件加载：11]
array (
  0 => 'D:\\wamp\\www\\websit2\\index.php',
  1 => 'D:\\wamp\\www\\websit2\\core\\Autoload.php',
  2 => 'D:\\wamp\\www\\websit2\\core\\Common.php',
  3 => 'D:\\wamp\\www\\websit2\\core\\Kite.php',
  4 => 'D:\\wamp\\www\\websit2\\core\\Route.php',
  5 => 'D:\\wamp\\www\\websit2\\Config.php',
  6 => 'D:\\wamp\\www\\websit2\\project\\qianming\\index.php',
  7 => 'D:\\wamp\\www\\websit2\\core\\Template.php',
  8 => 'D:\\wamp\\www\\websit2\\core\\Db.php',
  9 => 'D:\\wamp\\www\\websit2\\core\\Log.php',
  10 => 'D:\\wamp\\www\\websit2\\runtime\\cache\\6a992d5529f459a44fee58c733255e86.php',
)
[ sql ] [ EXPLAIN : array (
  'id' => 1,
  'select_type' => 'SIMPLE',
  'table' => 'k_sign',
  'partitions' => NULL,
  'type' => 'ALL',
  'possible_keys' => NULL,
  'key' => NULL,
  'key_len' => NULL,
  'ref' => NULL,
  'rows' => 9,
  'filtered' => 100,
  'extra' => NULL,
) ]

---------------------------------------------------------------
[ 2018-09-19T02:05:41+00:00 ] 127.0.0.1 127.0.0.1 GET /
[ log ] www.k.com/ [运行时间：0.015001s][吞吐率：66.66req/s] [内存消耗：195.54kb] [文件加载：11]
array (
  0 => 'D:\\wamp\\www\\websit2\\index.php',
  1 => 'D:\\wamp\\www\\websit2\\core\\Autoload.php',
  2 => 'D:\\wamp\\www\\websit2\\core\\Common.php',
  3 => 'D:\\wamp\\www\\websit2\\core\\Kite.php',
  4 => 'D:\\wamp\\www\\websit2\\core\\Route.php',
  5 => 'D:\\wamp\\www\\websit2\\Config.php',
  6 => 'D:\\wamp\\www\\websit2\\project\\home\\index.php',
  7 => 'D:\\wamp\\www\\websit2\\core\\Template.php',
  8 => 'D:\\wamp\\www\\websit2\\core\\Db.php',
  9 => 'D:\\wamp\\www\\websit2\\core\\Log.php',
  10 => 'D:\\wamp\\www\\websit2\\runtime\\cache\\6a992d5529f459a44fee58c733255e86.php',
)
[ sql ] [ EXPLAIN : array (
  'id' => 1,
  'select_type' => 'SIMPLE',
  'table' => 'k_netname',
  'partitions' => NULL,
  'type' => 'ALL',
  'possible_keys' => NULL,
  'key' => NULL,
  'key_len' => NULL,
  'ref' => NULL,
  'rows' => 19,
  'filtered' => 100,
  'extra' => NULL,
) ]
[ sql ] [ EXPLAIN : array (
  'id' => 1,
  'select_type' => 'SIMPLE',
  'table' => 'k_headpic',
  'partitions' => NULL,
  'type' => 'ALL',
  'possible_keys' => NULL,
  'key' => NULL,
  'key_len' => NULL,
  'ref' => NULL,
  'rows' => 4,
  'filtered' => 100,
  'extra' => NULL,
) ]
[ sql ] [ EXPLAIN : array (
  'id' => 1,
  'select_type' => 'SIMPLE',
  'table' => NULL,
  'partitions' => NULL,
  'type' => NULL,
  'possible_keys' => NULL,
  'key' => NULL,
  'key_len' => NULL,
  'ref' => NULL,
  'rows' => NULL,
  'filtered' => NULL,
  'extra' => 'no matching row in const table',
) ]
[ sql ] [ EXPLAIN : array (
  'id' => 1,
  'select_type' => 'SIMPLE',
  'table' => 'k_sign',
  'partitions' => NULL,
  'type' => 'ALL',
  'possible_keys' => NULL,
  'key' => NULL,
  'key_len' => NULL,
  'ref' => NULL,
  'rows' => 10,
  'filtered' => 100,
  'extra' => NULL,
) ]

---------------------------------------------------------------
[ 2018-09-19T02:08:40+00:00 ] 127.0.0.1 127.0.0.1 GET /
[ log ] www.k.com/ [运行时间：0.013001s][吞吐率：76.92req/s] [内存消耗：195.53kb] [文件加载：11]
array (
  0 => 'D:\\wamp\\www\\websit2\\index.php',
  1 => 'D:\\wamp\\www\\websit2\\core\\Autoload.php',
  2 => 'D:\\wamp\\www\\websit2\\core\\Common.php',
  3 => 'D:\\wamp\\www\\websit2\\core\\Kite.php',
  4 => 'D:\\wamp\\www\\websit2\\core\\Route.php',
  5 => 'D:\\wamp\\www\\websit2\\Config.php',
  6 => 'D:\\wamp\\www\\websit2\\project\\home\\index.php',
  7 => 'D:\\wamp\\www\\websit2\\core\\Template.php',
  8 => 'D:\\wamp\\www\\websit2\\core\\Db.php',
  9 => 'D:\\wamp\\www\\websit2\\core\\Log.php',
  10 => 'D:\\wamp\\www\\websit2\\runtime\\cache\\6a992d5529f459a44fee58c733255e86.php',
)
[ sql ] [ EXPLAIN : array (
  'id' => 1,
  'select_type' => 'SIMPLE',
  'table' => 'k_netname',
  'partitions' => NULL,
  'type' => 'ALL',
  'possible_keys' => NULL,
  'key' => NULL,
  'key_len' => NULL,
  'ref' => NULL,
  'rows' => 19,
  'filtered' => 100,
  'extra' => NULL,
) ]
[ sql ] [ EXPLAIN : array (
  'id' => 1,
  'select_type' => 'SIMPLE',
  'table' => 'k_headpic',
  'partitions' => NULL,
  'type' => 'ALL',
  'possible_keys' => NULL,
  'key' => NULL,
  'key_len' => NULL,
  'ref' => NULL,
  'rows' => 4,
  'filtered' => 100,
  'extra' => NULL,
) ]
[ sql ] [ EXPLAIN : array (
  'id' => 1,
  'select_type' => 'SIMPLE',
  'table' => NULL,
  'partitions' => NULL,
  'type' => NULL,
  'possible_keys' => NULL,
  'key' => NULL,
  'key_len' => NULL,
  'ref' => NULL,
  'rows' => NULL,
  'filtered' => NULL,
  'extra' => 'no matching row in const table',
) ]
[ sql ] [ EXPLAIN : array (
  'id' => 1,
  'select_type' => 'SIMPLE',
  'table' => 'k_sign',
  'partitions' => NULL,
  'type' => 'ALL',
  'possible_keys' => NULL,
  'key' => NULL,
  'key_len' => NULL,
  'ref' => NULL,
  'rows' => 10,
  'filtered' => 100,
  'extra' => NULL,
) ]

---------------------------------------------------------------
[ 2018-09-19T02:08:43+00:00 ] 127.0.0.1 127.0.0.1 GET /
[ log ] www.k.com/ [运行时间：0.029002s][吞吐率：34.48req/s] [内存消耗：195.55kb] [文件加载：11]
array (
  0 => 'D:\\wamp\\www\\websit2\\index.php',
  1 => 'D:\\wamp\\www\\websit2\\core\\Autoload.php',
  2 => 'D:\\wamp\\www\\websit2\\core\\Common.php',
  3 => 'D:\\wamp\\www\\websit2\\core\\Kite.php',
  4 => 'D:\\wamp\\www\\websit2\\core\\Route.php',
  5 => 'D:\\wamp\\www\\websit2\\Config.php',
  6 => 'D:\\wamp\\www\\websit2\\project\\home\\index.php',
  7 => 'D:\\wamp\\www\\websit2\\core\\Template.php',
  8 => 'D:\\wamp\\www\\websit2\\core\\Db.php',
  9 => 'D:\\wamp\\www\\websit2\\core\\Log.php',
  10 => 'D:\\wamp\\www\\websit2\\runtime\\cache\\6a992d5529f459a44fee58c733255e86.php',
)
[ sql ] [ EXPLAIN : array (
  'id' => 1,
  'select_type' => 'SIMPLE',
  'table' => 'k_netname',
  'partitions' => NULL,
  'type' => 'ALL',
  'possible_keys' => NULL,
  'key' => NULL,
  'key_len' => NULL,
  'ref' => NULL,
  'rows' => 19,
  'filtered' => 100,
  'extra' => NULL,
) ]
[ sql ] [ EXPLAIN : array (
  'id' => 1,
  'select_type' => 'SIMPLE',
  'table' => 'k_headpic',
  'partitions' => NULL,
  'type' => 'ALL',
  'possible_keys' => NULL,
  'key' => NULL,
  'key_len' => NULL,
  'ref' => NULL,
  'rows' => 4,
  'filtered' => 100,
  'extra' => NULL,
) ]
[ sql ] [ EXPLAIN : array (
  'id' => 1,
  'select_type' => 'SIMPLE',
  'table' => NULL,
  'partitions' => NULL,
  'type' => NULL,
  'possible_keys' => NULL,
  'key' => NULL,
  'key_len' => NULL,
  'ref' => NULL,
  'rows' => NULL,
  'filtered' => NULL,
  'extra' => 'no matching row in const table',
) ]
[ sql ] [ EXPLAIN : array (
  'id' => 1,
  'select_type' => 'SIMPLE',
  'table' => 'k_sign',
  'partitions' => NULL,
  'type' => 'ALL',
  'possible_keys' => NULL,
  'key' => NULL,
  'key_len' => NULL,
  'ref' => NULL,
  'rows' => 10,
  'filtered' => 100,
  'extra' => NULL,
) ]

---------------------------------------------------------------
[ 2018-09-19T02:08:46+00:00 ] 127.0.0.1 127.0.0.1 GET /touxiang/
[ log ] www.k.com/touxiang/ [运行时间：0.018001s][吞吐率：55.55req/s] [内存消耗：184.02kb] [文件加载：11]
array (
  0 => 'D:\\wamp\\www\\websit2\\index.php',
  1 => 'D:\\wamp\\www\\websit2\\core\\Autoload.php',
  2 => 'D:\\wamp\\www\\websit2\\core\\Common.php',
  3 => 'D:\\wamp\\www\\websit2\\core\\Kite.php',
  4 => 'D:\\wamp\\www\\websit2\\core\\Route.php',
  5 => 'D:\\wamp\\www\\websit2\\Config.php',
  6 => 'D:\\wamp\\www\\websit2\\project\\touxiang\\index.php',
  7 => 'D:\\wamp\\www\\websit2\\core\\Template.php',
  8 => 'D:\\wamp\\www\\websit2\\core\\Db.php',
  9 => 'D:\\wamp\\www\\websit2\\core\\Log.php',
  10 => 'D:\\wamp\\www\\websit2\\runtime\\cache\\6a992d5529f459a44fee58c733255e86.php',
)
[ sql ] [ EXPLAIN : array (
  'id' => 1,
  'select_type' => 'SIMPLE',
  'table' => 'k_headpic',
  'partitions' => NULL,
  'type' => 'ALL',
  'possible_keys' => NULL,
  'key' => NULL,
  'key_len' => NULL,
  'ref' => NULL,
  'rows' => 4,
  'filtered' => 100,
  'extra' => NULL,
) ]

---------------------------------------------------------------
[ 2018-09-19T02:08:47+00:00 ] 127.0.0.1 127.0.0.1 GET /qianming/
[ log ] www.k.com/qianming/ [运行时间：0.007001s][吞吐率：142.83req/s] [内存消耗：187.34kb] [文件加载：11]
array (
  0 => 'D:\\wamp\\www\\websit2\\index.php',
  1 => 'D:\\wamp\\www\\websit2\\core\\Autoload.php',
  2 => 'D:\\wamp\\www\\websit2\\core\\Common.php',
  3 => 'D:\\wamp\\www\\websit2\\core\\Kite.php',
  4 => 'D:\\wamp\\www\\websit2\\core\\Route.php',
  5 => 'D:\\wamp\\www\\websit2\\Config.php',
  6 => 'D:\\wamp\\www\\websit2\\project\\qianming\\index.php',
  7 => 'D:\\wamp\\www\\websit2\\core\\Template.php',
  8 => 'D:\\wamp\\www\\websit2\\core\\Db.php',
  9 => 'D:\\wamp\\www\\websit2\\core\\Log.php',
  10 => 'D:\\wamp\\www\\websit2\\runtime\\cache\\6a992d5529f459a44fee58c733255e86.php',
)
[ sql ] [ EXPLAIN : array (
  'id' => 1,
  'select_type' => 'SIMPLE',
  'table' => 'k_sign',
  'partitions' => NULL,
  'type' => 'ALL',
  'possible_keys' => NULL,
  'key' => NULL,
  'key_len' => NULL,
  'ref' => NULL,
  'rows' => 10,
  'filtered' => 100,
  'extra' => NULL,
) ]

---------------------------------------------------------------
[ 2018-09-19T02:08:49+00:00 ] 127.0.0.1 127.0.0.1 GET /wangming/
[ log ] www.k.com/wangming/ [运行时间：0.018001s][吞吐率：55.55req/s] [内存消耗：190.64kb] [文件加载：11]
array (
  0 => 'D:\\wamp\\www\\websit2\\index.php',
  1 => 'D:\\wamp\\www\\websit2\\core\\Autoload.php',
  2 => 'D:\\wamp\\www\\websit2\\core\\Common.php',
  3 => 'D:\\wamp\\www\\websit2\\core\\Kite.php',
  4 => 'D:\\wamp\\www\\websit2\\core\\Route.php',
  5 => 'D:\\wamp\\www\\websit2\\Config.php',
  6 => 'D:\\wamp\\www\\websit2\\project\\wangming\\index.php',
  7 => 'D:\\wamp\\www\\websit2\\core\\Template.php',
  8 => 'D:\\wamp\\www\\websit2\\core\\Db.php',
  9 => 'D:\\wamp\\www\\websit2\\core\\Log.php',
  10 => 'D:\\wamp\\www\\websit2\\runtime\\cache\\6a992d5529f459a44fee58c733255e86.php',
)
[ sql ] [ EXPLAIN : array (
  'id' => 1,
  'select_type' => 'SIMPLE',
  'table' => 'k_netname',
  'partitions' => NULL,
  'type' => 'ALL',
  'possible_keys' => NULL,
  'key' => NULL,
  'key_len' => NULL,
  'ref' => NULL,
  'rows' => 19,
  'filtered' => 100,
  'extra' => NULL,
) ]

---------------------------------------------------------------
[ 2018-09-19T02:08:49+00:00 ] 127.0.0.1 127.0.0.1 GET /touxiang/
[ log ] www.k.com/touxiang/ [运行时间：0.006001s][吞吐率：166.64req/s] [内存消耗：184.04kb] [文件加载：11]
array (
  0 => 'D:\\wamp\\www\\websit2\\index.php',
  1 => 'D:\\wamp\\www\\websit2\\core\\Autoload.php',
  2 => 'D:\\wamp\\www\\websit2\\core\\Common.php',
  3 => 'D:\\wamp\\www\\websit2\\core\\Kite.php',
  4 => 'D:\\wamp\\www\\websit2\\core\\Route.php',
  5 => 'D:\\wamp\\www\\websit2\\Config.php',
  6 => 'D:\\wamp\\www\\websit2\\project\\touxiang\\index.php',
  7 => 'D:\\wamp\\www\\websit2\\core\\Template.php',
  8 => 'D:\\wamp\\www\\websit2\\core\\Db.php',
  9 => 'D:\\wamp\\www\\websit2\\core\\Log.php',
  10 => 'D:\\wamp\\www\\websit2\\runtime\\cache\\6a992d5529f459a44fee58c733255e86.php',
)
[ sql ] [ EXPLAIN : array (
  'id' => 1,
  'select_type' => 'SIMPLE',
  'table' => 'k_headpic',
  'partitions' => NULL,
  'type' => 'ALL',
  'possible_keys' => NULL,
  'key' => NULL,
  'key_len' => NULL,
  'ref' => NULL,
  'rows' => 4,
  'filtered' => 100,
  'extra' => NULL,
) ]

---------------------------------------------------------------
[ 2018-09-19T02:11:52+00:00 ] 127.0.0.1 127.0.0.1 GET /
[ log ] www.k.com/ [运行时间：0.027002s][吞吐率：37.03req/s] [内存消耗：196.16kb] [文件加载：11]
array (
  0 => 'D:\\wamp\\www\\websit2\\index.php',
  1 => 'D:\\wamp\\www\\websit2\\core\\Autoload.php',
  2 => 'D:\\wamp\\www\\websit2\\core\\Common.php',
  3 => 'D:\\wamp\\www\\websit2\\core\\Kite.php',
  4 => 'D:\\wamp\\www\\websit2\\core\\Route.php',
  5 => 'D:\\wamp\\www\\websit2\\Config.php',
  6 => 'D:\\wamp\\www\\websit2\\project\\home\\index.php',
  7 => 'D:\\wamp\\www\\websit2\\core\\Template.php',
  8 => 'D:\\wamp\\www\\websit2\\core\\Db.php',
  9 => 'D:\\wamp\\www\\websit2\\core\\Log.php',
  10 => 'D:\\wamp\\www\\websit2\\runtime\\cache\\6a992d5529f459a44fee58c733255e86.php',
)
[ sql ] [ EXPLAIN : array (
  'id' => 1,
  'select_type' => 'SIMPLE',
  'table' => 'k_netname',
  'partitions' => NULL,
  'type' => 'ALL',
  'possible_keys' => NULL,
  'key' => NULL,
  'key_len' => NULL,
  'ref' => NULL,
  'rows' => 19,
  'filtered' => 100,
  'extra' => NULL,
) ]
[ sql ] [ EXPLAIN : array (
  'id' => 1,
  'select_type' => 'SIMPLE',
  'table' => 'k_headpic',
  'partitions' => NULL,
  'type' => 'ALL',
  'possible_keys' => NULL,
  'key' => NULL,
  'key_len' => NULL,
  'ref' => NULL,
  'rows' => 4,
  'filtered' => 100,
  'extra' => NULL,
) ]
[ sql ] [ EXPLAIN : array (
  'id' => 1,
  'select_type' => 'SIMPLE',
  'table' => NULL,
  'partitions' => NULL,
  'type' => NULL,
  'possible_keys' => NULL,
  'key' => NULL,
  'key_len' => NULL,
  'ref' => NULL,
  'rows' => NULL,
  'filtered' => NULL,
  'extra' => 'no matching row in const table',
) ]
[ sql ] [ EXPLAIN : array (
  'id' => 1,
  'select_type' => 'SIMPLE',
  'table' => 'k_sign',
  'partitions' => NULL,
  'type' => 'ALL',
  'possible_keys' => NULL,
  'key' => NULL,
  'key_len' => NULL,
  'ref' => NULL,
  'rows' => 10,
  'filtered' => 100,
  'extra' => NULL,
) ]

---------------------------------------------------------------
[ 2018-09-19T02:12:03+00:00 ] 127.0.0.1 127.0.0.1 GET /
[ log ] www.k.com/ [运行时间：0.030002s][吞吐率：33.33req/s] [内存消耗：196.17kb] [文件加载：11]
array (
  0 => 'D:\\wamp\\www\\websit2\\index.php',
  1 => 'D:\\wamp\\www\\websit2\\core\\Autoload.php',
  2 => 'D:\\wamp\\www\\websit2\\core\\Common.php',
  3 => 'D:\\wamp\\www\\websit2\\core\\Kite.php',
  4 => 'D:\\wamp\\www\\websit2\\core\\Route.php',
  5 => 'D:\\wamp\\www\\websit2\\Config.php',
  6 => 'D:\\wamp\\www\\websit2\\project\\home\\index.php',
  7 => 'D:\\wamp\\www\\websit2\\core\\Template.php',
  8 => 'D:\\wamp\\www\\websit2\\core\\Db.php',
  9 => 'D:\\wamp\\www\\websit2\\core\\Log.php',
  10 => 'D:\\wamp\\www\\websit2\\runtime\\cache\\6a992d5529f459a44fee58c733255e86.php',
)
[ sql ] [ EXPLAIN : array (
  'id' => 1,
  'select_type' => 'SIMPLE',
  'table' => 'k_netname',
  'partitions' => NULL,
  'type' => 'ALL',
  'possible_keys' => NULL,
  'key' => NULL,
  'key_len' => NULL,
  'ref' => NULL,
  'rows' => 19,
  'filtered' => 100,
  'extra' => NULL,
) ]
[ sql ] [ EXPLAIN : array (
  'id' => 1,
  'select_type' => 'SIMPLE',
  'table' => 'k_headpic',
  'partitions' => NULL,
  'type' => 'ALL',
  'possible_keys' => NULL,
  'key' => NULL,
  'key_len' => NULL,
  'ref' => NULL,
  'rows' => 4,
  'filtered' => 100,
  'extra' => NULL,
) ]
[ sql ] [ EXPLAIN : array (
  'id' => 1,
  'select_type' => 'SIMPLE',
  'table' => NULL,
  'partitions' => NULL,
  'type' => NULL,
  'possible_keys' => NULL,
  'key' => NULL,
  'key_len' => NULL,
  'ref' => NULL,
  'rows' => NULL,
  'filtered' => NULL,
  'extra' => 'no matching row in const table',
) ]
[ sql ] [ EXPLAIN : array (
  'id' => 1,
  'select_type' => 'SIMPLE',
  'table' => 'k_sign',
  'partitions' => NULL,
  'type' => 'ALL',
  'possible_keys' => NULL,
  'key' => NULL,
  'key_len' => NULL,
  'ref' => NULL,
  'rows' => 10,
  'filtered' => 100,
  'extra' => NULL,
) ]

---------------------------------------------------------------
[ 2018-09-19T02:12:51+00:00 ] 127.0.0.1 127.0.0.1 GET /touxiang/
[ log ] www.k.com/touxiang/ [运行时间：0.032001s][吞吐率：31.25req/s] [内存消耗：185.09kb] [文件加载：11]
array (
  0 => 'D:\\wamp\\www\\websit2\\index.php',
  1 => 'D:\\wamp\\www\\websit2\\core\\Autoload.php',
  2 => 'D:\\wamp\\www\\websit2\\core\\Common.php',
  3 => 'D:\\wamp\\www\\websit2\\core\\Kite.php',
  4 => 'D:\\wamp\\www\\websit2\\core\\Route.php',
  5 => 'D:\\wamp\\www\\websit2\\Config.php',
  6 => 'D:\\wamp\\www\\websit2\\project\\touxiang\\index.php',
  7 => 'D:\\wamp\\www\\websit2\\core\\Template.php',
  8 => 'D:\\wamp\\www\\websit2\\core\\Db.php',
  9 => 'D:\\wamp\\www\\websit2\\core\\Log.php',
  10 => 'D:\\wamp\\www\\websit2\\runtime\\cache\\6a992d5529f459a44fee58c733255e86.php',
)
[ sql ] [ EXPLAIN : array (
  'id' => 1,
  'select_type' => 'SIMPLE',
  'table' => 'k_headpic',
  'partitions' => NULL,
  'type' => 'ALL',
  'possible_keys' => NULL,
  'key' => NULL,
  'key_len' => NULL,
  'ref' => NULL,
  'rows' => 6,
  'filtered' => 100,
  'extra' => NULL,
) ]

---------------------------------------------------------------
[ 2018-09-19T02:12:51+00:00 ] 127.0.0.1 127.0.0.1 GET /uploads/headpic/738ea086a72e233be448a956c57b6bfb.jpeg
[ log ] www.k.com/uploads/headpic/738ea086a72e233be448a956c57b6bfb.jpeg [运行时间：0.003000s][吞吐率：333.33req/s] [内存消耗：115.82kb] [文件加载：10]
array (
  0 => 'D:\\wamp\\www\\websit2\\index.php',
  1 => 'D:\\wamp\\www\\websit2\\core\\Autoload.php',
  2 => 'D:\\wamp\\www\\websit2\\core\\Common.php',
  3 => 'D:\\wamp\\www\\websit2\\core\\Kite.php',
  4 => 'D:\\wamp\\www\\websit2\\core\\Route.php',
  5 => 'D:\\wamp\\www\\websit2\\Config.php',
  6 => 'D:\\wamp\\www\\websit2\\project\\home\\error.php',
  7 => 'D:\\wamp\\www\\websit2\\core\\Template.php',
  8 => 'D:\\wamp\\www\\websit2\\runtime\\cache\\cb5e100e5a9a3e7f6d1fd97512215282.php',
  9 => 'D:\\wamp\\www\\websit2\\core\\Log.php',
)

---------------------------------------------------------------
[ 2018-09-19T02:12:51+00:00 ] 127.0.0.1 127.0.0.1 GET /uploads/headpic/b7998e8568461aa85678b0f212171dc2.jpeg
[ log ] www.k.com/uploads/headpic/b7998e8568461aa85678b0f212171dc2.jpeg [运行时间：0.004000s][吞吐率：250.00req/s] [内存消耗：115.91kb] [文件加载：10]
array (
  0 => 'D:\\wamp\\www\\websit2\\index.php',
  1 => 'D:\\wamp\\www\\websit2\\core\\Autoload.php',
  2 => 'D:\\wamp\\www\\websit2\\core\\Common.php',
  3 => 'D:\\wamp\\www\\websit2\\core\\Kite.php',
  4 => 'D:\\wamp\\www\\websit2\\core\\Route.php',
  5 => 'D:\\wamp\\www\\websit2\\Config.php',
  6 => 'D:\\wamp\\www\\websit2\\project\\home\\error.php',
  7 => 'D:\\wamp\\www\\websit2\\core\\Template.php',
  8 => 'D:\\wamp\\www\\websit2\\runtime\\cache\\cb5e100e5a9a3e7f6d1fd97512215282.php',
  9 => 'D:\\wamp\\www\\websit2\\core\\Log.php',
)

---------------------------------------------------------------
[ 2018-09-19T02:14:52+00:00 ] 127.0.0.1 127.0.0.1 GET /touxiang/
[ log ] www.k.com/touxiang/ [运行时间：0.023002s][吞吐率：43.47req/s] [内存消耗：185.09kb] [文件加载：11]
array (
  0 => 'D:\\wamp\\www\\websit2\\index.php',
  1 => 'D:\\wamp\\www\\websit2\\core\\Autoload.php',
  2 => 'D:\\wamp\\www\\websit2\\core\\Common.php',
  3 => 'D:\\wamp\\www\\websit2\\core\\Kite.php',
  4 => 'D:\\wamp\\www\\websit2\\core\\Route.php',
  5 => 'D:\\wamp\\www\\websit2\\Config.php',
  6 => 'D:\\wamp\\www\\websit2\\project\\touxiang\\index.php',
  7 => 'D:\\wamp\\www\\websit2\\core\\Template.php',
  8 => 'D:\\wamp\\www\\websit2\\core\\Db.php',
  9 => 'D:\\wamp\\www\\websit2\\core\\Log.php',
  10 => 'D:\\wamp\\www\\websit2\\runtime\\cache\\6a992d5529f459a44fee58c733255e86.php',
)
[ sql ] [ EXPLAIN : array (
  'id' => 1,
  'select_type' => 'SIMPLE',
  'table' => 'k_headpic',
  'partitions' => NULL,
  'type' => 'ALL',
  'possible_keys' => NULL,
  'key' => NULL,
  'key_len' => NULL,
  'ref' => NULL,
  'rows' => 6,
  'filtered' => 100,
  'extra' => NULL,
) ]

---------------------------------------------------------------
[ 2018-09-19T02:14:52+00:00 ] 127.0.0.1 127.0.0.1 GET /uploads/headpic/b7998e8568461aa85678b0f212171dc2.jpeg
[ log ] www.k.com/uploads/headpic/b7998e8568461aa85678b0f212171dc2.jpeg [运行时间：0.004000s][吞吐率：250.00req/s] [内存消耗：115.91kb] [文件加载：10]
array (
  0 => 'D:\\wamp\\www\\websit2\\index.php',
  1 => 'D:\\wamp\\www\\websit2\\core\\Autoload.php',
  2 => 'D:\\wamp\\www\\websit2\\core\\Common.php',
  3 => 'D:\\wamp\\www\\websit2\\core\\Kite.php',
  4 => 'D:\\wamp\\www\\websit2\\core\\Route.php',
  5 => 'D:\\wamp\\www\\websit2\\Config.php',
  6 => 'D:\\wamp\\www\\websit2\\project\\home\\error.php',
  7 => 'D:\\wamp\\www\\websit2\\core\\Template.php',
  8 => 'D:\\wamp\\www\\websit2\\runtime\\cache\\cb5e100e5a9a3e7f6d1fd97512215282.php',
  9 => 'D:\\wamp\\www\\websit2\\core\\Log.php',
)

---------------------------------------------------------------
[ 2018-09-19T02:14:52+00:00 ] 127.0.0.1 127.0.0.1 GET /uploads/headpic/738ea086a72e233be448a956c57b6bfb.jpeg
[ log ] www.k.com/uploads/headpic/738ea086a72e233be448a956c57b6bfb.jpeg [运行时间：0.009000s][吞吐率：111.11req/s] [内存消耗：115.91kb] [文件加载：10]
array (
  0 => 'D:\\wamp\\www\\websit2\\index.php',
  1 => 'D:\\wamp\\www\\websit2\\core\\Autoload.php',
  2 => 'D:\\wamp\\www\\websit2\\core\\Common.php',
  3 => 'D:\\wamp\\www\\websit2\\core\\Kite.php',
  4 => 'D:\\wamp\\www\\websit2\\core\\Route.php',
  5 => 'D:\\wamp\\www\\websit2\\Config.php',
  6 => 'D:\\wamp\\www\\websit2\\project\\home\\error.php',
  7 => 'D:\\wamp\\www\\websit2\\core\\Template.php',
  8 => 'D:\\wamp\\www\\websit2\\runtime\\cache\\cb5e100e5a9a3e7f6d1fd97512215282.php',
  9 => 'D:\\wamp\\www\\websit2\\core\\Log.php',
)

---------------------------------------------------------------
[ 2018-09-19T02:14:54+00:00 ] 127.0.0.1 127.0.0.1 GET /wangming/
[ log ] www.k.com/wangming/ [运行时间：0.007000s][吞吐率：142.86req/s] [内存消耗：190.64kb] [文件加载：11]
array (
  0 => 'D:\\wamp\\www\\websit2\\index.php',
  1 => 'D:\\wamp\\www\\websit2\\core\\Autoload.php',
  2 => 'D:\\wamp\\www\\websit2\\core\\Common.php',
  3 => 'D:\\wamp\\www\\websit2\\core\\Kite.php',
  4 => 'D:\\wamp\\www\\websit2\\core\\Route.php',
  5 => 'D:\\wamp\\www\\websit2\\Config.php',
  6 => 'D:\\wamp\\www\\websit2\\project\\wangming\\index.php',
  7 => 'D:\\wamp\\www\\websit2\\core\\Template.php',
  8 => 'D:\\wamp\\www\\websit2\\core\\Db.php',
  9 => 'D:\\wamp\\www\\websit2\\core\\Log.php',
  10 => 'D:\\wamp\\www\\websit2\\runtime\\cache\\6a992d5529f459a44fee58c733255e86.php',
)
[ sql ] [ EXPLAIN : array (
  'id' => 1,
  'select_type' => 'SIMPLE',
  'table' => 'k_netname',
  'partitions' => NULL,
  'type' => 'ALL',
  'possible_keys' => NULL,
  'key' => NULL,
  'key_len' => NULL,
  'ref' => NULL,
  'rows' => 19,
  'filtered' => 100,
  'extra' => NULL,
) ]

---------------------------------------------------------------
[ 2018-09-19T02:14:56+00:00 ] 127.0.0.1 127.0.0.1 GET /
[ log ] www.k.com/ [运行时间：0.029002s][吞吐率：34.48req/s] [内存消耗：196.16kb] [文件加载：11]
array (
  0 => 'D:\\wamp\\www\\websit2\\index.php',
  1 => 'D:\\wamp\\www\\websit2\\core\\Autoload.php',
  2 => 'D:\\wamp\\www\\websit2\\core\\Common.php',
  3 => 'D:\\wamp\\www\\websit2\\core\\Kite.php',
  4 => 'D:\\wamp\\www\\websit2\\core\\Route.php',
  5 => 'D:\\wamp\\www\\websit2\\Config.php',
  6 => 'D:\\wamp\\www\\websit2\\project\\home\\index.php',
  7 => 'D:\\wamp\\www\\websit2\\core\\Template.php',
  8 => 'D:\\wamp\\www\\websit2\\core\\Db.php',
  9 => 'D:\\wamp\\www\\websit2\\core\\Log.php',
  10 => 'D:\\wamp\\www\\websit2\\runtime\\cache\\6a992d5529f459a44fee58c733255e86.php',
)
[ sql ] [ EXPLAIN : array (
  'id' => 1,
  'select_type' => 'SIMPLE',
  'table' => 'k_netname',
  'partitions' => NULL,
  'type' => 'ALL',
  'possible_keys' => NULL,
  'key' => NULL,
  'key_len' => NULL,
  'ref' => NULL,
  'rows' => 19,
  'filtered' => 100,
  'extra' => NULL,
) ]
[ sql ] [ EXPLAIN : array (
  'id' => 1,
  'select_type' => 'SIMPLE',
  'table' => 'k_headpic',
  'partitions' => NULL,
  'type' => 'ALL',
  'possible_keys' => NULL,
  'key' => NULL,
  'key_len' => NULL,
  'ref' => NULL,
  'rows' => 6,
  'filtered' => 100,
  'extra' => NULL,
) ]
[ sql ] [ EXPLAIN : array (
  'id' => 1,
  'select_type' => 'SIMPLE',
  'table' => NULL,
  'partitions' => NULL,
  'type' => NULL,
  'possible_keys' => NULL,
  'key' => NULL,
  'key_len' => NULL,
  'ref' => NULL,
  'rows' => NULL,
  'filtered' => NULL,
  'extra' => 'no matching row in const table',
) ]
[ sql ] [ EXPLAIN : array (
  'id' => 1,
  'select_type' => 'SIMPLE',
  'table' => 'k_sign',
  'partitions' => NULL,
  'type' => 'ALL',
  'possible_keys' => NULL,
  'key' => NULL,
  'key_len' => NULL,
  'ref' => NULL,
  'rows' => 10,
  'filtered' => 100,
  'extra' => NULL,
) ]

---------------------------------------------------------------
[ 2018-09-19T02:16:25+00:00 ] 127.0.0.1 127.0.0.1 GET /
[ log ] www.k.com/ [运行时间：0.032002s][吞吐率：31.25req/s] [内存消耗：196.16kb] [文件加载：11]
array (
  0 => 'D:\\wamp\\www\\websit2\\index.php',
  1 => 'D:\\wamp\\www\\websit2\\core\\Autoload.php',
  2 => 'D:\\wamp\\www\\websit2\\core\\Common.php',
  3 => 'D:\\wamp\\www\\websit2\\core\\Kite.php',
  4 => 'D:\\wamp\\www\\websit2\\core\\Route.php',
  5 => 'D:\\wamp\\www\\websit2\\Config.php',
  6 => 'D:\\wamp\\www\\websit2\\project\\home\\index.php',
  7 => 'D:\\wamp\\www\\websit2\\core\\Template.php',
  8 => 'D:\\wamp\\www\\websit2\\core\\Db.php',
  9 => 'D:\\wamp\\www\\websit2\\core\\Log.php',
  10 => 'D:\\wamp\\www\\websit2\\runtime\\cache\\6a992d5529f459a44fee58c733255e86.php',
)
[ sql ] [ EXPLAIN : array (
  'id' => 1,
  'select_type' => 'SIMPLE',
  'table' => 'k_netname',
  'partitions' => NULL,
  'type' => 'ALL',
  'possible_keys' => NULL,
  'key' => NULL,
  'key_len' => NULL,
  'ref' => NULL,
  'rows' => 19,
  'filtered' => 100,
  'extra' => NULL,
) ]
[ sql ] [ EXPLAIN : array (
  'id' => 1,
  'select_type' => 'SIMPLE',
  'table' => 'k_headpic',
  'partitions' => NULL,
  'type' => 'ALL',
  'possible_keys' => NULL,
  'key' => NULL,
  'key_len' => NULL,
  'ref' => NULL,
  'rows' => 6,
  'filtered' => 100,
  'extra' => NULL,
) ]
[ sql ] [ EXPLAIN : array (
  'id' => 1,
  'select_type' => 'SIMPLE',
  'table' => NULL,
  'partitions' => NULL,
  'type' => NULL,
  'possible_keys' => NULL,
  'key' => NULL,
  'key_len' => NULL,
  'ref' => NULL,
  'rows' => NULL,
  'filtered' => NULL,
  'extra' => 'no matching row in const table',
) ]
[ sql ] [ EXPLAIN : array (
  'id' => 1,
  'select_type' => 'SIMPLE',
  'table' => 'k_sign',
  'partitions' => NULL,
  'type' => 'ALL',
  'possible_keys' => NULL,
  'key' => NULL,
  'key_len' => NULL,
  'ref' => NULL,
  'rows' => 10,
  'filtered' => 100,
  'extra' => NULL,
) ]

---------------------------------------------------------------
[ 2018-09-19T02:20:25+00:00 ] 127.0.0.1 127.0.0.1 GET /
[ log ] www.k.com/ [运行时间：0.025001s][吞吐率：40.00req/s] [内存消耗：196.29kb] [文件加载：11]
array (
  0 => 'D:\\wamp\\www\\websit2\\index.php',
  1 => 'D:\\wamp\\www\\websit2\\core\\Autoload.php',
  2 => 'D:\\wamp\\www\\websit2\\core\\Common.php',
  3 => 'D:\\wamp\\www\\websit2\\core\\Kite.php',
  4 => 'D:\\wamp\\www\\websit2\\core\\Route.php',
  5 => 'D:\\wamp\\www\\websit2\\Config.php',
  6 => 'D:\\wamp\\www\\websit2\\project\\home\\index.php',
  7 => 'D:\\wamp\\www\\websit2\\core\\Template.php',
  8 => 'D:\\wamp\\www\\websit2\\core\\Db.php',
  9 => 'D:\\wamp\\www\\websit2\\core\\Log.php',
  10 => 'D:\\wamp\\www\\websit2\\runtime\\cache\\6a992d5529f459a44fee58c733255e86.php',
)
[ sql ] [ EXPLAIN : array (
  'id' => 1,
  'select_type' => 'SIMPLE',
  'table' => 'k_netname',
  'partitions' => NULL,
  'type' => 'ALL',
  'possible_keys' => NULL,
  'key' => NULL,
  'key_len' => NULL,
  'ref' => NULL,
  'rows' => 19,
  'filtered' => 100,
  'extra' => NULL,
) ]
[ sql ] [ EXPLAIN : array (
  'id' => 1,
  'select_type' => 'SIMPLE',
  'table' => 'k_headpic',
  'partitions' => NULL,
  'type' => 'ALL',
  'possible_keys' => NULL,
  'key' => NULL,
  'key_len' => NULL,
  'ref' => NULL,
  'rows' => 8,
  'filtered' => 100,
  'extra' => NULL,
) ]
[ sql ] [ EXPLAIN : array (
  'id' => 1,
  'select_type' => 'SIMPLE',
  'table' => NULL,
  'partitions' => NULL,
  'type' => NULL,
  'possible_keys' => NULL,
  'key' => NULL,
  'key_len' => NULL,
  'ref' => NULL,
  'rows' => NULL,
  'filtered' => NULL,
  'extra' => 'no matching row in const table',
) ]
[ sql ] [ EXPLAIN : array (
  'id' => 1,
  'select_type' => 'SIMPLE',
  'table' => 'k_sign',
  'partitions' => NULL,
  'type' => 'ALL',
  'possible_keys' => NULL,
  'key' => NULL,
  'key_len' => NULL,
  'ref' => NULL,
  'rows' => 10,
  'filtered' => 100,
  'extra' => NULL,
) ]

---------------------------------------------------------------
[ 2018-09-19T02:26:24+00:00 ] 127.0.0.1 127.0.0.1 GET /
[ log ] www.k.com/ [运行时间：0.017001s][吞吐率：58.82req/s] [内存消耗：196.38kb] [文件加载：11]
array (
  0 => 'D:\\wamp\\www\\websit2\\index.php',
  1 => 'D:\\wamp\\www\\websit2\\core\\Autoload.php',
  2 => 'D:\\wamp\\www\\websit2\\core\\Common.php',
  3 => 'D:\\wamp\\www\\websit2\\core\\Kite.php',
  4 => 'D:\\wamp\\www\\websit2\\core\\Route.php',
  5 => 'D:\\wamp\\www\\websit2\\Config.php',
  6 => 'D:\\wamp\\www\\websit2\\project\\home\\index.php',
  7 => 'D:\\wamp\\www\\websit2\\core\\Template.php',
  8 => 'D:\\wamp\\www\\websit2\\core\\Db.php',
  9 => 'D:\\wamp\\www\\websit2\\core\\Log.php',
  10 => 'D:\\wamp\\www\\websit2\\runtime\\cache\\6a992d5529f459a44fee58c733255e86.php',
)
[ sql ] [ EXPLAIN : array (
  'id' => 1,
  'select_type' => 'SIMPLE',
  'table' => 'k_netname',
  'partitions' => NULL,
  'type' => 'ALL',
  'possible_keys' => NULL,
  'key' => NULL,
  'key_len' => NULL,
  'ref' => NULL,
  'rows' => 19,
  'filtered' => 100,
  'extra' => NULL,
) ]
[ sql ] [ EXPLAIN : array (
  'id' => 1,
  'select_type' => 'SIMPLE',
  'table' => 'k_headpic',
  'partitions' => NULL,
  'type' => 'ALL',
  'possible_keys' => NULL,
  'key' => NULL,
  'key_len' => NULL,
  'ref' => NULL,
  'rows' => 8,
  'filtered' => 100,
  'extra' => NULL,
) ]
[ sql ] [ EXPLAIN : array (
  'id' => 1,
  'select_type' => 'SIMPLE',
  'table' => NULL,
  'partitions' => NULL,
  'type' => NULL,
  'possible_keys' => NULL,
  'key' => NULL,
  'key_len' => NULL,
  'ref' => NULL,
  'rows' => NULL,
  'filtered' => NULL,
  'extra' => 'no matching row in const table',
) ]
[ sql ] [ EXPLAIN : array (
  'id' => 1,
  'select_type' => 'SIMPLE',
  'table' => 'k_sign',
  'partitions' => NULL,
  'type' => 'ALL',
  'possible_keys' => NULL,
  'key' => NULL,
  'key_len' => NULL,
  'ref' => NULL,
  'rows' => 10,
  'filtered' => 100,
  'extra' => NULL,
) ]

---------------------------------------------------------------
[ 2018-09-19T02:29:09+00:00 ] 127.0.0.1 127.0.0.1 GET /
[ log ] www.k.com/ [运行时间：0.033001s][吞吐率：30.30req/s] [内存消耗：202.87kb] [文件加载：11]
array (
  0 => 'D:\\wamp\\www\\websit2\\index.php',
  1 => 'D:\\wamp\\www\\websit2\\core\\Autoload.php',
  2 => 'D:\\wamp\\www\\websit2\\core\\Common.php',
  3 => 'D:\\wamp\\www\\websit2\\core\\Kite.php',
  4 => 'D:\\wamp\\www\\websit2\\core\\Route.php',
  5 => 'D:\\wamp\\www\\websit2\\Config.php',
  6 => 'D:\\wamp\\www\\websit2\\project\\home\\index.php',
  7 => 'D:\\wamp\\www\\websit2\\core\\Template.php',
  8 => 'D:\\wamp\\www\\websit2\\core\\Db.php',
  9 => 'D:\\wamp\\www\\websit2\\core\\Log.php',
  10 => 'D:\\wamp\\www\\websit2\\runtime\\cache\\6a992d5529f459a44fee58c733255e86.php',
)
[ sql ] [ EXPLAIN : array (
  'id' => 1,
  'select_type' => 'SIMPLE',
  'table' => 'k_netname',
  'partitions' => NULL,
  'type' => 'ALL',
  'possible_keys' => NULL,
  'key' => NULL,
  'key_len' => NULL,
  'ref' => NULL,
  'rows' => 19,
  'filtered' => 100,
  'extra' => NULL,
) ]
[ sql ] [ EXPLAIN : array (
  'id' => 1,
  'select_type' => 'SIMPLE',
  'table' => 'k_headpic',
  'partitions' => NULL,
  'type' => 'ALL',
  'possible_keys' => NULL,
  'key' => NULL,
  'key_len' => NULL,
  'ref' => NULL,
  'rows' => 8,
  'filtered' => 100,
  'extra' => NULL,
) ]
[ sql ] [ EXPLAIN : array (
  'id' => 1,
  'select_type' => 'SIMPLE',
  'table' => NULL,
  'partitions' => NULL,
  'type' => NULL,
  'possible_keys' => NULL,
  'key' => NULL,
  'key_len' => NULL,
  'ref' => NULL,
  'rows' => NULL,
  'filtered' => NULL,
  'extra' => 'no matching row in const table',
) ]
[ sql ] [ EXPLAIN : array (
  'id' => 1,
  'select_type' => 'SIMPLE',
  'table' => 'k_sign',
  'partitions' => NULL,
  'type' => 'ALL',
  'possible_keys' => NULL,
  'key' => NULL,
  'key_len' => NULL,
  'ref' => NULL,
  'rows' => 10,
  'filtered' => 100,
  'extra' => NULL,
) ]

---------------------------------------------------------------
[ 2018-09-19T02:35:12+00:00 ] 127.0.0.1 127.0.0.1 GET /
[ log ] www.k.com/ [运行时间：0.026001s][吞吐率：38.46req/s] [内存消耗：198.33kb] [文件加载：11]
array (
  0 => 'D:\\wamp\\www\\websit2\\index.php',
  1 => 'D:\\wamp\\www\\websit2\\core\\Autoload.php',
  2 => 'D:\\wamp\\www\\websit2\\core\\Common.php',
  3 => 'D:\\wamp\\www\\websit2\\core\\Kite.php',
  4 => 'D:\\wamp\\www\\websit2\\core\\Route.php',
  5 => 'D:\\wamp\\www\\websit2\\Config.php',
  6 => 'D:\\wamp\\www\\websit2\\project\\home\\index.php',
  7 => 'D:\\wamp\\www\\websit2\\core\\Template.php',
  8 => 'D:\\wamp\\www\\websit2\\core\\Db.php',
  9 => 'D:\\wamp\\www\\websit2\\core\\Log.php',
  10 => 'D:\\wamp\\www\\websit2\\runtime\\cache\\6a992d5529f459a44fee58c733255e86.php',
)
[ sql ] [ EXPLAIN : array (
  'id' => 1,
  'select_type' => 'SIMPLE',
  'table' => 'k_netname',
  'partitions' => NULL,
  'type' => 'ALL',
  'possible_keys' => NULL,
  'key' => NULL,
  'key_len' => NULL,
  'ref' => NULL,
  'rows' => 19,
  'filtered' => 100,
  'extra' => NULL,
) ]
[ sql ] [ EXPLAIN : array (
  'id' => 1,
  'select_type' => 'SIMPLE',
  'table' => 'k_headpic',
  'partitions' => NULL,
  'type' => 'ALL',
  'possible_keys' => NULL,
  'key' => NULL,
  'key_len' => NULL,
  'ref' => NULL,
  'rows' => 8,
  'filtered' => 100,
  'extra' => NULL,
) ]
[ sql ] [ EXPLAIN : array (
  'id' => 1,
  'select_type' => 'SIMPLE',
  'table' => NULL,
  'partitions' => NULL,
  'type' => NULL,
  'possible_keys' => NULL,
  'key' => NULL,
  'key_len' => NULL,
  'ref' => NULL,
  'rows' => NULL,
  'filtered' => NULL,
  'extra' => 'no matching row in const table',
) ]
[ sql ] [ EXPLAIN : array (
  'id' => 1,
  'select_type' => 'SIMPLE',
  'table' => 'k_sign',
  'partitions' => NULL,
  'type' => 'ALL',
  'possible_keys' => NULL,
  'key' => NULL,
  'key_len' => NULL,
  'ref' => NULL,
  'rows' => 10,
  'filtered' => 100,
  'extra' => NULL,
) ]

---------------------------------------------------------------
[ 2018-09-19T02:35:35+00:00 ] 127.0.0.1 127.0.0.1 GET /
[ log ] www.k.com/ [运行时间：0.026001s][吞吐率：38.46req/s] [内存消耗：198.34kb] [文件加载：11]
array (
  0 => 'D:\\wamp\\www\\websit2\\index.php',
  1 => 'D:\\wamp\\www\\websit2\\core\\Autoload.php',
  2 => 'D:\\wamp\\www\\websit2\\core\\Common.php',
  3 => 'D:\\wamp\\www\\websit2\\core\\Kite.php',
  4 => 'D:\\wamp\\www\\websit2\\core\\Route.php',
  5 => 'D:\\wamp\\www\\websit2\\Config.php',
  6 => 'D:\\wamp\\www\\websit2\\project\\home\\index.php',
  7 => 'D:\\wamp\\www\\websit2\\core\\Template.php',
  8 => 'D:\\wamp\\www\\websit2\\core\\Db.php',
  9 => 'D:\\wamp\\www\\websit2\\core\\Log.php',
  10 => 'D:\\wamp\\www\\websit2\\runtime\\cache\\6a992d5529f459a44fee58c733255e86.php',
)
[ sql ] [ EXPLAIN : array (
  'id' => 1,
  'select_type' => 'SIMPLE',
  'table' => 'k_netname',
  'partitions' => NULL,
  'type' => 'ALL',
  'possible_keys' => NULL,
  'key' => NULL,
  'key_len' => NULL,
  'ref' => NULL,
  'rows' => 19,
  'filtered' => 100,
  'extra' => NULL,
) ]
[ sql ] [ EXPLAIN : array (
  'id' => 1,
  'select_type' => 'SIMPLE',
  'table' => 'k_headpic',
  'partitions' => NULL,
  'type' => 'ALL',
  'possible_keys' => NULL,
  'key' => NULL,
  'key_len' => NULL,
  'ref' => NULL,
  'rows' => 8,
  'filtered' => 100,
  'extra' => NULL,
) ]
[ sql ] [ EXPLAIN : array (
  'id' => 1,
  'select_type' => 'SIMPLE',
  'table' => NULL,
  'partitions' => NULL,
  'type' => NULL,
  'possible_keys' => NULL,
  'key' => NULL,
  'key_len' => NULL,
  'ref' => NULL,
  'rows' => NULL,
  'filtered' => NULL,
  'extra' => 'no matching row in const table',
) ]
[ sql ] [ EXPLAIN : array (
  'id' => 1,
  'select_type' => 'SIMPLE',
  'table' => 'k_sign',
  'partitions' => NULL,
  'type' => 'ALL',
  'possible_keys' => NULL,
  'key' => NULL,
  'key_len' => NULL,
  'ref' => NULL,
  'rows' => 10,
  'filtered' => 100,
  'extra' => NULL,
) ]

---------------------------------------------------------------
[ 2018-09-19T02:36:12+00:00 ] 127.0.0.1 127.0.0.1 GET /
[ log ] www.k.com/ [运行时间：0.017001s][吞吐率：58.82req/s] [内存消耗：198.36kb] [文件加载：11]
array (
  0 => 'D:\\wamp\\www\\websit2\\index.php',
  1 => 'D:\\wamp\\www\\websit2\\core\\Autoload.php',
  2 => 'D:\\wamp\\www\\websit2\\core\\Common.php',
  3 => 'D:\\wamp\\www\\websit2\\core\\Kite.php',
  4 => 'D:\\wamp\\www\\websit2\\core\\Route.php',
  5 => 'D:\\wamp\\www\\websit2\\Config.php',
  6 => 'D:\\wamp\\www\\websit2\\project\\home\\index.php',
  7 => 'D:\\wamp\\www\\websit2\\core\\Template.php',
  8 => 'D:\\wamp\\www\\websit2\\core\\Db.php',
  9 => 'D:\\wamp\\www\\websit2\\core\\Log.php',
  10 => 'D:\\wamp\\www\\websit2\\runtime\\cache\\6a992d5529f459a44fee58c733255e86.php',
)
[ sql ] [ EXPLAIN : array (
  'id' => 1,
  'select_type' => 'SIMPLE',
  'table' => 'k_netname',
  'partitions' => NULL,
  'type' => 'ALL',
  'possible_keys' => NULL,
  'key' => NULL,
  'key_len' => NULL,
  'ref' => NULL,
  'rows' => 19,
  'filtered' => 100,
  'extra' => NULL,
) ]
[ sql ] [ EXPLAIN : array (
  'id' => 1,
  'select_type' => 'SIMPLE',
  'table' => 'k_headpic',
  'partitions' => NULL,
  'type' => 'ALL',
  'possible_keys' => NULL,
  'key' => NULL,
  'key_len' => NULL,
  'ref' => NULL,
  'rows' => 8,
  'filtered' => 100,
  'extra' => NULL,
) ]
[ sql ] [ EXPLAIN : array (
  'id' => 1,
  'select_type' => 'SIMPLE',
  'table' => NULL,
  'partitions' => NULL,
  'type' => NULL,
  'possible_keys' => NULL,
  'key' => NULL,
  'key_len' => NULL,
  'ref' => NULL,
  'rows' => NULL,
  'filtered' => NULL,
  'extra' => 'no matching row in const table',
) ]
[ sql ] [ EXPLAIN : array (
  'id' => 1,
  'select_type' => 'SIMPLE',
  'table' => 'k_sign',
  'partitions' => NULL,
  'type' => 'ALL',
  'possible_keys' => NULL,
  'key' => NULL,
  'key_len' => NULL,
  'ref' => NULL,
  'rows' => 10,
  'filtered' => 100,
  'extra' => NULL,
) ]

---------------------------------------------------------------
[ 2018-09-19T02:36:21+00:00 ] 127.0.0.1 127.0.0.1 GET /
[ log ] www.k.com/ [运行时间：0.038003s][吞吐率：26.31req/s] [内存消耗：198.36kb] [文件加载：11]
array (
  0 => 'D:\\wamp\\www\\websit2\\index.php',
  1 => 'D:\\wamp\\www\\websit2\\core\\Autoload.php',
  2 => 'D:\\wamp\\www\\websit2\\core\\Common.php',
  3 => 'D:\\wamp\\www\\websit2\\core\\Kite.php',
  4 => 'D:\\wamp\\www\\websit2\\core\\Route.php',
  5 => 'D:\\wamp\\www\\websit2\\Config.php',
  6 => 'D:\\wamp\\www\\websit2\\project\\home\\index.php',
  7 => 'D:\\wamp\\www\\websit2\\core\\Template.php',
  8 => 'D:\\wamp\\www\\websit2\\core\\Db.php',
  9 => 'D:\\wamp\\www\\websit2\\core\\Log.php',
  10 => 'D:\\wamp\\www\\websit2\\runtime\\cache\\6a992d5529f459a44fee58c733255e86.php',
)
[ sql ] [ EXPLAIN : array (
  'id' => 1,
  'select_type' => 'SIMPLE',
  'table' => 'k_netname',
  'partitions' => NULL,
  'type' => 'ALL',
  'possible_keys' => NULL,
  'key' => NULL,
  'key_len' => NULL,
  'ref' => NULL,
  'rows' => 19,
  'filtered' => 100,
  'extra' => NULL,
) ]
[ sql ] [ EXPLAIN : array (
  'id' => 1,
  'select_type' => 'SIMPLE',
  'table' => 'k_headpic',
  'partitions' => NULL,
  'type' => 'ALL',
  'possible_keys' => NULL,
  'key' => NULL,
  'key_len' => NULL,
  'ref' => NULL,
  'rows' => 8,
  'filtered' => 100,
  'extra' => NULL,
) ]
[ sql ] [ EXPLAIN : array (
  'id' => 1,
  'select_type' => 'SIMPLE',
  'table' => NULL,
  'partitions' => NULL,
  'type' => NULL,
  'possible_keys' => NULL,
  'key' => NULL,
  'key_len' => NULL,
  'ref' => NULL,
  'rows' => NULL,
  'filtered' => NULL,
  'extra' => 'no matching row in const table',
) ]
[ sql ] [ EXPLAIN : array (
  'id' => 1,
  'select_type' => 'SIMPLE',
  'table' => 'k_sign',
  'partitions' => NULL,
  'type' => 'ALL',
  'possible_keys' => NULL,
  'key' => NULL,
  'key_len' => NULL,
  'ref' => NULL,
  'rows' => 10,
  'filtered' => 100,
  'extra' => NULL,
) ]

---------------------------------------------------------------
[ 2018-09-19T02:37:08+00:00 ] 127.0.0.1 127.0.0.1 GET /
[ log ] www.k.com/ [运行时间：0.039003s][吞吐率：25.64req/s] [内存消耗：198.36kb] [文件加载：11]
array (
  0 => 'D:\\wamp\\www\\websit2\\index.php',
  1 => 'D:\\wamp\\www\\websit2\\core\\Autoload.php',
  2 => 'D:\\wamp\\www\\websit2\\core\\Common.php',
  3 => 'D:\\wamp\\www\\websit2\\core\\Kite.php',
  4 => 'D:\\wamp\\www\\websit2\\core\\Route.php',
  5 => 'D:\\wamp\\www\\websit2\\Config.php',
  6 => 'D:\\wamp\\www\\websit2\\project\\home\\index.php',
  7 => 'D:\\wamp\\www\\websit2\\core\\Template.php',
  8 => 'D:\\wamp\\www\\websit2\\core\\Db.php',
  9 => 'D:\\wamp\\www\\websit2\\core\\Log.php',
  10 => 'D:\\wamp\\www\\websit2\\runtime\\cache\\6a992d5529f459a44fee58c733255e86.php',
)
[ sql ] [ EXPLAIN : array (
  'id' => 1,
  'select_type' => 'SIMPLE',
  'table' => 'k_netname',
  'partitions' => NULL,
  'type' => 'ALL',
  'possible_keys' => NULL,
  'key' => NULL,
  'key_len' => NULL,
  'ref' => NULL,
  'rows' => 19,
  'filtered' => 100,
  'extra' => NULL,
) ]
[ sql ] [ EXPLAIN : array (
  'id' => 1,
  'select_type' => 'SIMPLE',
  'table' => 'k_headpic',
  'partitions' => NULL,
  'type' => 'ALL',
  'possible_keys' => NULL,
  'key' => NULL,
  'key_len' => NULL,
  'ref' => NULL,
  'rows' => 8,
  'filtered' => 100,
  'extra' => NULL,
) ]
[ sql ] [ EXPLAIN : array (
  'id' => 1,
  'select_type' => 'SIMPLE',
  'table' => NULL,
  'partitions' => NULL,
  'type' => NULL,
  'possible_keys' => NULL,
  'key' => NULL,
  'key_len' => NULL,
  'ref' => NULL,
  'rows' => NULL,
  'filtered' => NULL,
  'extra' => 'no matching row in const table',
) ]
[ sql ] [ EXPLAIN : array (
  'id' => 1,
  'select_type' => 'SIMPLE',
  'table' => 'k_sign',
  'partitions' => NULL,
  'type' => 'ALL',
  'possible_keys' => NULL,
  'key' => NULL,
  'key_len' => NULL,
  'ref' => NULL,
  'rows' => 10,
  'filtered' => 100,
  'extra' => NULL,
) ]

---------------------------------------------------------------
[ 2018-09-19T02:37:18+00:00 ] 127.0.0.1 127.0.0.1 GET /
[ log ] www.k.com/ [运行时间：0.032002s][吞吐率：31.25req/s] [内存消耗：198.36kb] [文件加载：11]
array (
  0 => 'D:\\wamp\\www\\websit2\\index.php',
  1 => 'D:\\wamp\\www\\websit2\\core\\Autoload.php',
  2 => 'D:\\wamp\\www\\websit2\\core\\Common.php',
  3 => 'D:\\wamp\\www\\websit2\\core\\Kite.php',
  4 => 'D:\\wamp\\www\\websit2\\core\\Route.php',
  5 => 'D:\\wamp\\www\\websit2\\Config.php',
  6 => 'D:\\wamp\\www\\websit2\\project\\home\\index.php',
  7 => 'D:\\wamp\\www\\websit2\\core\\Template.php',
  8 => 'D:\\wamp\\www\\websit2\\core\\Db.php',
  9 => 'D:\\wamp\\www\\websit2\\core\\Log.php',
  10 => 'D:\\wamp\\www\\websit2\\runtime\\cache\\6a992d5529f459a44fee58c733255e86.php',
)
[ sql ] [ EXPLAIN : array (
  'id' => 1,
  'select_type' => 'SIMPLE',
  'table' => 'k_netname',
  'partitions' => NULL,
  'type' => 'ALL',
  'possible_keys' => NULL,
  'key' => NULL,
  'key_len' => NULL,
  'ref' => NULL,
  'rows' => 19,
  'filtered' => 100,
  'extra' => NULL,
) ]
[ sql ] [ EXPLAIN : array (
  'id' => 1,
  'select_type' => 'SIMPLE',
  'table' => 'k_headpic',
  'partitions' => NULL,
  'type' => 'ALL',
  'possible_keys' => NULL,
  'key' => NULL,
  'key_len' => NULL,
  'ref' => NULL,
  'rows' => 8,
  'filtered' => 100,
  'extra' => NULL,
) ]
[ sql ] [ EXPLAIN : array (
  'id' => 1,
  'select_type' => 'SIMPLE',
  'table' => NULL,
  'partitions' => NULL,
  'type' => NULL,
  'possible_keys' => NULL,
  'key' => NULL,
  'key_len' => NULL,
  'ref' => NULL,
  'rows' => NULL,
  'filtered' => NULL,
  'extra' => 'no matching row in const table',
) ]
[ sql ] [ EXPLAIN : array (
  'id' => 1,
  'select_type' => 'SIMPLE',
  'table' => 'k_sign',
  'partitions' => NULL,
  'type' => 'ALL',
  'possible_keys' => NULL,
  'key' => NULL,
  'key_len' => NULL,
  'ref' => NULL,
  'rows' => 10,
  'filtered' => 100,
  'extra' => NULL,
) ]

---------------------------------------------------------------
[ 2018-09-19T02:38:24+00:00 ] 127.0.0.1 127.0.0.1 GET /
[ log ] www.k.com/ [运行时间：0.033002s][吞吐率：30.30req/s] [内存消耗：208.34kb] [文件加载：11]
array (
  0 => 'D:\\wamp\\www\\websit2\\index.php',
  1 => 'D:\\wamp\\www\\websit2\\core\\Autoload.php',
  2 => 'D:\\wamp\\www\\websit2\\core\\Common.php',
  3 => 'D:\\wamp\\www\\websit2\\core\\Kite.php',
  4 => 'D:\\wamp\\www\\websit2\\core\\Route.php',
  5 => 'D:\\wamp\\www\\websit2\\Config.php',
  6 => 'D:\\wamp\\www\\websit2\\project\\home\\index.php',
  7 => 'D:\\wamp\\www\\websit2\\core\\Template.php',
  8 => 'D:\\wamp\\www\\websit2\\core\\Db.php',
  9 => 'D:\\wamp\\www\\websit2\\core\\Log.php',
  10 => 'D:\\wamp\\www\\websit2\\runtime\\cache\\6a992d5529f459a44fee58c733255e86.php',
)
[ sql ] [ EXPLAIN : array (
  'id' => 1,
  'select_type' => 'SIMPLE',
  'table' => 'k_netname',
  'partitions' => NULL,
  'type' => 'ALL',
  'possible_keys' => NULL,
  'key' => NULL,
  'key_len' => NULL,
  'ref' => NULL,
  'rows' => 19,
  'filtered' => 100,
  'extra' => NULL,
) ]
[ sql ] [ EXPLAIN : array (
  'id' => 1,
  'select_type' => 'SIMPLE',
  'table' => 'k_headpic',
  'partitions' => NULL,
  'type' => 'ALL',
  'possible_keys' => NULL,
  'key' => NULL,
  'key_len' => NULL,
  'ref' => NULL,
  'rows' => 8,
  'filtered' => 100,
  'extra' => NULL,
) ]
[ sql ] [ EXPLAIN : array (
  'id' => 1,
  'select_type' => 'SIMPLE',
  'table' => NULL,
  'partitions' => NULL,
  'type' => NULL,
  'possible_keys' => NULL,
  'key' => NULL,
  'key_len' => NULL,
  'ref' => NULL,
  'rows' => NULL,
  'filtered' => NULL,
  'extra' => 'no matching row in const table',
) ]
[ sql ] [ EXPLAIN : array (
  'id' => 1,
  'select_type' => 'SIMPLE',
  'table' => 'k_sign',
  'partitions' => NULL,
  'type' => 'ALL',
  'possible_keys' => NULL,
  'key' => NULL,
  'key_len' => NULL,
  'ref' => NULL,
  'rows' => 10,
  'filtered' => 100,
  'extra' => NULL,
) ]

---------------------------------------------------------------
[ 2018-09-19T02:41:32+00:00 ] 127.0.0.1 127.0.0.1 GET /touxiang/
[ log ] www.k.com/touxiang/ [运行时间：0.007000s][吞吐率：142.86req/s] [内存消耗：187.52kb] [文件加载：11]
array (
  0 => 'D:\\wamp\\www\\websit2\\index.php',
  1 => 'D:\\wamp\\www\\websit2\\core\\Autoload.php',
  2 => 'D:\\wamp\\www\\websit2\\core\\Common.php',
  3 => 'D:\\wamp\\www\\websit2\\core\\Kite.php',
  4 => 'D:\\wamp\\www\\websit2\\core\\Route.php',
  5 => 'D:\\wamp\\www\\websit2\\Config.php',
  6 => 'D:\\wamp\\www\\websit2\\project\\touxiang\\index.php',
  7 => 'D:\\wamp\\www\\websit2\\core\\Template.php',
  8 => 'D:\\wamp\\www\\websit2\\core\\Db.php',
  9 => 'D:\\wamp\\www\\websit2\\core\\Log.php',
  10 => 'D:\\wamp\\www\\websit2\\runtime\\cache\\6a992d5529f459a44fee58c733255e86.php',
)
[ sql ] [ EXPLAIN : array (
  'id' => 1,
  'select_type' => 'SIMPLE',
  'table' => 'k_headpic',
  'partitions' => NULL,
  'type' => 'ALL',
  'possible_keys' => NULL,
  'key' => NULL,
  'key_len' => NULL,
  'ref' => NULL,
  'rows' => 8,
  'filtered' => 100,
  'extra' => NULL,
) ]

---------------------------------------------------------------
[ 2018-09-19T02:41:32+00:00 ] 127.0.0.1 127.0.0.1 GET /uploads/headpic/0789e992cb0356004b0c1261bd6099c5.jpeg
[ log ] www.k.com/uploads/headpic/0789e992cb0356004b0c1261bd6099c5.jpeg [运行时间：0.004000s][吞吐率：250.00req/s] [内存消耗：117.14kb] [文件加载：10]
array (
  0 => 'D:\\wamp\\www\\websit2\\index.php',
  1 => 'D:\\wamp\\www\\websit2\\core\\Autoload.php',
  2 => 'D:\\wamp\\www\\websit2\\core\\Common.php',
  3 => 'D:\\wamp\\www\\websit2\\core\\Kite.php',
  4 => 'D:\\wamp\\www\\websit2\\core\\Route.php',
  5 => 'D:\\wamp\\www\\websit2\\Config.php',
  6 => 'D:\\wamp\\www\\websit2\\project\\home\\error.php',
  7 => 'D:\\wamp\\www\\websit2\\core\\Template.php',
  8 => 'D:\\wamp\\www\\websit2\\runtime\\cache\\cb5e100e5a9a3e7f6d1fd97512215282.php',
  9 => 'D:\\wamp\\www\\websit2\\core\\Log.php',
)

---------------------------------------------------------------
[ 2018-09-19T02:41:34+00:00 ] 127.0.0.1 127.0.0.1 GET /touxiang/
[ log ] www.k.com/touxiang/ [运行时间：0.015001s][吞吐率：66.66req/s] [内存消耗：187.51kb] [文件加载：11]
array (
  0 => 'D:\\wamp\\www\\websit2\\index.php',
  1 => 'D:\\wamp\\www\\websit2\\core\\Autoload.php',
  2 => 'D:\\wamp\\www\\websit2\\core\\Common.php',
  3 => 'D:\\wamp\\www\\websit2\\core\\Kite.php',
  4 => 'D:\\wamp\\www\\websit2\\core\\Route.php',
  5 => 'D:\\wamp\\www\\websit2\\Config.php',
  6 => 'D:\\wamp\\www\\websit2\\project\\touxiang\\index.php',
  7 => 'D:\\wamp\\www\\websit2\\core\\Template.php',
  8 => 'D:\\wamp\\www\\websit2\\core\\Db.php',
  9 => 'D:\\wamp\\www\\websit2\\core\\Log.php',
  10 => 'D:\\wamp\\www\\websit2\\runtime\\cache\\6a992d5529f459a44fee58c733255e86.php',
)
[ sql ] [ EXPLAIN : array (
  'id' => 1,
  'select_type' => 'SIMPLE',
  'table' => 'k_headpic',
  'partitions' => NULL,
  'type' => 'ALL',
  'possible_keys' => NULL,
  'key' => NULL,
  'key_len' => NULL,
  'ref' => NULL,
  'rows' => 8,
  'filtered' => 100,
  'extra' => NULL,
) ]

---------------------------------------------------------------
[ 2018-09-19T02:41:34+00:00 ] 127.0.0.1 127.0.0.1 GET /uploads/headpic/0789e992cb0356004b0c1261bd6099c5.jpeg
[ log ] www.k.com/uploads/headpic/0789e992cb0356004b0c1261bd6099c5.jpeg [运行时间：0.003000s][吞吐率：333.33req/s] [内存消耗：117.14kb] [文件加载：10]
array (
  0 => 'D:\\wamp\\www\\websit2\\index.php',
  1 => 'D:\\wamp\\www\\websit2\\core\\Autoload.php',
  2 => 'D:\\wamp\\www\\websit2\\core\\Common.php',
  3 => 'D:\\wamp\\www\\websit2\\core\\Kite.php',
  4 => 'D:\\wamp\\www\\websit2\\core\\Route.php',
  5 => 'D:\\wamp\\www\\websit2\\Config.php',
  6 => 'D:\\wamp\\www\\websit2\\project\\home\\error.php',
  7 => 'D:\\wamp\\www\\websit2\\core\\Template.php',
  8 => 'D:\\wamp\\www\\websit2\\runtime\\cache\\cb5e100e5a9a3e7f6d1fd97512215282.php',
  9 => 'D:\\wamp\\www\\websit2\\core\\Log.php',
)

---------------------------------------------------------------
[ 2018-09-19T02:41:34+00:00 ] 127.0.0.1 127.0.0.1 GET /touxiang/
[ log ] www.k.com/touxiang/ [运行时间：0.015001s][吞吐率：66.66req/s] [内存消耗：187.51kb] [文件加载：11]
array (
  0 => 'D:\\wamp\\www\\websit2\\index.php',
  1 => 'D:\\wamp\\www\\websit2\\core\\Autoload.php',
  2 => 'D:\\wamp\\www\\websit2\\core\\Common.php',
  3 => 'D:\\wamp\\www\\websit2\\core\\Kite.php',
  4 => 'D:\\wamp\\www\\websit2\\core\\Route.php',
  5 => 'D:\\wamp\\www\\websit2\\Config.php',
  6 => 'D:\\wamp\\www\\websit2\\project\\touxiang\\index.php',
  7 => 'D:\\wamp\\www\\websit2\\core\\Template.php',
  8 => 'D:\\wamp\\www\\websit2\\core\\Db.php',
  9 => 'D:\\wamp\\www\\websit2\\core\\Log.php',
  10 => 'D:\\wamp\\www\\websit2\\runtime\\cache\\6a992d5529f459a44fee58c733255e86.php',
)
[ sql ] [ EXPLAIN : array (
  'id' => 1,
  'select_type' => 'SIMPLE',
  'table' => 'k_headpic',
  'partitions' => NULL,
  'type' => 'ALL',
  'possible_keys' => NULL,
  'key' => NULL,
  'key_len' => NULL,
  'ref' => NULL,
  'rows' => 8,
  'filtered' => 100,
  'extra' => NULL,
) ]

---------------------------------------------------------------
[ 2018-09-19T02:41:35+00:00 ] 127.0.0.1 127.0.0.1 GET /uploads/headpic/0789e992cb0356004b0c1261bd6099c5.jpeg
[ log ] www.k.com/uploads/headpic/0789e992cb0356004b0c1261bd6099c5.jpeg [运行时间：0.004000s][吞吐率：249.99req/s] [内存消耗：117.14kb] [文件加载：10]
array (
  0 => 'D:\\wamp\\www\\websit2\\index.php',
  1 => 'D:\\wamp\\www\\websit2\\core\\Autoload.php',
  2 => 'D:\\wamp\\www\\websit2\\core\\Common.php',
  3 => 'D:\\wamp\\www\\websit2\\core\\Kite.php',
  4 => 'D:\\wamp\\www\\websit2\\core\\Route.php',
  5 => 'D:\\wamp\\www\\websit2\\Config.php',
  6 => 'D:\\wamp\\www\\websit2\\project\\home\\error.php',
  7 => 'D:\\wamp\\www\\websit2\\core\\Template.php',
  8 => 'D:\\wamp\\www\\websit2\\runtime\\cache\\cb5e100e5a9a3e7f6d1fd97512215282.php',
  9 => 'D:\\wamp\\www\\websit2\\core\\Log.php',
)

---------------------------------------------------------------
[ 2018-09-19T02:41:55+00:00 ] 127.0.0.1 127.0.0.1 GET /
[ log ] www.k.com/ [运行时间：0.037002s][吞吐率：27.03req/s] [内存消耗：196.90kb] [文件加载：11]
array (
  0 => 'D:\\wamp\\www\\websit2\\index.php',
  1 => 'D:\\wamp\\www\\websit2\\core\\Autoload.php',
  2 => 'D:\\wamp\\www\\websit2\\core\\Common.php',
  3 => 'D:\\wamp\\www\\websit2\\core\\Kite.php',
  4 => 'D:\\wamp\\www\\websit2\\core\\Route.php',
  5 => 'D:\\wamp\\www\\websit2\\Config.php',
  6 => 'D:\\wamp\\www\\websit2\\project\\home\\index.php',
  7 => 'D:\\wamp\\www\\websit2\\core\\Template.php',
  8 => 'D:\\wamp\\www\\websit2\\core\\Db.php',
  9 => 'D:\\wamp\\www\\websit2\\core\\Log.php',
  10 => 'D:\\wamp\\www\\websit2\\runtime\\cache\\6a992d5529f459a44fee58c733255e86.php',
)
[ sql ] [ EXPLAIN : array (
  'id' => 1,
  'select_type' => 'SIMPLE',
  'table' => 'k_netname',
  'partitions' => NULL,
  'type' => 'ALL',
  'possible_keys' => NULL,
  'key' => NULL,
  'key_len' => NULL,
  'ref' => NULL,
  'rows' => 19,
  'filtered' => 100,
  'extra' => NULL,
) ]
[ sql ] [ EXPLAIN : array (
  'id' => 1,
  'select_type' => 'SIMPLE',
  'table' => 'k_headpic',
  'partitions' => NULL,
  'type' => 'ALL',
  'possible_keys' => NULL,
  'key' => NULL,
  'key_len' => NULL,
  'ref' => NULL,
  'rows' => 8,
  'filtered' => 100,
  'extra' => NULL,
) ]
[ sql ] [ EXPLAIN : array (
  'id' => 1,
  'select_type' => 'SIMPLE',
  'table' => NULL,
  'partitions' => NULL,
  'type' => NULL,
  'possible_keys' => NULL,
  'key' => NULL,
  'key_len' => NULL,
  'ref' => NULL,
  'rows' => NULL,
  'filtered' => NULL,
  'extra' => 'no matching row in const table',
) ]
[ sql ] [ EXPLAIN : array (
  'id' => 1,
  'select_type' => 'SIMPLE',
  'table' => 'k_sign',
  'partitions' => NULL,
  'type' => 'ALL',
  'possible_keys' => NULL,
  'key' => NULL,
  'key_len' => NULL,
  'ref' => NULL,
  'rows' => 10,
  'filtered' => 100,
  'extra' => NULL,
) ]

---------------------------------------------------------------
[ 2018-09-19T02:41:56+00:00 ] 127.0.0.1 127.0.0.1 GET /touxiang/
[ log ] www.k.com/touxiang/ [运行时间：0.039002s][吞吐率：25.64req/s] [内存消耗：187.53kb] [文件加载：11]
array (
  0 => 'D:\\wamp\\www\\websit2\\index.php',
  1 => 'D:\\wamp\\www\\websit2\\core\\Autoload.php',
  2 => 'D:\\wamp\\www\\websit2\\core\\Common.php',
  3 => 'D:\\wamp\\www\\websit2\\core\\Kite.php',
  4 => 'D:\\wamp\\www\\websit2\\core\\Route.php',
  5 => 'D:\\wamp\\www\\websit2\\Config.php',
  6 => 'D:\\wamp\\www\\websit2\\project\\touxiang\\index.php',
  7 => 'D:\\wamp\\www\\websit2\\core\\Template.php',
  8 => 'D:\\wamp\\www\\websit2\\core\\Db.php',
  9 => 'D:\\wamp\\www\\websit2\\core\\Log.php',
  10 => 'D:\\wamp\\www\\websit2\\runtime\\cache\\6a992d5529f459a44fee58c733255e86.php',
)
[ sql ] [ EXPLAIN : array (
  'id' => 1,
  'select_type' => 'SIMPLE',
  'table' => 'k_headpic',
  'partitions' => NULL,
  'type' => 'ALL',
  'possible_keys' => NULL,
  'key' => NULL,
  'key_len' => NULL,
  'ref' => NULL,
  'rows' => 8,
  'filtered' => 100,
  'extra' => NULL,
) ]

---------------------------------------------------------------
[ 2018-09-19T02:56:43+00:00 ] 127.0.0.1 127.0.0.1 GET /
[ log ] www.k.com/ [运行时间：0.017001s][吞吐率：58.82req/s] [内存消耗：198.60kb] [文件加载：12]
array (
  0 => 'D:\\wamp\\www\\websit2\\index.php',
  1 => 'D:\\wamp\\www\\websit2\\core\\Autoload.php',
  2 => 'D:\\wamp\\www\\websit2\\core\\Common.php',
  3 => 'D:\\wamp\\www\\websit2\\core\\Kite.php',
  4 => 'D:\\wamp\\www\\websit2\\core\\Route.php',
  5 => 'D:\\wamp\\www\\websit2\\Config.php',
  6 => 'D:\\wamp\\www\\websit2\\project\\home\\index.php',
  7 => 'D:\\wamp\\www\\websit2\\core\\Template.php',
  8 => 'D:\\wamp\\www\\websit2\\core\\tpcl\\ComFun\\ComFun.php',
  9 => 'D:\\wamp\\www\\websit2\\core\\Db.php',
  10 => 'D:\\wamp\\www\\websit2\\core\\Log.php',
  11 => 'D:\\wamp\\www\\websit2\\runtime\\cache\\6a992d5529f459a44fee58c733255e86.php',
)
[ sql ] [ EXPLAIN : array (
  'id' => 1,
  'select_type' => 'SIMPLE',
  'table' => 'k_netname',
  'partitions' => NULL,
  'type' => 'ALL',
  'possible_keys' => NULL,
  'key' => NULL,
  'key_len' => NULL,
  'ref' => NULL,
  'rows' => 19,
  'filtered' => 100,
  'extra' => NULL,
) ]
[ sql ] [ EXPLAIN : array (
  'id' => 1,
  'select_type' => 'SIMPLE',
  'table' => 'k_headpic',
  'partitions' => NULL,
  'type' => 'ALL',
  'possible_keys' => NULL,
  'key' => NULL,
  'key_len' => NULL,
  'ref' => NULL,
  'rows' => 8,
  'filtered' => 100,
  'extra' => NULL,
) ]
[ sql ] [ EXPLAIN : array (
  'id' => 1,
  'select_type' => 'SIMPLE',
  'table' => NULL,
  'partitions' => NULL,
  'type' => NULL,
  'possible_keys' => NULL,
  'key' => NULL,
  'key_len' => NULL,
  'ref' => NULL,
  'rows' => NULL,
  'filtered' => NULL,
  'extra' => 'no matching row in const table',
) ]
[ sql ] [ EXPLAIN : array (
  'id' => 1,
  'select_type' => 'SIMPLE',
  'table' => 'k_sign',
  'partitions' => NULL,
  'type' => 'ALL',
  'possible_keys' => NULL,
  'key' => NULL,
  'key_len' => NULL,
  'ref' => NULL,
  'rows' => 10,
  'filtered' => 100,
  'extra' => NULL,
) ]

---------------------------------------------------------------
[ 2018-09-19T02:56:45+00:00 ] 127.0.0.1 127.0.0.1 GET /
[ log ] www.k.com/ [运行时间：0.038002s][吞吐率：26.31req/s] [内存消耗：198.59kb] [文件加载：12]
array (
  0 => 'D:\\wamp\\www\\websit2\\index.php',
  1 => 'D:\\wamp\\www\\websit2\\core\\Autoload.php',
  2 => 'D:\\wamp\\www\\websit2\\core\\Common.php',
  3 => 'D:\\wamp\\www\\websit2\\core\\Kite.php',
  4 => 'D:\\wamp\\www\\websit2\\core\\Route.php',
  5 => 'D:\\wamp\\www\\websit2\\Config.php',
  6 => 'D:\\wamp\\www\\websit2\\project\\home\\index.php',
  7 => 'D:\\wamp\\www\\websit2\\core\\Template.php',
  8 => 'D:\\wamp\\www\\websit2\\core\\tpcl\\ComFun\\ComFun.php',
  9 => 'D:\\wamp\\www\\websit2\\core\\Db.php',
  10 => 'D:\\wamp\\www\\websit2\\core\\Log.php',
  11 => 'D:\\wamp\\www\\websit2\\runtime\\cache\\6a992d5529f459a44fee58c733255e86.php',
)
[ sql ] [ EXPLAIN : array (
  'id' => 1,
  'select_type' => 'SIMPLE',
  'table' => 'k_netname',
  'partitions' => NULL,
  'type' => 'ALL',
  'possible_keys' => NULL,
  'key' => NULL,
  'key_len' => NULL,
  'ref' => NULL,
  'rows' => 19,
  'filtered' => 100,
  'extra' => NULL,
) ]
[ sql ] [ EXPLAIN : array (
  'id' => 1,
  'select_type' => 'SIMPLE',
  'table' => 'k_headpic',
  'partitions' => NULL,
  'type' => 'ALL',
  'possible_keys' => NULL,
  'key' => NULL,
  'key_len' => NULL,
  'ref' => NULL,
  'rows' => 8,
  'filtered' => 100,
  'extra' => NULL,
) ]
[ sql ] [ EXPLAIN : array (
  'id' => 1,
  'select_type' => 'SIMPLE',
  'table' => NULL,
  'partitions' => NULL,
  'type' => NULL,
  'possible_keys' => NULL,
  'key' => NULL,
  'key_len' => NULL,
  'ref' => NULL,
  'rows' => NULL,
  'filtered' => NULL,
  'extra' => 'no matching row in const table',
) ]
[ sql ] [ EXPLAIN : array (
  'id' => 1,
  'select_type' => 'SIMPLE',
  'table' => 'k_sign',
  'partitions' => NULL,
  'type' => 'ALL',
  'possible_keys' => NULL,
  'key' => NULL,
  'key_len' => NULL,
  'ref' => NULL,
  'rows' => 10,
  'filtered' => 100,
  'extra' => NULL,
) ]

---------------------------------------------------------------
